Build started 12/2/2012 1:38:40 PM.
     1>Project "C:\SourceSDK.Source_Code\BFA_NEW\BFA_DC\C++ Code\game\server\server_episodic-2005.vcxproj" on node 3 (rebuild target(s)).
     1>InitializeBuildStatus:
         Touching ".\Debug_episodic\Server Episodic.unsuccessfulbuild".
       ClCompile:
         c:\Program Files (x86)\Microsoft Visual Studio 10.0\VC\bin\CL.exe /c /I..\..\common /I..\..\public /I..\..\public\tier0 /I..\..\public\tier1 /I.\ /I..\..\game\shared /I..\..\utils\common /I..\..\game\shared\hl2 /I..\..\game\shared\episodic /I.\hl2 /I.\episodic /ZI /nologo /W4 /WX- /Od /Oy- /D WIN32 /D _WIN32 /D _DEBUG /D DEBUG /D _WINDOWS /D _USRDLL /D _CRT_SECURE_NO_DEPRECATE /D _CRT_NONSTDC_NO_DEPRECATE /D GAME_DLL /D VECTOR /D VERSION_SAFE_STEAM_API_INTERFACES /D PROTECTED_THINGS_ENABLE /D fopen=dont_use_fopen /D sprintf=use_Q_snprintf_instead_of_sprintf /D strncpy=use_Q_strncpy_instead /D _snprintf=use_Q_snprintf_instead /D HL2_DLL /D HL2_EPISODIC /D SP_SDK /D USES_SAVERESTORE /D _WINDLL /D _MBCS /GF /Gm /RTC1 /MTd /GS- /fp:fast /Zc:wchar_t /Zc:forScope /GR /Yc"cbase.h" /Fp".\Debug_episodic\Server Episodic.pch" /Fo".\Debug_episodic\\" /Fd".\Debug_episodic\vc100.pdb" /Gd /TP /analyze- /errorReport:prompt stdafx.cpp
         stdafx.cpp
         c:\Program Files (x86)\Microsoft Visual Studio 10.0\VC\bin\CL.exe /c /I..\..\common /I..\..\public /I..\..\public\tier0 /I..\..\public\tier1 /I.\ /I..\..\game\shared /I..\..\utils\common /I..\..\game\shared\hl2 /I..\..\game\shared\episodic /I.\hl2 /I.\episodic /ZI /nologo /W4 /WX- /Od /Oy- /D WIN32 /D _WIN32 /D _DEBUG /D DEBUG /D _WINDOWS /D _USRDLL /D _CRT_SECURE_NO_DEPRECATE /D _CRT_NONSTDC_NO_DEPRECATE /D GAME_DLL /D VECTOR /D VERSION_SAFE_STEAM_API_INTERFACES /D PROTECTED_THINGS_ENABLE /D fopen=dont_use_fopen /D sprintf=use_Q_snprintf_instead_of_sprintf /D strncpy=use_Q_strncpy_instead /D _snprintf=use_Q_snprintf_instead /D HL2_DLL /D HL2_EPISODIC /D SP_SDK /D USES_SAVERESTORE /D _WINDLL /D _MBCS /GF /Gm /RTC1 /MTd /GS- /fp:fast /Zc:wchar_t /Zc:forScope /GR /Yu"cbase.h" /Fp".\Debug_episodic\Server Episodic.pch" /Fo".\Debug_episodic\\" /Fd".\Debug_episodic\vc100.pdb" /Gd /TP /analyze- /errorReport:prompt ..\shared\achievement_saverestore.cpp ..\shared\achievementmgr.cpp ..\shared\achievements_hlx.cpp ..\shared\activitylist.cpp ai_activity.cpp ai_baseactor.cpp ai_basehumanoid.cpp ai_basenpc.cpp ai_basenpc_flyer.cpp ai_basenpc_flyer_new.cpp ai_basenpc_movement.cpp ai_basenpc_physicsflyer.cpp ai_basenpc_schedule.cpp ai_basenpc_squad.cpp ai_behavior.cpp ai_behavior_assault.cpp ai_behavior_fear.cpp ai_behavior_follow.cpp ai_behavior_lead.cpp ai_behavior_rappel.cpp ai_behavior_standoff.cpp ai_blended_movement.cpp ai_concommands.cpp ai_condition.cpp AI_Criteria.cpp ai_default.cpp ai_dynamiclink.cpp ai_event.cpp ai_eventresponse.cpp ai_goalentity.cpp ai_hint.cpp ai_hull.cpp ai_initutils.cpp AI_Interest_Target.cpp ai_link.cpp ai_localnavigator.cpp ai_looktarget.cpp ai_memory.cpp ai_motor.cpp ai_moveprobe.cpp ai_moveshoot.cpp ai_movesolver.cpp ai_namespaces.cpp ai_navigator.cpp ai_network.cpp ai_networkmanager.cpp ai_node.cpp ai_pathfinder.cpp ai_planesolver.cpp ai_playerally.cpp ai_relationship.cpp AI_ResponseSystem.cpp ai_route.cpp ai_saverestore.cpp ai_schedule.cpp ai_scriptconditions.cpp ai_senses.cpp ai_sentence.cpp ai_speech.cpp ai_speechfilter.cpp ai_squad.cpp ai_squadslot.cpp ai_tacticalservices.cpp ai_task.cpp ai_trackpather.cpp ai_utils.cpp ai_waypoint.cpp ..\shared\ammodef.cpp ..\shared\animation.cpp base_gameinterface.cpp ..\shared\base_playeranimstate.cpp base_transmit_proxy.cpp ..\shared\baseachievement.cpp baseanimating.cpp BaseAnimatingOverlay.cpp basecombatcharacter.cpp ..\shared\basecombatcharacter_shared.cpp basecombatweapon.cpp ..\shared\basecombatweapon_shared.cpp baseentity.cpp ..\shared\baseentity_shared.cpp baseflex.cpp basegrenade_concussion.cpp basegrenade_contact.cpp ..\shared\basegrenade_shared.cpp basegrenade_timed.cpp basemultiplayerplayer.cpp ..\shared\baseparticleentity.cpp ..\shared\baseplayer_shared.cpp baseviewmodel.cpp ..\shared\baseviewmodel_shared.cpp ..\shared\beam_shared.cpp bitstring.cpp bmodels.cpp buttons.cpp cbase.cpp client.cpp ..\shared\collisionproperty.cpp colorcorrection.cpp colorcorrectionvolume.cpp CommentarySystem.cpp controlentities.cpp cplane.cpp CRagdollMagnet.cpp damagemodifier.cpp ..\shared\death_pose.cpp ..\shared\debugoverlay_shared.cpp ..\shared\decals.cpp doors.cpp dynamiclight.cpp ..\shared\effect_dispatch_data.cpp effects.cpp EffectsServer.cpp ..\shared\ehandle.cpp entityblocker.cpp EntityDissolve.cpp EntityFlame.cpp entitylist.cpp ..\shared\entitylist_base.cpp EntityParticleTrail.cpp ..\shared\EntityParticleTrail_Shared.cpp env_debughistory.cpp ..\shared\env_detail_controller.cpp env_effectsscript.cpp env_entity_maker.cpp env_particlescript.cpp env_player_surface_trigger.cpp env_projectedtexture.cpp env_screenoverlay.cpp env_texturetoggle.cpp env_tonemap_controller.cpp ..\shared\env_wind_shared.cpp env_zoom.cpp EnvBeam.cpp EnvFade.cpp EnvHudHint.cpp EnvLaser.cpp EnvMessage.cpp envmicrophone.cpp EnvShake.cpp EnvSpark.cpp ..\shared\eventlist.cpp EventLog.cpp explode.cpp filters.cpp fire.cpp fire_smoke.cpp fish.cpp fogcontroller.cpp fourwheelvehiclephysics.cpp func_areaportal.cpp func_areaportalbase.cpp func_areaportalwindow.cpp func_break.cpp func_breakablesurf.cpp func_dust.cpp ..\shared\func_ladder.cpp func_ladder_endpoint.cpp func_lod.cpp func_movelinear.cpp func_occluder.cpp func_reflective_glass.cpp func_smokevolume.cpp game.cpp game_ui.cpp gameinterface.cpp ..\shared\gamemovement.cpp ..\shared\gamerules.cpp ..\shared\gamerules_register.cpp ..\shared\GameStats.cpp ..\shared\gamestringpool.cpp gametrace_dll.cpp ..\shared\gamevars_shared.cpp gameweaponmanager.cpp genericactor.cpp genericmonster.cpp gib.cpp globals.cpp globalstate.cpp grenadethrown.cpp guntarget.cpp h_ai.cpp h_cycler.cpp hierarchy.cpp ..\shared\hintmessage.cpp ..\shared\hintsystem.cpp hltvdirector.cpp ..\shared\igamesystem.cpp info_camera_link.cpp info_overlay_accessor.cpp intermission.cpp item_world.cpp lightglow.cpp lights.cpp logic_achievement.cpp logic_measure_movement.cpp logic_navigation.cpp logicauto.cpp logicentities.cpp logicrelay.cpp mapentities.cpp ..\shared\mapentities_shared.cpp maprules.cpp MaterialModifyControl.cpp message_entity.cpp modelentities.cpp ..\shared\ModelSoundsCache.cpp monstermaker.cpp movehelper_server.cpp movement.cpp ..\shared\movevars_shared.cpp ..\shared\mp_shareddefs.cpp ..\shared\multiplay_gamerules.cpp nav_area.cpp nav_colors.cpp nav_edit.cpp nav_file.cpp nav_generate.cpp nav_ladder.cpp nav_mesh.cpp nav_node.cpp ndebugoverlay.cpp npc_vehicledriver.cpp ..\shared\obstacle_pushaway.cpp particle_light.cpp ..\shared\particle_parse.cpp particle_system.cpp ..\shared\particlesystemquery.cpp pathcorner.cpp pathtrack.cpp phys_controller.cpp physconstraint.cpp physics.cpp physics_bone_follower.cpp physics_cannister.cpp physics_fx.cpp physics_impact_damage.cpp physics_main.cpp ..\shared\physics_main_shared.cpp physics_npc_solver.cpp physics_prop_ragdoll.cpp ..\shared\physics_saverestore.cpp ..\shared\physics_shared.cpp physobj.cpp player.cpp player_command.cpp player_lagcompensation.cpp player_pickup.cpp player_resource.cpp playerinfomanager.cpp playerlocaldata.cpp plugin_check.cpp ..\shared\point_bonusmaps_accessor.cpp point_camera.cpp point_devshot_camera.cpp point_playermoveconstraint.cpp ..\shared\point_posecontroller.cpp point_spotlight.cpp point_template.cpp pointanglesensor.cpp PointAngularVelocitySensor.cpp pointhurt.cpp pointteleport.cpp ..\shared\precache_register.cpp ..\shared\predictableid.cpp props.cpp ..\shared\props_shared.cpp ragdoll_manager.cpp ..\shared\ragdoll_shared.cpp RagdollBoogie.cpp recipientfilter.cpp rope.cpp ..\shared\rope_helpers.cpp ..\shared\saverestore.cpp saverestore_gamedll.cpp ..\shared\SceneCache.cpp sceneentity.cpp ..\shared\sceneentity_shared.cpp scratchpad_gamedll_helpers.cpp scripted.cpp scriptedtarget.cpp sendproxy.cpp ..\shared\sequence_Transitioner.cpp serverbenchmark_base.cpp ServerNetworkProperty.cpp shadowcontrol.cpp ..\shared\simtimer.cpp ..\shared\singleplay_gamerules.cpp SkyCamera.cpp slideshow_display.cpp sound.cpp ..\shared\SoundEmitterSystem.cpp soundent.cpp ..\shared\soundenvelope.cpp ..\..\public\SoundParametersInternal.cpp soundscape.cpp soundscape_system.cpp spotlightend.cpp ..\shared\Sprite.cpp sprite_perfmonitor.cpp ..\shared\studio_shared.cpp subs.cpp sun.cpp ..\shared\hl2\survival_gamerules.cpp ..\shared\takedamageinfo.cpp tanktrain.cpp team.cpp team_spawnpoint.cpp ..\shared\teamplay_gamerules.cpp TemplateEntities.cpp tempmonster.cpp tesla.cpp ..\shared\test_ehandle.cpp test_proxytoggle.cpp test_stressentities.cpp testfunctions.cpp testtraceline.cpp textstatsmgr.cpp timedeventmgr.cpp trains.cpp triggers.cpp ..\shared\usercmd.cpp util.cpp ..\shared\util_shared.cpp variant_t.cpp vehicle_base.cpp vehicle_baseserver.cpp vehicle_choreo_generic.cpp ..\shared\vehicle_viewblend_shared.cpp vguiscreen.cpp ..\shared\voice_gamemgr.cpp waterbullet.cpp WaterLODControl.cpp wcedit.cpp ..\shared\weapon_parse.cpp ..\shared\weapon_parse_default.cpp ..\shared\weapon_proficiency.cpp weight_button.cpp world.cpp basetempentity.cpp event_tempentity_tester.cpp movie_explosion.cpp particle_fire.cpp particle_smokegrenade.cpp plasma.cpp smoke_trail.cpp smokestack.cpp ..\shared\SpriteTrail.cpp steamjet.cpp te.cpp te_armorricochet.cpp te_basebeam.cpp te_beamentpoint.cpp te_beaments.cpp te_beamfollow.cpp te_beamlaser.cpp te_beampoints.cpp te_beamring.cpp te_beamringpoint.cpp te_beamspline.cpp te_bloodsprite.cpp te_bloodstream.cpp te_breakmodel.cpp te_bspdecal.cpp te_bubbles.cpp te_bubbletrail.cpp te_clientprojectile.cpp te_decal.cpp te_dynamiclight.cpp te_effect_dispatch.cpp te_energysplash.cpp te_explosion.cpp te_fizz.cpp te_footprintdecal.cpp hl2\te_gaussexplosion.cpp te_glassshatter.cpp te_glowsprite.cpp te_impact.cpp te_killplayerattachments.cpp te_largefunnel.cpp te_muzzleflash.cpp te_particlesystem.cpp te_physicsprop.cpp te_playerdecal.cpp te_projecteddecal.cpp te_showline.cpp te_smoke.cpp te_sparks.cpp te_sprite.cpp te_spritespray.cpp te_worlddecal.cpp ..\shared\usermessages.cpp hl2\ai_allymanager.cpp hl2\ai_behavior_actbusy.cpp episodic\ai_behavior_alyx_injured.cpp hl2\ai_behavior_functank.cpp hl2\ai_behavior_holster.cpp hl2\ai_behavior_operator.cpp ai_behavior_passenger.cpp episodic\ai_behavior_passenger_companion.cpp episodic\ai_behavior_passenger_zombie.cpp hl2\ai_behavior_police.cpp hl2\ai_goal_police.cpp hl2\ai_spotlight.cpp hl2\antlion_dust.cpp hl2\antlion_maker.cpp hl2\ar2_explosion.cpp basebludgeonweapon.cpp hl2\basehlcombatweapon.cpp ..\shared\hl2\basehlcombatweapon_shared.cpp hl2\cbasehelicopter.cpp hl2\cbasespriteprojectile.cpp hl2\citadel_effects.cpp hl2\combine_mine.cpp hl2\env_alyxemp.cpp hl2\env_headcrabcanister.cpp ..\shared\hl2\env_headcrabcanister_shared.cpp hl2\env_speaker.cpp hl2\env_starfield.cpp hl2\func_bulletshield.cpp hl2\Func_Monitor.cpp hl2\func_recharge.cpp hl2\func_tank.cpp hl2\grenade_ar2.cpp hl2\grenade_bugbait.cpp hl2\grenade_frag.cpp hl2\grenade_spit.cpp hl2\hl2_ai_network.cpp hl2\hl2_client.cpp hl2\hl2_eventlog.cpp ..\shared\hl2\hl2_gamerules.cpp hl2\hl2_player.cpp hl2\hl2_playerlocaldata.cpp hl2\hl2_triggers.cpp ..\shared\hl2\hl2_usermessages.cpp ..\shared\hl2\hl_gamemovement.cpp hl2\hl_playermove.cpp hl2\info_darknessmode_lightsource.cpp hl2\info_teleporter_countdown.cpp hl2\item_ammo.cpp hl2\item_battery.cpp hl2\item_dynamic_resupply.cpp hl2\item_healthkit.cpp hl2\item_itemcrate.cpp hl2\item_suit.cpp hl2\look_door.cpp hl2\monster_dummy.cpp episodic\npc_advisor.cpp hl2\npc_alyx_episodic.cpp hl2\npc_antlion.cpp hl2\npc_antliongrub.cpp hl2\npc_antlionguard.cpp hl2\npc_apcdriver.cpp hl2\npc_attackchopper.cpp hl2\npc_barnacle.cpp hl2\npc_barney.cpp hl2\npc_basescanner.cpp hl2\npc_BaseZombie.cpp hl2\npc_breen.cpp hl2\npc_bullseye.cpp hl2\npc_citizen17.cpp hl2\npc_combine.cpp episodic\npc_combine_cannon.cpp hl2\npc_combinecamera.cpp hl2\npc_combinedropship.cpp hl2\npc_combinegunship.cpp hl2\npc_combines.cpp hl2\npc_cranedriver.cpp hl2\npc_crow.cpp hl2\npc_dog.cpp hl2\npc_eli.cpp hl2\npc_enemyfinder.cpp hl2\npc_fastzombie.cpp hl2\npc_fisherman.cpp hl2\npc_gman.cpp hl2\npc_headcrab.cpp episodic\npc_hunter.cpp hl2\npc_ichthyosaur.cpp hl2\npc_kleiner.cpp hl2\npc_launcher.cpp episodic\npc_magnusson.cpp hl2\npc_manhack.cpp hl2\npc_metropolice.cpp hl2\npc_monk.cpp hl2\npc_mossman.cpp hl2\npc_playercompanion.cpp hl2\npc_PoisonZombie.cpp episodic\npc_puppet.cpp hl2\npc_rollermine.cpp hl2\npc_scanner.cpp hl2\npc_stalker.cpp hl2\npc_strider.cpp npc_talker.cpp hl2\npc_turret_ceiling.cpp hl2\npc_turret_floor.cpp hl2\npc_turret_ground.cpp hl2\npc_vortigaunt_episodic.cpp hl2\npc_zombie.cpp hl2\npc_zombine.cpp hl2\point_apc_controller.cpp hl2\prop_combine_ball.cpp episodic\prop_scalable.cpp hl2\prop_thumper.cpp hl2\proto_sniper.cpp hl2\rotorwash.cpp hl2\script_intro.cpp ..\shared\script_intro_shared.cpp hl2\vehicle_airboat.cpp hl2\vehicle_cannon.cpp hl2\vehicle_crane.cpp episodic\vehicle_hl2buggy.cpp hl2\vehicle_jeep.cpp episodic\vehicle_jeep_episodic.cpp hl2\vehicle_prisoner_pod.cpp hl2\vehicle_viewcontroller.cpp hl2\weapon_357.cpp hl2\weapon_alyxgun.cpp hl2\weapon_annabelle.cpp hl2\weapon_ar2.cpp hl2\weapon_bugbait.cpp hl2\weapon_citizenpackage.cpp hl2\weapon_crossbow.cpp hl2\weapon_crowbar.cpp weapon_cubemap.cpp hl2\weapon_frag.cpp hl2\weapon_physcannon.cpp hl2\weapon_pistol.cpp hl2\weapon_rpg.cpp hl2\weapon_shotgun.cpp hl2\weapon_smg1.cpp episodic\weapon_striderbuster.cpp hl2\weapon_stunstick.cpp hl2\grenade_beam.cpp hl2\grenade_homer.cpp hl2\grenade_pathfollower.cpp hl2\npc_missiledefense.cpp hl2\vehicle_apc.cpp hl2\weapon_cguard.cpp hl2\weapon_flaregun.cpp entity_tools_server.cpp toolframework_server.cpp
         toolframework_server.cpp
         entity_tools_server.cpp
         weapon_flaregun.cpp
         weapon_cguard.cpp
         vehicle_apc.cpp
         npc_missiledefense.cpp
         grenade_pathfollower.cpp
         grenade_homer.cpp
         grenade_beam.cpp
         weapon_stunstick.cpp
         weapon_striderbuster.cpp
         weapon_smg1.cpp
         weapon_shotgun.cpp
         weapon_rpg.cpp
         weapon_pistol.cpp
         weapon_physcannon.cpp
         weapon_frag.cpp
         weapon_cubemap.cpp
         weapon_crowbar.cpp
         weapon_crossbow.cpp
         Generating Code...
         Compiling...
         weapon_citizenpackage.cpp
         weapon_bugbait.cpp
         weapon_ar2.cpp
         weapon_annabelle.cpp
         weapon_alyxgun.cpp
         weapon_357.cpp
         vehicle_viewcontroller.cpp
         vehicle_prisoner_pod.cpp
         vehicle_jeep_episodic.cpp
         vehicle_jeep.cpp
         vehicle_hl2buggy.cpp
         vehicle_crane.cpp
         vehicle_cannon.cpp
         vehicle_airboat.cpp
         script_intro_shared.cpp
         script_intro.cpp
         rotorwash.cpp
         proto_sniper.cpp
         prop_thumper.cpp
         prop_scalable.cpp
         Generating Code...
         Compiling...
         prop_combine_ball.cpp
         point_apc_controller.cpp
         npc_zombine.cpp
         npc_zombie.cpp
         npc_vortigaunt_episodic.cpp
         npc_turret_ground.cpp
         npc_turret_floor.cpp
         npc_turret_ceiling.cpp
         npc_talker.cpp
         npc_strider.cpp
         npc_stalker.cpp
         npc_scanner.cpp
         npc_rollermine.cpp
         npc_puppet.cpp
         npc_PoisonZombie.cpp
         npc_playercompanion.cpp
         npc_mossman.cpp
         npc_monk.cpp
         npc_metropolice.cpp
         npc_manhack.cpp
         Generating Code...
         Compiling...
         npc_magnusson.cpp
         npc_launcher.cpp
         npc_kleiner.cpp
         npc_ichthyosaur.cpp
         npc_hunter.cpp
         npc_headcrab.cpp
         npc_gman.cpp
         npc_fisherman.cpp
         npc_fastzombie.cpp
         npc_enemyfinder.cpp
         npc_eli.cpp
         npc_dog.cpp
         npc_crow.cpp
         npc_cranedriver.cpp
         npc_combines.cpp
         npc_combinegunship.cpp
         npc_combinedropship.cpp
         npc_combinecamera.cpp
         npc_combine_cannon.cpp
         npc_combine.cpp
         Generating Code...
         Compiling...
         npc_citizen17.cpp
         npc_bullseye.cpp
         npc_breen.cpp
         npc_BaseZombie.cpp
         npc_basescanner.cpp
         npc_barney.cpp
         npc_barnacle.cpp
         npc_attackchopper.cpp
         npc_apcdriver.cpp
         npc_antlionguard.cpp
         npc_antliongrub.cpp
         npc_antlion.cpp
         npc_alyx_episodic.cpp
         npc_advisor.cpp
         monster_dummy.cpp
         look_door.cpp
         item_suit.cpp
         item_itemcrate.cpp
         item_healthkit.cpp
         item_dynamic_resupply.cpp
         Generating Code...
         Compiling...
         item_battery.cpp
         item_ammo.cpp
         info_teleporter_countdown.cpp
         info_darknessmode_lightsource.cpp
         hl_playermove.cpp
         hl_gamemovement.cpp
         hl2_usermessages.cpp
         hl2_triggers.cpp
         hl2_playerlocaldata.cpp
         hl2_player.cpp
         hl2_gamerules.cpp
         hl2_eventlog.cpp
         hl2_client.cpp
         hl2_ai_network.cpp
         grenade_spit.cpp
         grenade_frag.cpp
         grenade_bugbait.cpp
         grenade_ar2.cpp
         func_tank.cpp
         func_recharge.cpp
         Generating Code...
         Compiling...
         Func_Monitor.cpp
         func_bulletshield.cpp
         env_starfield.cpp
         env_speaker.cpp
         env_headcrabcanister_shared.cpp
         env_headcrabcanister.cpp
         env_alyxemp.cpp
         combine_mine.cpp
         citadel_effects.cpp
         cbasespriteprojectile.cpp
         cbasehelicopter.cpp
         basehlcombatweapon_shared.cpp
         basehlcombatweapon.cpp
         basebludgeonweapon.cpp
         ar2_explosion.cpp
         antlion_maker.cpp
         antlion_dust.cpp
         ai_spotlight.cpp
         ai_goal_police.cpp
         ai_behavior_police.cpp
         Generating Code...
         Compiling...
         ai_behavior_passenger_zombie.cpp
         ai_behavior_passenger_companion.cpp
         ai_behavior_passenger.cpp
         ai_behavior_operator.cpp
         ai_behavior_holster.cpp
         ai_behavior_functank.cpp
         ai_behavior_alyx_injured.cpp
         ai_behavior_actbusy.cpp
         ai_allymanager.cpp
         usermessages.cpp
         te_worlddecal.cpp
         te_spritespray.cpp
         te_sprite.cpp
         te_sparks.cpp
         te_smoke.cpp
         te_showline.cpp
         te_projecteddecal.cpp
         te_playerdecal.cpp
         te_physicsprop.cpp
         te_particlesystem.cpp
         Generating Code...
         Compiling...
         te_muzzleflash.cpp
         te_largefunnel.cpp
         te_killplayerattachments.cpp
         te_impact.cpp
         te_glowsprite.cpp
         te_glassshatter.cpp
         te_gaussexplosion.cpp
         te_footprintdecal.cpp
         te_fizz.cpp
         te_explosion.cpp
         te_energysplash.cpp
         te_effect_dispatch.cpp
         te_dynamiclight.cpp
         te_decal.cpp
         te_clientprojectile.cpp
         te_bubbletrail.cpp
         te_bubbles.cpp
         te_bspdecal.cpp
         te_breakmodel.cpp
         te_bloodstream.cpp
         Generating Code...
         Compiling...
         te_bloodsprite.cpp
         te_beamspline.cpp
         te_beamringpoint.cpp
         te_beamring.cpp
         te_beampoints.cpp
         te_beamlaser.cpp
         te_beamfollow.cpp
         te_beaments.cpp
         te_beamentpoint.cpp
         te_basebeam.cpp
         te_armorricochet.cpp
         te.cpp
         steamjet.cpp
         SpriteTrail.cpp
         smokestack.cpp
         smoke_trail.cpp
         plasma.cpp
         particle_smokegrenade.cpp
         particle_fire.cpp
         movie_explosion.cpp
         Generating Code...
         Compiling...
         event_tempentity_tester.cpp
         basetempentity.cpp
         world.cpp
         weight_button.cpp
         weapon_proficiency.cpp
         weapon_parse_default.cpp
         weapon_parse.cpp
         wcedit.cpp
         WaterLODControl.cpp
         waterbullet.cpp
         voice_gamemgr.cpp
         vguiscreen.cpp
         vehicle_viewblend_shared.cpp
         vehicle_choreo_generic.cpp
         vehicle_baseserver.cpp
         vehicle_base.cpp
         variant_t.cpp
         util_shared.cpp
         util.cpp
         usercmd.cpp
         Generating Code...
         Compiling...
         triggers.cpp
         trains.cpp
         timedeventmgr.cpp
         textstatsmgr.cpp
         testtraceline.cpp
         testfunctions.cpp
         test_stressentities.cpp
         test_proxytoggle.cpp
         test_ehandle.cpp
         tesla.cpp
         tempmonster.cpp
         TemplateEntities.cpp
         teamplay_gamerules.cpp
         team_spawnpoint.cpp
         team.cpp
         tanktrain.cpp
         takedamageinfo.cpp
         survival_gamerules.cpp
         sun.cpp
         subs.cpp
         Generating Code...
         Compiling...
         studio_shared.cpp
         sprite_perfmonitor.cpp
         Sprite.cpp
         spotlightend.cpp
         soundscape_system.cpp
         soundscape.cpp
         SoundParametersInternal.cpp
         soundenvelope.cpp
         soundent.cpp
         SoundEmitterSystem.cpp
         sound.cpp
         slideshow_display.cpp
         SkyCamera.cpp
         singleplay_gamerules.cpp
         simtimer.cpp
         shadowcontrol.cpp
         ServerNetworkProperty.cpp
         serverbenchmark_base.cpp
         sequence_Transitioner.cpp
         sendproxy.cpp
         Generating Code...
         Compiling...
         scriptedtarget.cpp
         scripted.cpp
         scratchpad_gamedll_helpers.cpp
         sceneentity_shared.cpp
         sceneentity.cpp
         SceneCache.cpp
         saverestore_gamedll.cpp
         saverestore.cpp
         rope_helpers.cpp
         rope.cpp
         recipientfilter.cpp
         RagdollBoogie.cpp
         ragdoll_shared.cpp
         ragdoll_manager.cpp
         props_shared.cpp
         props.cpp
         predictableid.cpp
         precache_register.cpp
         pointteleport.cpp
         pointhurt.cpp
         Generating Code...
         Compiling...
         PointAngularVelocitySensor.cpp
         pointanglesensor.cpp
         point_template.cpp
         point_spotlight.cpp
         point_posecontroller.cpp
         point_playermoveconstraint.cpp
         point_devshot_camera.cpp
         point_camera.cpp
         point_bonusmaps_accessor.cpp
         plugin_check.cpp
         playerlocaldata.cpp
         playerinfomanager.cpp
         player_resource.cpp
         player_pickup.cpp
         player_lagcompensation.cpp
         player_command.cpp
         player.cpp
         physobj.cpp
         physics_shared.cpp
         physics_saverestore.cpp
         Generating Code...
         Compiling...
         physics_prop_ragdoll.cpp
         physics_npc_solver.cpp
         physics_main_shared.cpp
         physics_main.cpp
         physics_impact_damage.cpp
         physics_fx.cpp
         physics_cannister.cpp
         physics_bone_follower.cpp
         physics.cpp
         physconstraint.cpp
         phys_controller.cpp
         pathtrack.cpp
         pathcorner.cpp
         particlesystemquery.cpp
         particle_system.cpp
         particle_parse.cpp
         particle_light.cpp
         obstacle_pushaway.cpp
         npc_vehicledriver.cpp
         ndebugoverlay.cpp
         Generating Code...
         Compiling...
         nav_node.cpp
         nav_mesh.cpp
         nav_ladder.cpp
         nav_generate.cpp
         nav_file.cpp
         nav_edit.cpp
         nav_colors.cpp
         nav_area.cpp
         multiplay_gamerules.cpp
         mp_shareddefs.cpp
         movevars_shared.cpp
         movement.cpp
         movehelper_server.cpp
         monstermaker.cpp
         ModelSoundsCache.cpp
         modelentities.cpp
         message_entity.cpp
         MaterialModifyControl.cpp
         maprules.cpp
         mapentities_shared.cpp
         Generating Code...
         Compiling...
         mapentities.cpp
         logicrelay.cpp
         logicentities.cpp
         logicauto.cpp
         logic_navigation.cpp
         logic_measure_movement.cpp
         logic_achievement.cpp
         lights.cpp
         lightglow.cpp
         item_world.cpp
         intermission.cpp
         info_overlay_accessor.cpp
         info_camera_link.cpp
         igamesystem.cpp
         hltvdirector.cpp
         hintsystem.cpp
         hintmessage.cpp
         hierarchy.cpp
         h_cycler.cpp
         h_ai.cpp
         Generating Code...
         Compiling...
         guntarget.cpp
         grenadethrown.cpp
         globalstate.cpp
         globals.cpp
         gib.cpp
         genericmonster.cpp
         genericactor.cpp
         gameweaponmanager.cpp
         gamevars_shared.cpp
         gametrace_dll.cpp
         gamestringpool.cpp
         GameStats.cpp
         gamerules_register.cpp
         gamerules.cpp
         gamemovement.cpp
         gameinterface.cpp
         game_ui.cpp
         game.cpp
         func_smokevolume.cpp
         func_reflective_glass.cpp
         Generating Code...
         Compiling...
         func_occluder.cpp
         func_movelinear.cpp
         func_lod.cpp
         func_ladder_endpoint.cpp
         func_ladder.cpp
         func_dust.cpp
         func_breakablesurf.cpp
         func_break.cpp
         func_areaportalwindow.cpp
         func_areaportalbase.cpp
         func_areaportal.cpp
         fourwheelvehiclephysics.cpp
         fogcontroller.cpp
         fish.cpp
         fire_smoke.cpp
         fire.cpp
         filters.cpp
         explode.cpp
         EventLog.cpp
         eventlist.cpp
         Generating Code...
         Compiling...
         EnvSpark.cpp
         EnvShake.cpp
         envmicrophone.cpp
         EnvMessage.cpp
         EnvLaser.cpp
         EnvHudHint.cpp
         EnvFade.cpp
         EnvBeam.cpp
         env_zoom.cpp
         env_wind_shared.cpp
         env_tonemap_controller.cpp
         env_texturetoggle.cpp
         env_screenoverlay.cpp
         env_projectedtexture.cpp
         env_player_surface_trigger.cpp
         env_particlescript.cpp
         env_entity_maker.cpp
         env_effectsscript.cpp
         env_detail_controller.cpp
         env_debughistory.cpp
         Generating Code...
         Compiling...
         EntityParticleTrail_Shared.cpp
         EntityParticleTrail.cpp
         entitylist_base.cpp
         entitylist.cpp
         EntityFlame.cpp
         EntityDissolve.cpp
         entityblocker.cpp
         ehandle.cpp
         EffectsServer.cpp
         effects.cpp
         effect_dispatch_data.cpp
         dynamiclight.cpp
         doors.cpp
         decals.cpp
         debugoverlay_shared.cpp
         death_pose.cpp
         damagemodifier.cpp
         CRagdollMagnet.cpp
         cplane.cpp
         controlentities.cpp
         Generating Code...
         Compiling...
         CommentarySystem.cpp
         colorcorrectionvolume.cpp
         colorcorrection.cpp
         collisionproperty.cpp
         client.cpp
         cbase.cpp
         buttons.cpp
         bmodels.cpp
         bitstring.cpp
         beam_shared.cpp
         baseviewmodel_shared.cpp
         baseviewmodel.cpp
         baseplayer_shared.cpp
         baseparticleentity.cpp
         basemultiplayerplayer.cpp
         basegrenade_timed.cpp
         basegrenade_shared.cpp
         basegrenade_contact.cpp
         basegrenade_concussion.cpp
         baseflex.cpp
