C:\SOURCESDK.SOURCE_CODE\BFA_NEW\SRC\GAME\CLIENT\RELEASE_EPISODIC\ACHIEVEMENT_NOTIFICATION_PANEL.OBJ
C:\SOURCESDK.SOURCE_CODE\BFA_NEW\SRC\GAME\CLIENT\RELEASE_EPISODIC\ACHIEVEMENT_SAVERESTORE.OBJ
C:\SOURCESDK.SOURCE_CODE\BFA_NEW\SRC\GAME\CLIENT\RELEASE_EPISODIC\ACHIEVEMENTMGR.OBJ
C:\SOURCESDK.SOURCE_CODE\BFA_NEW\SRC\GAME\CLIENT\RELEASE_EPISODIC\ACHIEVEMENTS_HLX.OBJ
C:\SOURCESDK.SOURCE_CODE\BFA_NEW\SRC\GAME\CLIENT\RELEASE_EPISODIC\ACTIVITYLIST.OBJ
C:\SOURCESDK.SOURCE_CODE\BFA_NEW\SRC\GAME\CLIENT\RELEASE_EPISODIC\ALPHAMATERIALPROXY.OBJ
C:\SOURCESDK.SOURCE_CODE\BFA_NEW\SRC\GAME\CLIENT\RELEASE_EPISODIC\AMMODEF.OBJ
C:\SOURCESDK.SOURCE_CODE\BFA_NEW\SRC\GAME\CLIENT\RELEASE_EPISODIC\ANIMATEDENTITYTEXTUREPROXY.OBJ
C:\SOURCESDK.SOURCE_CODE\BFA_NEW\SRC\GAME\CLIENT\RELEASE_EPISODIC\ANIMATEDOFFSETTEXTUREPROXY.OBJ
C:\SOURCESDK.SOURCE_CODE\BFA_NEW\SRC\GAME\CLIENT\RELEASE_EPISODIC\ANIMATEDTEXTUREPROXY.OBJ
C:\SOURCESDK.SOURCE_CODE\BFA_NEW\SRC\GAME\CLIENT\RELEASE_EPISODIC\ANIMATESPECIFICTEXTUREPROXY.OBJ
C:\SOURCESDK.SOURCE_CODE\BFA_NEW\SRC\GAME\CLIENT\RELEASE_EPISODIC\ANIMATION.OBJ
C:\SOURCESDK.SOURCE_CODE\BFA_NEW\SRC\GAME\CLIENT\RELEASE_EPISODIC\BASE_PLAYERANIMSTATE.OBJ
C:\SOURCESDK.SOURCE_CODE\BFA_NEW\SRC\GAME\CLIENT\RELEASE_EPISODIC\BASEACHIEVEMENT.OBJ
C:\SOURCESDK.SOURCE_CODE\BFA_NEW\SRC\GAME\CLIENT\RELEASE_EPISODIC\BASEANIMATEDTEXTUREPROXY.OBJ
C:\SOURCESDK.SOURCE_CODE\BFA_NEW\SRC\GAME\CLIENT\RELEASE_EPISODIC\BASECLIENTRENDERTARGETS.OBJ
C:\SOURCESDK.SOURCE_CODE\BFA_NEW\SRC\GAME\CLIENT\RELEASE_EPISODIC\BASECOMBATCHARACTER_SHARED.OBJ
C:\SOURCESDK.SOURCE_CODE\BFA_NEW\SRC\GAME\CLIENT\RELEASE_EPISODIC\BASEENTITY_SHARED.OBJ
C:\SOURCESDK.SOURCE_CODE\BFA_NEW\SRC\GAME\CLIENT\RELEASE_EPISODIC\BASEGRENADE_SHARED.OBJ
C:\SOURCESDK.SOURCE_CODE\BFA_NEW\SRC\GAME\CLIENT\RELEASE_EPISODIC\BASEHLCOMBATWEAPON_SHARED.OBJ
C:\SOURCESDK.SOURCE_CODE\BFA_NEW\SRC\GAME\CLIENT\RELEASE_EPISODIC\BASEMODEL_PANEL.OBJ
C:\SOURCESDK.SOURCE_CODE\BFA_NEW\SRC\GAME\CLIENT\RELEASE_EPISODIC\BASEMODELPANEL.OBJ
C:\SOURCESDK.SOURCE_CODE\BFA_NEW\SRC\GAME\CLIENT\RELEASE_EPISODIC\BASEPARTICLEENTITY.OBJ
C:\SOURCESDK.SOURCE_CODE\BFA_NEW\SRC\GAME\CLIENT\RELEASE_EPISODIC\BASEPLAYER_SHARED.OBJ
C:\SOURCESDK.SOURCE_CODE\BFA_NEW\SRC\GAME\CLIENT\RELEASE_EPISODIC\BASEPRESENCE.OBJ
C:\SOURCESDK.SOURCE_CODE\BFA_NEW\SRC\GAME\CLIENT\RELEASE_EPISODIC\BASEVIEWMODEL_SHARED.OBJ
C:\SOURCESDK.SOURCE_CODE\BFA_NEW\SRC\GAME\CLIENT\RELEASE_EPISODIC\BASEVIEWPORT.OBJ
C:\SOURCESDK.SOURCE_CODE\BFA_NEW\SRC\GAME\CLIENT\RELEASE_EPISODIC\BEAM_SHARED.OBJ
C:\SOURCESDK.SOURCE_CODE\BFA_NEW\SRC\GAME\CLIENT\RELEASE_EPISODIC\BEAMDRAW.OBJ
C:\SOURCESDK.SOURCE_CODE\BFA_NEW\SRC\GAME\CLIENT\RELEASE_EPISODIC\BONE_ACCESSOR.OBJ
C:\SOURCESDK.SOURCE_CODE\BFA_NEW\SRC\GAME\CLIENT\RELEASE_EPISODIC\BONE_MERGE_CACHE.OBJ
C:\SOURCESDK.SOURCE_CODE\BFA_NEW\SRC\GAME\CLIENT\RELEASE_EPISODIC\BONELIST.OBJ
C:\SOURCESDK.SOURCE_CODE\BFA_NEW\SRC\GAME\CLIENT\RELEASE_EPISODIC\C_AI_BASEHUMANOID.OBJ
C:\SOURCESDK.SOURCE_CODE\BFA_NEW\SRC\GAME\CLIENT\RELEASE_EPISODIC\C_AI_BASENPC.OBJ
C:\SOURCESDK.SOURCE_CODE\BFA_NEW\SRC\GAME\CLIENT\RELEASE_EPISODIC\C_ANTLION_DUST.OBJ
C:\SOURCESDK.SOURCE_CODE\BFA_NEW\SRC\GAME\CLIENT\RELEASE_EPISODIC\C_AR2_EXPLOSION.OBJ
C:\SOURCESDK.SOURCE_CODE\BFA_NEW\SRC\GAME\CLIENT\RELEASE_EPISODIC\C_BARNACLE.OBJ
C:\SOURCESDK.SOURCE_CODE\BFA_NEW\SRC\GAME\CLIENT\RELEASE_EPISODIC\C_BARNEY.OBJ
C:\SOURCESDK.SOURCE_CODE\BFA_NEW\SRC\GAME\CLIENT\RELEASE_EPISODIC\C_BASEANIMATING.OBJ
C:\SOURCESDK.SOURCE_CODE\BFA_NEW\SRC\GAME\CLIENT\RELEASE_EPISODIC\C_BASEANIMATINGOVERLAY.OBJ
C:\SOURCESDK.SOURCE_CODE\BFA_NEW\SRC\GAME\CLIENT\RELEASE_EPISODIC\C_BASECOMBATCHARACTER.OBJ
C:\SOURCESDK.SOURCE_CODE\BFA_NEW\SRC\GAME\CLIENT\RELEASE_EPISODIC\C_BASECOMBATWEAPON.OBJ
C:\SOURCESDK.SOURCE_CODE\BFA_NEW\SRC\GAME\CLIENT\RELEASE_EPISODIC\C_BASEDOOR.OBJ
C:\SOURCESDK.SOURCE_CODE\BFA_NEW\SRC\GAME\CLIENT\RELEASE_EPISODIC\C_BASEENTITY.OBJ
C:\SOURCESDK.SOURCE_CODE\BFA_NEW\SRC\GAME\CLIENT\RELEASE_EPISODIC\C_BASEFLEX.OBJ
C:\SOURCESDK.SOURCE_CODE\BFA_NEW\SRC\GAME\CLIENT\RELEASE_EPISODIC\C_BASEHELICOPTER.OBJ
C:\SOURCESDK.SOURCE_CODE\BFA_NEW\SRC\GAME\CLIENT\RELEASE_EPISODIC\C_BASEHLCOMBATWEAPON.OBJ
C:\SOURCESDK.SOURCE_CODE\BFA_NEW\SRC\GAME\CLIENT\RELEASE_EPISODIC\C_BASEHLPLAYER.OBJ
C:\SOURCESDK.SOURCE_CODE\BFA_NEW\SRC\GAME\CLIENT\RELEASE_EPISODIC\C_BASEPLAYER.OBJ
C:\SOURCESDK.SOURCE_CODE\BFA_NEW\SRC\GAME\CLIENT\RELEASE_EPISODIC\C_BASETEMPENTITY.OBJ
C:\SOURCESDK.SOURCE_CODE\BFA_NEW\SRC\GAME\CLIENT\RELEASE_EPISODIC\C_BASEVIEWMODEL.OBJ
C:\SOURCESDK.SOURCE_CODE\BFA_NEW\SRC\GAME\CLIENT\RELEASE_EPISODIC\C_BREAKABLEPROP.OBJ
C:\SOURCESDK.SOURCE_CODE\BFA_NEW\SRC\GAME\CLIENT\RELEASE_EPISODIC\C_CITADEL_EFFECTS.OBJ
C:\SOURCESDK.SOURCE_CODE\BFA_NEW\SRC\GAME\CLIENT\RELEASE_EPISODIC\C_COLORCORRECTION.OBJ
C:\SOURCESDK.SOURCE_CODE\BFA_NEW\SRC\GAME\CLIENT\RELEASE_EPISODIC\C_COLORCORRECTIONVOLUME.OBJ
C:\SOURCESDK.SOURCE_CODE\BFA_NEW\SRC\GAME\CLIENT\RELEASE_EPISODIC\C_CORPSE.OBJ
C:\SOURCESDK.SOURCE_CODE\BFA_NEW\SRC\GAME\CLIENT\RELEASE_EPISODIC\C_DYNAMICLIGHT.OBJ
C:\SOURCESDK.SOURCE_CODE\BFA_NEW\SRC\GAME\CLIENT\RELEASE_EPISODIC\C_EFFECTS.OBJ
C:\SOURCESDK.SOURCE_CODE\BFA_NEW\SRC\GAME\CLIENT\RELEASE_EPISODIC\C_ENTITYDISSOLVE.OBJ
C:\SOURCESDK.SOURCE_CODE\BFA_NEW\SRC\GAME\CLIENT\RELEASE_EPISODIC\C_ENTITYPARTICLETRAIL.OBJ
C:\SOURCESDK.SOURCE_CODE\BFA_NEW\SRC\GAME\CLIENT\RELEASE_EPISODIC\C_ENV_ALYXTEMP.OBJ
C:\SOURCESDK.SOURCE_CODE\BFA_NEW\SRC\GAME\CLIENT\RELEASE_EPISODIC\C_ENV_FOG_CONTROLLER.OBJ
C:\SOURCESDK.SOURCE_CODE\BFA_NEW\SRC\GAME\CLIENT\RELEASE_EPISODIC\C_ENV_HEADCRABCANISTER.OBJ
C:\SOURCESDK.SOURCE_CODE\BFA_NEW\SRC\GAME\CLIENT\RELEASE_EPISODIC\C_ENV_PARTICLESCRIPT.OBJ
C:\SOURCESDK.SOURCE_CODE\BFA_NEW\SRC\GAME\CLIENT\RELEASE_EPISODIC\C_ENV_PROJECTEDTEXTURE.OBJ
C:\SOURCESDK.SOURCE_CODE\BFA_NEW\SRC\GAME\CLIENT\RELEASE_EPISODIC\C_ENV_SCREENOVERLAY.OBJ
C:\SOURCESDK.SOURCE_CODE\BFA_NEW\SRC\GAME\CLIENT\RELEASE_EPISODIC\C_ENV_STARFIELD.OBJ
C:\SOURCESDK.SOURCE_CODE\BFA_NEW\SRC\GAME\CLIENT\RELEASE_EPISODIC\C_ENV_TONEMAP_CONTROLLER.OBJ
C:\SOURCESDK.SOURCE_CODE\BFA_NEW\SRC\GAME\CLIENT\RELEASE_EPISODIC\C_FIRE_SMOKE.OBJ
C:\SOURCESDK.SOURCE_CODE\BFA_NEW\SRC\GAME\CLIENT\RELEASE_EPISODIC\C_FISH.OBJ
C:\SOURCESDK.SOURCE_CODE\BFA_NEW\SRC\GAME\CLIENT\RELEASE_EPISODIC\C_FUNC_AREAPORTALWINDOW.OBJ
C:\SOURCESDK.SOURCE_CODE\BFA_NEW\SRC\GAME\CLIENT\RELEASE_EPISODIC\C_FUNC_BREAKABLESURF.OBJ
C:\SOURCESDK.SOURCE_CODE\BFA_NEW\SRC\GAME\CLIENT\RELEASE_EPISODIC\C_FUNC_CONVEYOR.OBJ
C:\SOURCESDK.SOURCE_CODE\BFA_NEW\SRC\GAME\CLIENT\RELEASE_EPISODIC\C_FUNC_DUST.OBJ
C:\SOURCESDK.SOURCE_CODE\BFA_NEW\SRC\GAME\CLIENT\RELEASE_EPISODIC\C_FUNC_LOD.OBJ
C:\SOURCESDK.SOURCE_CODE\BFA_NEW\SRC\GAME\CLIENT\RELEASE_EPISODIC\C_FUNC_MONITOR.OBJ
C:\SOURCESDK.SOURCE_CODE\BFA_NEW\SRC\GAME\CLIENT\RELEASE_EPISODIC\C_FUNC_OCCLUDER.OBJ
C:\SOURCESDK.SOURCE_CODE\BFA_NEW\SRC\GAME\CLIENT\RELEASE_EPISODIC\C_FUNC_REFLECTIVE_GLASS.OBJ
C:\SOURCESDK.SOURCE_CODE\BFA_NEW\SRC\GAME\CLIENT\RELEASE_EPISODIC\C_FUNC_ROTATING.OBJ
C:\SOURCESDK.SOURCE_CODE\BFA_NEW\SRC\GAME\CLIENT\RELEASE_EPISODIC\C_FUNC_SMOKEVOLUME.OBJ
C:\SOURCESDK.SOURCE_CODE\BFA_NEW\SRC\GAME\CLIENT\RELEASE_EPISODIC\C_FUNC_TANKMORTAR.OBJ
C:\SOURCESDK.SOURCE_CODE\BFA_NEW\SRC\GAME\CLIENT\RELEASE_EPISODIC\C_FUNC_TRACKTRAIN.OBJ
C:\SOURCESDK.SOURCE_CODE\BFA_NEW\SRC\GAME\CLIENT\RELEASE_EPISODIC\C_GIB.OBJ
C:\SOURCESDK.SOURCE_CODE\BFA_NEW\SRC\GAME\CLIENT\RELEASE_EPISODIC\C_HAIRBALL.OBJ
C:\SOURCESDK.SOURCE_CODE\BFA_NEW\SRC\GAME\CLIENT\RELEASE_EPISODIC\C_HL2_PLAYERLOCALDATA.OBJ
C:\SOURCESDK.SOURCE_CODE\BFA_NEW\SRC\GAME\CLIENT\RELEASE_EPISODIC\C_IMPACT_EFFECTS.OBJ
C:\SOURCESDK.SOURCE_CODE\BFA_NEW\SRC\GAME\CLIENT\RELEASE_EPISODIC\C_INFO_OVERLAY_ACCESSOR.OBJ
C:\SOURCESDK.SOURCE_CODE\BFA_NEW\SRC\GAME\CLIENT\RELEASE_EPISODIC\C_INFO_TELEPORTER_COUNTDOWN.OBJ
C:\SOURCESDK.SOURCE_CODE\BFA_NEW\SRC\GAME\CLIENT\RELEASE_EPISODIC\C_LIGHTGLOW.OBJ
C:\SOURCESDK.SOURCE_CODE\BFA_NEW\SRC\GAME\CLIENT\RELEASE_EPISODIC\C_MATERIALMODIFYCONTROL.OBJ
C:\SOURCESDK.SOURCE_CODE\BFA_NEW\SRC\GAME\CLIENT\RELEASE_EPISODIC\C_MOVIE_EXPLOSION.OBJ
C:\SOURCESDK.SOURCE_CODE\BFA_NEW\SRC\GAME\CLIENT\RELEASE_EPISODIC\C_NPC_ADVISOR.OBJ
C:\SOURCESDK.SOURCE_CODE\BFA_NEW\SRC\GAME\CLIENT\RELEASE_EPISODIC\C_NPC_ANTLIONGUARD.OBJ
C:\SOURCESDK.SOURCE_CODE\BFA_NEW\SRC\GAME\CLIENT\RELEASE_EPISODIC\C_NPC_COMBINEGUNSHIP.OBJ
C:\SOURCESDK.SOURCE_CODE\BFA_NEW\SRC\GAME\CLIENT\RELEASE_EPISODIC\C_NPC_MANHACK.OBJ
C:\SOURCESDK.SOURCE_CODE\BFA_NEW\SRC\GAME\CLIENT\RELEASE_EPISODIC\C_NPC_PUPPET.OBJ
C:\SOURCESDK.SOURCE_CODE\BFA_NEW\SRC\GAME\CLIENT\RELEASE_EPISODIC\C_NPC_ROLLERMINE.OBJ
C:\SOURCESDK.SOURCE_CODE\BFA_NEW\SRC\GAME\CLIENT\RELEASE_EPISODIC\C_PARTICLE_FIRE.OBJ
C:\SOURCESDK.SOURCE_CODE\BFA_NEW\SRC\GAME\CLIENT\RELEASE_EPISODIC\C_PARTICLE_SMOKEGRENADE.OBJ
C:\SOURCESDK.SOURCE_CODE\BFA_NEW\SRC\GAME\CLIENT\RELEASE_EPISODIC\C_PARTICLE_SYSTEM.OBJ
C:\SOURCESDK.SOURCE_CODE\BFA_NEW\SRC\GAME\CLIENT\RELEASE_EPISODIC\C_PHYSBOX.OBJ
C:\SOURCESDK.SOURCE_CODE\BFA_NEW\SRC\GAME\CLIENT\RELEASE_EPISODIC\C_PHYSICSPROP.OBJ
C:\SOURCESDK.SOURCE_CODE\BFA_NEW\SRC\GAME\CLIENT\RELEASE_EPISODIC\C_PHYSMAGNET.OBJ
C:\SOURCESDK.SOURCE_CODE\BFA_NEW\SRC\GAME\CLIENT\RELEASE_EPISODIC\C_PIXEL_VISIBILITY.OBJ
C:\SOURCESDK.SOURCE_CODE\BFA_NEW\SRC\GAME\CLIENT\RELEASE_EPISODIC\C_PLASMA.OBJ
C:\SOURCESDK.SOURCE_CODE\BFA_NEW\SRC\GAME\CLIENT\RELEASE_EPISODIC\C_PLASMA_BEAM_NODE.OBJ
C:\SOURCESDK.SOURCE_CODE\BFA_NEW\SRC\GAME\CLIENT\RELEASE_EPISODIC\C_PLAYERRESOURCE.OBJ
C:\SOURCESDK.SOURCE_CODE\BFA_NEW\SRC\GAME\CLIENT\RELEASE_EPISODIC\C_POINT_CAMERA.OBJ
C:\SOURCESDK.SOURCE_CODE\BFA_NEW\SRC\GAME\CLIENT\RELEASE_EPISODIC\C_POINT_COMMENTARY_NODE.OBJ
C:\SOURCESDK.SOURCE_CODE\BFA_NEW\SRC\GAME\CLIENT\RELEASE_EPISODIC\C_PROP_COMBINE_BALL.OBJ
C:\SOURCESDK.SOURCE_CODE\BFA_NEW\SRC\GAME\CLIENT\RELEASE_EPISODIC\C_PROP_SCALABLE.OBJ
C:\SOURCESDK.SOURCE_CODE\BFA_NEW\SRC\GAME\CLIENT\RELEASE_EPISODIC\C_PROP_VEHICLE.OBJ
C:\SOURCESDK.SOURCE_CODE\BFA_NEW\SRC\GAME\CLIENT\RELEASE_EPISODIC\C_PROPS.OBJ
C:\SOURCESDK.SOURCE_CODE\BFA_NEW\SRC\GAME\CLIENT\RELEASE_EPISODIC\C_RAGDOLL_MANAGER.OBJ
C:\SOURCESDK.SOURCE_CODE\BFA_NEW\SRC\GAME\CLIENT\RELEASE_EPISODIC\C_RECIPIENTFILTER.OBJ
C:\SOURCESDK.SOURCE_CODE\BFA_NEW\SRC\GAME\CLIENT\RELEASE_EPISODIC\C_ROPE.OBJ
C:\SOURCESDK.SOURCE_CODE\BFA_NEW\SRC\GAME\CLIENT\RELEASE_EPISODIC\C_ROTORWASH.OBJ
C:\SOURCESDK.SOURCE_CODE\BFA_NEW\SRC\GAME\CLIENT\RELEASE_EPISODIC\C_RUMBLE.OBJ
C:\SOURCESDK.SOURCE_CODE\BFA_NEW\SRC\GAME\CLIENT\RELEASE_EPISODIC\C_SCENEENTITY.OBJ
C:\SOURCESDK.SOURCE_CODE\BFA_NEW\SRC\GAME\CLIENT\RELEASE_EPISODIC\C_SCRIPT_INTRO.OBJ
C:\SOURCESDK.SOURCE_CODE\BFA_NEW\SRC\GAME\CLIENT\RELEASE_EPISODIC\C_SHADOWCONTROL.OBJ
C:\SOURCESDK.SOURCE_CODE\BFA_NEW\SRC\GAME\CLIENT\RELEASE_EPISODIC\C_SLIDESHOW_DISPLAY.OBJ
C:\SOURCESDK.SOURCE_CODE\BFA_NEW\SRC\GAME\CLIENT\RELEASE_EPISODIC\C_SMOKE_TRAIL.OBJ
C:\SOURCESDK.SOURCE_CODE\BFA_NEW\SRC\GAME\CLIENT\RELEASE_EPISODIC\C_SMOKESTACK.OBJ
C:\SOURCESDK.SOURCE_CODE\BFA_NEW\SRC\GAME\CLIENT\RELEASE_EPISODIC\C_SOUNDSCAPE.OBJ
C:\SOURCESDK.SOURCE_CODE\BFA_NEW\SRC\GAME\CLIENT\RELEASE_EPISODIC\C_SPOTLIGHT_END.OBJ
C:\SOURCESDK.SOURCE_CODE\BFA_NEW\SRC\GAME\CLIENT\RELEASE_EPISODIC\C_SPRITE.OBJ
C:\SOURCESDK.SOURCE_CODE\BFA_NEW\SRC\GAME\CLIENT\RELEASE_EPISODIC\C_SPRITE_PERFMONITOR.OBJ
C:\SOURCESDK.SOURCE_CODE\BFA_NEW\SRC\GAME\CLIENT\RELEASE_EPISODIC\C_STEAMJET.OBJ
C:\SOURCESDK.SOURCE_CODE\BFA_NEW\SRC\GAME\CLIENT\RELEASE_EPISODIC\C_STICKYBOLT.OBJ
C:\SOURCESDK.SOURCE_CODE\BFA_NEW\SRC\GAME\CLIENT\RELEASE_EPISODIC\C_STRIDER.OBJ
C:\SOURCESDK.SOURCE_CODE\BFA_NEW\SRC\GAME\CLIENT\RELEASE_EPISODIC\C_SUN.OBJ
C:\SOURCESDK.SOURCE_CODE\BFA_NEW\SRC\GAME\CLIENT\RELEASE_EPISODIC\C_TE.OBJ
C:\SOURCESDK.SOURCE_CODE\BFA_NEW\SRC\GAME\CLIENT\RELEASE_EPISODIC\C_TE_ARMORRICOCHET.OBJ
C:\SOURCESDK.SOURCE_CODE\BFA_NEW\SRC\GAME\CLIENT\RELEASE_EPISODIC\C_TE_BASEBEAM.OBJ
C:\SOURCESDK.SOURCE_CODE\BFA_NEW\SRC\GAME\CLIENT\RELEASE_EPISODIC\C_TE_BEAMENTPOINT.OBJ
C:\SOURCESDK.SOURCE_CODE\BFA_NEW\SRC\GAME\CLIENT\RELEASE_EPISODIC\C_TE_BEAMENTS.OBJ
C:\SOURCESDK.SOURCE_CODE\BFA_NEW\SRC\GAME\CLIENT\RELEASE_EPISODIC\C_TE_BEAMFOLLOW.OBJ
C:\SOURCESDK.SOURCE_CODE\BFA_NEW\SRC\GAME\CLIENT\RELEASE_EPISODIC\C_TE_BEAMLASER.OBJ
C:\SOURCESDK.SOURCE_CODE\BFA_NEW\SRC\GAME\CLIENT\RELEASE_EPISODIC\C_TE_BEAMPOINTS.OBJ
C:\SOURCESDK.SOURCE_CODE\BFA_NEW\SRC\GAME\CLIENT\RELEASE_EPISODIC\C_TE_BEAMRING.OBJ
C:\SOURCESDK.SOURCE_CODE\BFA_NEW\SRC\GAME\CLIENT\RELEASE_EPISODIC\C_TE_BEAMRINGPOINT.OBJ
C:\SOURCESDK.SOURCE_CODE\BFA_NEW\SRC\GAME\CLIENT\RELEASE_EPISODIC\C_TE_BEAMSPLINE.OBJ
C:\SOURCESDK.SOURCE_CODE\BFA_NEW\SRC\GAME\CLIENT\RELEASE_EPISODIC\C_TE_BLOODSPRITE.OBJ
C:\SOURCESDK.SOURCE_CODE\BFA_NEW\SRC\GAME\CLIENT\RELEASE_EPISODIC\C_TE_BLOODSTREAM.OBJ
C:\SOURCESDK.SOURCE_CODE\BFA_NEW\SRC\GAME\CLIENT\RELEASE_EPISODIC\C_TE_BREAKMODEL.OBJ
C:\SOURCESDK.SOURCE_CODE\BFA_NEW\SRC\GAME\CLIENT\RELEASE_EPISODIC\C_TE_BSPDECAL.OBJ
C:\SOURCESDK.SOURCE_CODE\BFA_NEW\SRC\GAME\CLIENT\RELEASE_EPISODIC\C_TE_BUBBLES.OBJ
C:\SOURCESDK.SOURCE_CODE\BFA_NEW\SRC\GAME\CLIENT\RELEASE_EPISODIC\C_TE_BUBBLETRAIL.OBJ
C:\SOURCESDK.SOURCE_CODE\BFA_NEW\SRC\GAME\CLIENT\RELEASE_EPISODIC\C_TE_CLIENTPROJECTILE.OBJ
C:\SOURCESDK.SOURCE_CODE\BFA_NEW\SRC\GAME\CLIENT\RELEASE_EPISODIC\C_TE_CONCUSSIVEEXPLOSION.OBJ
C:\SOURCESDK.SOURCE_CODE\BFA_NEW\SRC\GAME\CLIENT\RELEASE_EPISODIC\C_TE_DECAL.OBJ
C:\SOURCESDK.SOURCE_CODE\BFA_NEW\SRC\GAME\CLIENT\RELEASE_EPISODIC\C_TE_DYNAMICLIGHT.OBJ
C:\SOURCESDK.SOURCE_CODE\BFA_NEW\SRC\GAME\CLIENT\RELEASE_EPISODIC\C_TE_EFFECT_DISPATCH.OBJ
C:\SOURCESDK.SOURCE_CODE\BFA_NEW\SRC\GAME\CLIENT\RELEASE_EPISODIC\C_TE_ENERGYSPLASH.OBJ
C:\SOURCESDK.SOURCE_CODE\BFA_NEW\SRC\GAME\CLIENT\RELEASE_EPISODIC\C_TE_EXPLOSION.OBJ
C:\SOURCESDK.SOURCE_CODE\BFA_NEW\SRC\GAME\CLIENT\RELEASE_EPISODIC\C_TE_FIZZ.OBJ
C:\SOURCESDK.SOURCE_CODE\BFA_NEW\SRC\GAME\CLIENT\RELEASE_EPISODIC\C_TE_FLARE.OBJ
C:\SOURCESDK.SOURCE_CODE\BFA_NEW\SRC\GAME\CLIENT\RELEASE_EPISODIC\C_TE_FOOTPRINT.OBJ
C:\SOURCESDK.SOURCE_CODE\BFA_NEW\SRC\GAME\CLIENT\RELEASE_EPISODIC\C_TE_GLASSSHATTER.OBJ
C:\SOURCESDK.SOURCE_CODE\BFA_NEW\SRC\GAME\CLIENT\RELEASE_EPISODIC\C_TE_GLOWSPRITE.OBJ
C:\SOURCESDK.SOURCE_CODE\BFA_NEW\SRC\GAME\CLIENT\RELEASE_EPISODIC\C_TE_IMPACT.OBJ
C:\SOURCESDK.SOURCE_CODE\BFA_NEW\SRC\GAME\CLIENT\RELEASE_EPISODIC\C_TE_KILLPLAYERATTACHMENTS.OBJ
C:\SOURCESDK.SOURCE_CODE\BFA_NEW\SRC\GAME\CLIENT\RELEASE_EPISODIC\C_TE_LARGEFUNNEL.OBJ
C:\SOURCESDK.SOURCE_CODE\BFA_NEW\SRC\GAME\CLIENT\RELEASE_EPISODIC\C_TE_LEGACYTEMPENTS.OBJ
C:\SOURCESDK.SOURCE_CODE\BFA_NEW\SRC\GAME\CLIENT\RELEASE_EPISODIC\C_TE_MUZZLEFLASH.OBJ
C:\SOURCESDK.SOURCE_CODE\BFA_NEW\SRC\GAME\CLIENT\RELEASE_EPISODIC\C_TE_PARTICLESYSTEM.OBJ
C:\SOURCESDK.SOURCE_CODE\BFA_NEW\SRC\GAME\CLIENT\RELEASE_EPISODIC\C_TE_PHYSICSPROP.OBJ
C:\SOURCESDK.SOURCE_CODE\BFA_NEW\SRC\GAME\CLIENT\RELEASE_EPISODIC\C_TE_PLAYERDECAL.OBJ
C:\SOURCESDK.SOURCE_CODE\BFA_NEW\SRC\GAME\CLIENT\RELEASE_EPISODIC\C_TE_PROJECTEDDECAL.OBJ
C:\SOURCESDK.SOURCE_CODE\BFA_NEW\SRC\GAME\CLIENT\RELEASE_EPISODIC\C_TE_SHOWLINE.OBJ
C:\SOURCESDK.SOURCE_CODE\BFA_NEW\SRC\GAME\CLIENT\RELEASE_EPISODIC\C_TE_SMOKE.OBJ
C:\SOURCESDK.SOURCE_CODE\BFA_NEW\SRC\GAME\CLIENT\RELEASE_EPISODIC\C_TE_SPARKS.OBJ
C:\SOURCESDK.SOURCE_CODE\BFA_NEW\SRC\GAME\CLIENT\RELEASE_EPISODIC\C_TE_SPRITE.OBJ
C:\SOURCESDK.SOURCE_CODE\BFA_NEW\SRC\GAME\CLIENT\RELEASE_EPISODIC\C_TE_SPRITESPRAY.OBJ
C:\SOURCESDK.SOURCE_CODE\BFA_NEW\SRC\GAME\CLIENT\RELEASE_EPISODIC\C_TE_WORLDDECAL.OBJ
C:\SOURCESDK.SOURCE_CODE\BFA_NEW\SRC\GAME\CLIENT\RELEASE_EPISODIC\C_TEAM.OBJ
C:\SOURCESDK.SOURCE_CODE\BFA_NEW\SRC\GAME\CLIENT\RELEASE_EPISODIC\C_TEAM_OBJECTIVERESOURCE.OBJ
C:\SOURCESDK.SOURCE_CODE\BFA_NEW\SRC\GAME\CLIENT\RELEASE_EPISODIC\C_TESLA.OBJ
C:\SOURCESDK.SOURCE_CODE\BFA_NEW\SRC\GAME\CLIENT\RELEASE_EPISODIC\C_TEST_PROXYTOGGLE.OBJ
C:\SOURCESDK.SOURCE_CODE\BFA_NEW\SRC\GAME\CLIENT\RELEASE_EPISODIC\C_TESTTRACELINE.OBJ
C:\SOURCESDK.SOURCE_CODE\BFA_NEW\SRC\GAME\CLIENT\RELEASE_EPISODIC\C_THUMPER_DUST.OBJ
C:\SOURCESDK.SOURCE_CODE\BFA_NEW\SRC\GAME\CLIENT\RELEASE_EPISODIC\C_TRACER.OBJ
C:\SOURCESDK.SOURCE_CODE\BFA_NEW\SRC\GAME\CLIENT\RELEASE_EPISODIC\C_USER_MESSAGE_REGISTER.OBJ
C:\SOURCESDK.SOURCE_CODE\BFA_NEW\SRC\GAME\CLIENT\RELEASE_EPISODIC\C_VEHICLE_AIRBOAT.OBJ
C:\SOURCESDK.SOURCE_CODE\BFA_NEW\SRC\GAME\CLIENT\RELEASE_EPISODIC\C_VEHICLE_CANNON.OBJ
C:\SOURCESDK.SOURCE_CODE\BFA_NEW\SRC\GAME\CLIENT\RELEASE_EPISODIC\C_VEHICLE_CHOREO_GENERIC.OBJ
C:\SOURCESDK.SOURCE_CODE\BFA_NEW\SRC\GAME\CLIENT\RELEASE_EPISODIC\C_VEHICLE_CRANE.OBJ
C:\SOURCESDK.SOURCE_CODE\BFA_NEW\SRC\GAME\CLIENT\RELEASE_EPISODIC\C_VEHICLE_JEEP.OBJ
C:\SOURCESDK.SOURCE_CODE\BFA_NEW\SRC\GAME\CLIENT\RELEASE_EPISODIC\C_VEHICLE_JEEP_EPISODIC.OBJ
C:\SOURCESDK.SOURCE_CODE\BFA_NEW\SRC\GAME\CLIENT\RELEASE_EPISODIC\C_VEHICLE_PRISONER_POD.OBJ
C:\SOURCESDK.SOURCE_CODE\BFA_NEW\SRC\GAME\CLIENT\RELEASE_EPISODIC\C_VGUISCREEN.OBJ
C:\SOURCESDK.SOURCE_CODE\BFA_NEW\SRC\GAME\CLIENT\RELEASE_EPISODIC\C_VORT_CHARGE_TOKEN.OBJ
C:\SOURCESDK.SOURCE_CODE\BFA_NEW\SRC\GAME\CLIENT\RELEASE_EPISODIC\C_WATERBULLET.OBJ
C:\SOURCESDK.SOURCE_CODE\BFA_NEW\SRC\GAME\CLIENT\RELEASE_EPISODIC\C_WATERLODCONTROL.OBJ
C:\SOURCESDK.SOURCE_CODE\BFA_NEW\SRC\GAME\CLIENT\RELEASE_EPISODIC\C_WEAPON__STUBS_HL2.OBJ
C:\SOURCESDK.SOURCE_CODE\BFA_NEW\SRC\GAME\CLIENT\RELEASE_EPISODIC\C_WEAPON_CROSSBOW.OBJ
C:\SOURCESDK.SOURCE_CODE\BFA_NEW\SRC\GAME\CLIENT\RELEASE_EPISODIC\C_WEAPON_HOPWIRE.OBJ
C:\SOURCESDK.SOURCE_CODE\BFA_NEW\SRC\GAME\CLIENT\RELEASE_EPISODIC\C_WEAPON_PHYSCANNON.OBJ
C:\SOURCESDK.SOURCE_CODE\BFA_NEW\SRC\GAME\CLIENT\RELEASE_EPISODIC\C_WEAPON_STUNSTICK.OBJ
C:\SOURCESDK.SOURCE_CODE\BFA_NEW\SRC\GAME\CLIENT\RELEASE_EPISODIC\C_WORLD.OBJ
C:\SOURCESDK.SOURCE_CODE\BFA_NEW\SRC\GAME\CLIENT\RELEASE_EPISODIC\CAMOMATERIALPROXY.OBJ
C:\SOURCESDK.SOURCE_CODE\BFA_NEW\SRC\GAME\CLIENT\RELEASE_EPISODIC\CDLL_BOUNDED_CVARS.OBJ
C:\SOURCESDK.SOURCE_CODE\BFA_NEW\SRC\GAME\CLIENT\RELEASE_EPISODIC\CDLL_CLIENT_INT.OBJ
C:\SOURCESDK.SOURCE_CODE\BFA_NEW\SRC\GAME\CLIENT\RELEASE_EPISODIC\CDLL_UTIL.OBJ
C:\SourceSDK.Source_Code\BFA_NEW\src\game\client\Release_episodic\cl.command.1.tlog
C:\SourceSDK.Source_Code\BFA_NEW\src\game\client\Release_episodic\CL.read.1.tlog
C:\SourceSDK.Source_Code\BFA_NEW\src\game\client\Release_episodic\CL.write.1.tlog
C:\SOURCESDK.SOURCE_CODE\BFA_NEW\SRC\GAME\CLIENT\RELEASE_EPISODIC\CL_MAT_STUB.OBJ
C:\SOURCESDK.SOURCE_CODE\BFA_NEW\SRC\GAME\CLIENT\RELEASE_EPISODIC\CLASSMAP.OBJ
C:\SOURCESDK.SOURCE_CODE\BFA_NEW\SRC\GAME\CLIENT\RELEASE_EPISODIC\CLIENT.PCH
C:\SOURCESDK.SOURCE_CODE\BFA_NEW\SRC\GAME\CLIENT\RELEASE_EPISODIC\CLIENT_FACTORYLIST.OBJ
C:\SOURCESDK.SOURCE_CODE\BFA_NEW\SRC\GAME\CLIENT\RELEASE_EPISODIC\CLIENT_THINKLIST.OBJ
C:\SOURCESDK.SOURCE_CODE\BFA_NEW\SRC\GAME\CLIENT\RELEASE_EPISODIC\CLIENTEFFECTPRECACHESYSTEM.OBJ
C:\SOURCESDK.SOURCE_CODE\BFA_NEW\SRC\GAME\CLIENT\RELEASE_EPISODIC\CLIENTENTITYLIST.OBJ
C:\SOURCESDK.SOURCE_CODE\BFA_NEW\SRC\GAME\CLIENT\RELEASE_EPISODIC\CLIENTLEAFSYSTEM.OBJ
C:\SOURCESDK.SOURCE_CODE\BFA_NEW\SRC\GAME\CLIENT\RELEASE_EPISODIC\CLIENTMODE_HLNORMAL.OBJ
C:\SOURCESDK.SOURCE_CODE\BFA_NEW\SRC\GAME\CLIENT\RELEASE_EPISODIC\CLIENTMODE_SHARED.OBJ
C:\SOURCESDK.SOURCE_CODE\BFA_NEW\SRC\GAME\CLIENT\RELEASE_EPISODIC\CLIENTSCOREBOARDDIALOG.OBJ
C:\SOURCESDK.SOURCE_CODE\BFA_NEW\SRC\GAME\CLIENT\RELEASE_EPISODIC\CLIENTSHADOWMGR.OBJ
C:\SOURCESDK.SOURCE_CODE\BFA_NEW\SRC\GAME\CLIENT\RELEASE_EPISODIC\CLIENTSIDEEFFECTS.OBJ
C:\SOURCESDK.SOURCE_CODE\BFA_NEW\SRC\GAME\CLIENT\RELEASE_EPISODIC\CLIENTSIDEEFFECTS_TEST.OBJ
C:\SOURCESDK.SOURCE_CODE\BFA_NEW\SRC\GAME\CLIENT\RELEASE_EPISODIC\COLLISIONPROPERTY.OBJ
C:\SOURCESDK.SOURCE_CODE\BFA_NEW\SRC\GAME\CLIENT\RELEASE_EPISODIC\COLORCORRECTIONMGR.OBJ
C:\SOURCESDK.SOURCE_CODE\BFA_NEW\SRC\GAME\CLIENT\RELEASE_EPISODIC\COMMANDMENU.OBJ
C:\SOURCESDK.SOURCE_CODE\BFA_NEW\SRC\GAME\CLIENT\RELEASE_EPISODIC\COMMENTARY_MODELVIEWER.OBJ
C:\SOURCESDK.SOURCE_CODE\BFA_NEW\SRC\GAME\CLIENT\RELEASE_EPISODIC\DEATH.OBJ
C:\SOURCESDK.SOURCE_CODE\BFA_NEW\SRC\GAME\CLIENT\RELEASE_EPISODIC\DEATH_POSE.OBJ
C:\SOURCESDK.SOURCE_CODE\BFA_NEW\SRC\GAME\CLIENT\RELEASE_EPISODIC\DEBUGOVERLAY_SHARED.OBJ
C:\SOURCESDK.SOURCE_CODE\BFA_NEW\SRC\GAME\CLIENT\RELEASE_EPISODIC\DECALS.OBJ
C:\SOURCESDK.SOURCE_CODE\BFA_NEW\SRC\GAME\CLIENT\RELEASE_EPISODIC\DETAILOBJECTSYSTEM.OBJ
C:\SOURCESDK.SOURCE_CODE\BFA_NEW\SRC\GAME\CLIENT\RELEASE_EPISODIC\DUMMYPROXY.OBJ
C:\SOURCESDK.SOURCE_CODE\BFA_NEW\SRC\GAME\CLIENT\RELEASE_EPISODIC\EFFECT_DISPATCH_DATA.OBJ
C:\SOURCESDK.SOURCE_CODE\BFA_NEW\SRC\GAME\CLIENT\RELEASE_EPISODIC\EFFECTSCLIENT.OBJ
C:\SOURCESDK.SOURCE_CODE\BFA_NEW\SRC\GAME\CLIENT\RELEASE_EPISODIC\EHANDLE.OBJ
C:\SOURCESDK.SOURCE_CODE\BFA_NEW\SRC\GAME\CLIENT\RELEASE_EPISODIC\ENTITY_CLIENT_TOOLS.OBJ
C:\SOURCESDK.SOURCE_CODE\BFA_NEW\SRC\GAME\CLIENT\RELEASE_EPISODIC\ENTITYLIST_BASE.OBJ
C:\SOURCESDK.SOURCE_CODE\BFA_NEW\SRC\GAME\CLIENT\RELEASE_EPISODIC\ENTITYORIGINMATERIALPROXY.OBJ
C:\SOURCESDK.SOURCE_CODE\BFA_NEW\SRC\GAME\CLIENT\RELEASE_EPISODIC\ENTITYPARTICLETRAIL_SHARED.OBJ
C:\SOURCESDK.SOURCE_CODE\BFA_NEW\SRC\GAME\CLIENT\RELEASE_EPISODIC\ENV_DETAIL_CONTROLLER.OBJ
C:\SOURCESDK.SOURCE_CODE\BFA_NEW\SRC\GAME\CLIENT\RELEASE_EPISODIC\ENV_HEADCRABCANISTER_SHARED.OBJ
C:\SOURCESDK.SOURCE_CODE\BFA_NEW\SRC\GAME\CLIENT\RELEASE_EPISODIC\ENV_WIND_SHARED.OBJ
C:\SOURCESDK.SOURCE_CODE\BFA_NEW\SRC\GAME\CLIENT\RELEASE_EPISODIC\EPISODIC_SCREENSPACEEFFECTS.OBJ
C:\SOURCESDK.SOURCE_CODE\BFA_NEW\SRC\GAME\CLIENT\RELEASE_EPISODIC\EVENTLIST.OBJ
C:\SOURCESDK.SOURCE_CODE\BFA_NEW\SRC\GAME\CLIENT\RELEASE_EPISODIC\FLASHLIGHTEFFECT.OBJ
C:\SOURCESDK.SOURCE_CODE\BFA_NEW\SRC\GAME\CLIENT\RELEASE_EPISODIC\FLESH_INTERNAL_MATERIAL_PROXY.OBJ
C:\SOURCESDK.SOURCE_CODE\BFA_NEW\SRC\GAME\CLIENT\RELEASE_EPISODIC\FUNC_LADDER.OBJ
C:\SOURCESDK.SOURCE_CODE\BFA_NEW\SRC\GAME\CLIENT\RELEASE_EPISODIC\FUNCTIONPROXY.OBJ
C:\SOURCESDK.SOURCE_CODE\BFA_NEW\SRC\GAME\CLIENT\RELEASE_EPISODIC\FX.OBJ
C:\SOURCESDK.SOURCE_CODE\BFA_NEW\SRC\GAME\CLIENT\RELEASE_EPISODIC\FX_ANTLION.OBJ
C:\SOURCESDK.SOURCE_CODE\BFA_NEW\SRC\GAME\CLIENT\RELEASE_EPISODIC\FX_BLOOD.OBJ
C:\SOURCESDK.SOURCE_CODE\BFA_NEW\SRC\GAME\CLIENT\RELEASE_EPISODIC\FX_BUGBAIT.OBJ
C:\SOURCESDK.SOURCE_CODE\BFA_NEW\SRC\GAME\CLIENT\RELEASE_EPISODIC\FX_CUBE.OBJ
C:\SOURCESDK.SOURCE_CODE\BFA_NEW\SRC\GAME\CLIENT\RELEASE_EPISODIC\FX_DISCREETLINE.OBJ
C:\SOURCESDK.SOURCE_CODE\BFA_NEW\SRC\GAME\CLIENT\RELEASE_EPISODIC\FX_ENVELOPE.OBJ
C:\SOURCESDK.SOURCE_CODE\BFA_NEW\SRC\GAME\CLIENT\RELEASE_EPISODIC\FX_EXPLOSION.OBJ
C:\SOURCESDK.SOURCE_CODE\BFA_NEW\SRC\GAME\CLIENT\RELEASE_EPISODIC\FX_FLECK.OBJ
C:\SOURCESDK.SOURCE_CODE\BFA_NEW\SRC\GAME\CLIENT\RELEASE_EPISODIC\FX_HL2_IMPACTS.OBJ
C:\SOURCESDK.SOURCE_CODE\BFA_NEW\SRC\GAME\CLIENT\RELEASE_EPISODIC\FX_HL2_TRACERS.OBJ
C:\SOURCESDK.SOURCE_CODE\BFA_NEW\SRC\GAME\CLIENT\RELEASE_EPISODIC\FX_IMPACT.OBJ
C:\SOURCESDK.SOURCE_CODE\BFA_NEW\SRC\GAME\CLIENT\RELEASE_EPISODIC\FX_INTERPVALUE.OBJ
C:\SOURCESDK.SOURCE_CODE\BFA_NEW\SRC\GAME\CLIENT\RELEASE_EPISODIC\FX_LINE.OBJ
C:\SOURCESDK.SOURCE_CODE\BFA_NEW\SRC\GAME\CLIENT\RELEASE_EPISODIC\FX_QUAD.OBJ
C:\SOURCESDK.SOURCE_CODE\BFA_NEW\SRC\GAME\CLIENT\RELEASE_EPISODIC\FX_SHELLEJECT.OBJ
C:\SOURCESDK.SOURCE_CODE\BFA_NEW\SRC\GAME\CLIENT\RELEASE_EPISODIC\FX_SPARKS.OBJ
C:\SOURCESDK.SOURCE_CODE\BFA_NEW\SRC\GAME\CLIENT\RELEASE_EPISODIC\FX_STATICLINE.OBJ
C:\SOURCESDK.SOURCE_CODE\BFA_NEW\SRC\GAME\CLIENT\RELEASE_EPISODIC\FX_TRACER.OBJ
C:\SOURCESDK.SOURCE_CODE\BFA_NEW\SRC\GAME\CLIENT\RELEASE_EPISODIC\FX_TRAIL.OBJ
C:\SOURCESDK.SOURCE_CODE\BFA_NEW\SRC\GAME\CLIENT\RELEASE_EPISODIC\FX_WATER.OBJ
C:\SOURCESDK.SOURCE_CODE\BFA_NEW\SRC\GAME\CLIENT\RELEASE_EPISODIC\GAMEMOVEMENT.OBJ
C:\SOURCESDK.SOURCE_CODE\BFA_NEW\SRC\GAME\CLIENT\RELEASE_EPISODIC\GAMERULES.OBJ
C:\SOURCESDK.SOURCE_CODE\BFA_NEW\SRC\GAME\CLIENT\RELEASE_EPISODIC\GAMERULES_REGISTER.OBJ
C:\SOURCESDK.SOURCE_CODE\BFA_NEW\SRC\GAME\CLIENT\RELEASE_EPISODIC\GAMESTATS.OBJ
C:\SOURCESDK.SOURCE_CODE\BFA_NEW\SRC\GAME\CLIENT\RELEASE_EPISODIC\GAMESTRINGPOOL.OBJ
C:\SOURCESDK.SOURCE_CODE\BFA_NEW\SRC\GAME\CLIENT\RELEASE_EPISODIC\GAMETRACE_CLIENT.OBJ
C:\SOURCESDK.SOURCE_CODE\BFA_NEW\SRC\GAME\CLIENT\RELEASE_EPISODIC\GAMEVARS_SHARED.OBJ
C:\SOURCESDK.SOURCE_CODE\BFA_NEW\SRC\GAME\CLIENT\RELEASE_EPISODIC\GEIGER.OBJ
C:\SOURCESDK.SOURCE_CODE\BFA_NEW\SRC\GAME\CLIENT\RELEASE_EPISODIC\GLOW_OVERLAY.OBJ
C:\SOURCESDK.SOURCE_CODE\BFA_NEW\SRC\GAME\CLIENT\RELEASE_EPISODIC\HINTMESSAGE.OBJ
C:\SOURCESDK.SOURCE_CODE\BFA_NEW\SRC\GAME\CLIENT\RELEASE_EPISODIC\HINTSYSTEM.OBJ
C:\SOURCESDK.SOURCE_CODE\BFA_NEW\SRC\GAME\CLIENT\RELEASE_EPISODIC\HISTORY_RESOURCE.OBJ
C:\SOURCESDK.SOURCE_CODE\BFA_NEW\SRC\GAME\CLIENT\RELEASE_EPISODIC\HL_GAMEMOVEMENT.OBJ
C:\SOURCESDK.SOURCE_CODE\BFA_NEW\SRC\GAME\CLIENT\RELEASE_EPISODIC\HL_IN_MAIN.OBJ
C:\SOURCESDK.SOURCE_CODE\BFA_NEW\SRC\GAME\CLIENT\RELEASE_EPISODIC\HL_PREDICTION.OBJ
C:\SOURCESDK.SOURCE_CODE\BFA_NEW\SRC\GAME\CLIENT\RELEASE_EPISODIC\HL2_CLIENTMODE.OBJ
C:\SOURCESDK.SOURCE_CODE\BFA_NEW\SRC\GAME\CLIENT\RELEASE_EPISODIC\HL2_GAMERULES.OBJ
C:\SOURCESDK.SOURCE_CODE\BFA_NEW\SRC\GAME\CLIENT\RELEASE_EPISODIC\HL2_USERMESSAGES.OBJ
C:\SOURCESDK.SOURCE_CODE\BFA_NEW\SRC\GAME\CLIENT\RELEASE_EPISODIC\HLTVCAMERA.OBJ
C:\SOURCESDK.SOURCE_CODE\BFA_NEW\SRC\GAME\CLIENT\RELEASE_EPISODIC\HUD.OBJ
C:\SOURCESDK.SOURCE_CODE\BFA_NEW\SRC\GAME\CLIENT\RELEASE_EPISODIC\HUD_AMMO.OBJ
C:\SOURCESDK.SOURCE_CODE\BFA_NEW\SRC\GAME\CLIENT\RELEASE_EPISODIC\HUD_ANIMATIONINFO.OBJ
C:\SOURCESDK.SOURCE_CODE\BFA_NEW\SRC\GAME\CLIENT\RELEASE_EPISODIC\HUD_AUTOAIM.OBJ
C:\SOURCESDK.SOURCE_CODE\BFA_NEW\SRC\GAME\CLIENT\RELEASE_EPISODIC\HUD_BASECHAT.OBJ
C:\SOURCESDK.SOURCE_CODE\BFA_NEW\SRC\GAME\CLIENT\RELEASE_EPISODIC\HUD_BASETIMER.OBJ
C:\SOURCESDK.SOURCE_CODE\BFA_NEW\SRC\GAME\CLIENT\RELEASE_EPISODIC\HUD_BATTERY.OBJ
C:\SOURCESDK.SOURCE_CODE\BFA_NEW\SRC\GAME\CLIENT\RELEASE_EPISODIC\HUD_BITMAPNUMERICDISPLAY.OBJ
C:\SOURCESDK.SOURCE_CODE\BFA_NEW\SRC\GAME\CLIENT\RELEASE_EPISODIC\HUD_BLOOD.OBJ
C:\SOURCESDK.SOURCE_CODE\BFA_NEW\SRC\GAME\CLIENT\RELEASE_EPISODIC\HUD_CHAT.OBJ
C:\SOURCESDK.SOURCE_CODE\BFA_NEW\SRC\GAME\CLIENT\RELEASE_EPISODIC\HUD_CLOSECAPTION.OBJ
C:\SOURCESDK.SOURCE_CODE\BFA_NEW\SRC\GAME\CLIENT\RELEASE_EPISODIC\HUD_CREDITS.OBJ
C:\SOURCESDK.SOURCE_CODE\BFA_NEW\SRC\GAME\CLIENT\RELEASE_EPISODIC\HUD_CROSSHAIR.OBJ
C:\SOURCESDK.SOURCE_CODE\BFA_NEW\SRC\GAME\CLIENT\RELEASE_EPISODIC\HUD_DAMAGEINDICATOR.OBJ
C:\SOURCESDK.SOURCE_CODE\BFA_NEW\SRC\GAME\CLIENT\RELEASE_EPISODIC\HUD_ELEMENT_HELPER.OBJ
C:\SOURCESDK.SOURCE_CODE\BFA_NEW\SRC\GAME\CLIENT\RELEASE_EPISODIC\HUD_FILMDEMO.OBJ
C:\SOURCESDK.SOURCE_CODE\BFA_NEW\SRC\GAME\CLIENT\RELEASE_EPISODIC\HUD_FLASHLIGHT.OBJ
C:\SOURCESDK.SOURCE_CODE\BFA_NEW\SRC\GAME\CLIENT\RELEASE_EPISODIC\HUD_HDRDEMO.OBJ
C:\SOURCESDK.SOURCE_CODE\BFA_NEW\SRC\GAME\CLIENT\RELEASE_EPISODIC\HUD_HEALTH.OBJ
C:\SOURCESDK.SOURCE_CODE\BFA_NEW\SRC\GAME\CLIENT\RELEASE_EPISODIC\HUD_HINTDISPLAY.OBJ
C:\SOURCESDK.SOURCE_CODE\BFA_NEW\SRC\GAME\CLIENT\RELEASE_EPISODIC\HUD_LOCATOR.OBJ
C:\SOURCESDK.SOURCE_CODE\BFA_NEW\SRC\GAME\CLIENT\RELEASE_EPISODIC\HUD_MSG.OBJ
C:\SOURCESDK.SOURCE_CODE\BFA_NEW\SRC\GAME\CLIENT\RELEASE_EPISODIC\HUD_NUMERICDISPLAY.OBJ
C:\SOURCESDK.SOURCE_CODE\BFA_NEW\SRC\GAME\CLIENT\RELEASE_EPISODIC\HUD_PDUMP.OBJ
C:\SOURCESDK.SOURCE_CODE\BFA_NEW\SRC\GAME\CLIENT\RELEASE_EPISODIC\HUD_POISONDAMAGEINDICATOR.OBJ
C:\SOURCESDK.SOURCE_CODE\BFA_NEW\SRC\GAME\CLIENT\RELEASE_EPISODIC\HUD_POSTURE.OBJ
C:\SOURCESDK.SOURCE_CODE\BFA_NEW\SRC\GAME\CLIENT\RELEASE_EPISODIC\HUD_QUICKINFO.OBJ
C:\SOURCESDK.SOURCE_CODE\BFA_NEW\SRC\GAME\CLIENT\RELEASE_EPISODIC\HUD_RADAR.OBJ
C:\SOURCESDK.SOURCE_CODE\BFA_NEW\SRC\GAME\CLIENT\RELEASE_EPISODIC\HUD_REDRAW.OBJ
C:\SOURCESDK.SOURCE_CODE\BFA_NEW\SRC\GAME\CLIENT\RELEASE_EPISODIC\HUD_SQUADSTATUS.OBJ
C:\SOURCESDK.SOURCE_CODE\BFA_NEW\SRC\GAME\CLIENT\RELEASE_EPISODIC\HUD_SUITPOWER.OBJ
C:\SOURCESDK.SOURCE_CODE\BFA_NEW\SRC\GAME\CLIENT\RELEASE_EPISODIC\HUD_VEHICLE.OBJ
C:\SOURCESDK.SOURCE_CODE\BFA_NEW\SRC\GAME\CLIENT\RELEASE_EPISODIC\HUD_WEAPON.OBJ
C:\SOURCESDK.SOURCE_CODE\BFA_NEW\SRC\GAME\CLIENT\RELEASE_EPISODIC\HUD_WEAPONSELECTION.OBJ
C:\SOURCESDK.SOURCE_CODE\BFA_NEW\SRC\GAME\CLIENT\RELEASE_EPISODIC\HUD_ZOOM.OBJ
C:\SOURCESDK.SOURCE_CODE\BFA_NEW\SRC\GAME\CLIENT\RELEASE_EPISODIC\ICONPANEL.OBJ
C:\SOURCESDK.SOURCE_CODE\BFA_NEW\SRC\GAME\CLIENT\RELEASE_EPISODIC\IGAMESYSTEM.OBJ
C:\SOURCESDK.SOURCE_CODE\BFA_NEW\SRC\GAME\CLIENT\RELEASE_EPISODIC\IN_CAMERA.OBJ
C:\SOURCESDK.SOURCE_CODE\BFA_NEW\SRC\GAME\CLIENT\RELEASE_EPISODIC\IN_JOYSTICK.OBJ
C:\SOURCESDK.SOURCE_CODE\BFA_NEW\SRC\GAME\CLIENT\RELEASE_EPISODIC\IN_MAIN.OBJ
C:\SOURCESDK.SOURCE_CODE\BFA_NEW\SRC\GAME\CLIENT\RELEASE_EPISODIC\INITIALIZER.OBJ
C:\SOURCESDK.SOURCE_CODE\BFA_NEW\SRC\GAME\CLIENT\RELEASE_EPISODIC\INTERPOLATEDVAR.OBJ
C:\SOURCESDK.SOURCE_CODE\BFA_NEW\SRC\GAME\CLIENT\RELEASE_EPISODIC\INTROMENU.OBJ
C:\SOURCESDK.SOURCE_CODE\BFA_NEW\SRC\GAME\CLIENT\RELEASE_EPISODIC\ISNPCPROXY.OBJ
C:\SOURCESDK.SOURCE_CODE\BFA_NEW\SRC\GAME\CLIENT\RELEASE_EPISODIC\LAMPBEAMPROXY.OBJ
C:\SOURCESDK.SOURCE_CODE\BFA_NEW\SRC\GAME\CLIENT\RELEASE_EPISODIC\LAMPHALOPROXY.OBJ
C:\SOURCESDK.SOURCE_CODE\BFA_NEW\SRC\GAME\CLIENT\RELEASE_EPISODIC\MAPENTITIES_SHARED.OBJ
C:\SOURCESDK.SOURCE_CODE\BFA_NEW\SRC\GAME\CLIENT\RELEASE_EPISODIC\MAPOVERVIEW.OBJ
C:\SOURCESDK.SOURCE_CODE\BFA_NEW\SRC\GAME\CLIENT\RELEASE_EPISODIC\MATHPROXY.OBJ
C:\SOURCESDK.SOURCE_CODE\BFA_NEW\SRC\GAME\CLIENT\RELEASE_EPISODIC\MATRIXPROXY.OBJ
C:\SOURCESDK.SOURCE_CODE\BFA_NEW\SRC\GAME\CLIENT\RELEASE_EPISODIC\MENU.OBJ
C:\SOURCESDK.SOURCE_CODE\BFA_NEW\SRC\GAME\CLIENT\RELEASE_EPISODIC\MESSAGE.OBJ
C:\SOURCESDK.SOURCE_CODE\BFA_NEW\SRC\GAME\CLIENT\RELEASE_EPISODIC\MOVEHELPER_CLIENT.OBJ
C:\SOURCESDK.SOURCE_CODE\BFA_NEW\SRC\GAME\CLIENT\RELEASE_EPISODIC\MOVEVARS_SHARED.OBJ
C:\SOURCESDK.SOURCE_CODE\BFA_NEW\SRC\GAME\CLIENT\RELEASE_EPISODIC\MP_SHAREDDEFS.OBJ
C:\SOURCESDK.SOURCE_CODE\BFA_NEW\SRC\GAME\CLIENT\RELEASE_EPISODIC\MP3PLAYER.OBJ
C:\SOURCESDK.SOURCE_CODE\BFA_NEW\SRC\GAME\CLIENT\RELEASE_EPISODIC\MULTIPLAY_GAMERULES.OBJ
C:\SOURCESDK.SOURCE_CODE\BFA_NEW\SRC\GAME\CLIENT\RELEASE_EPISODIC\NAVPROGRESS.OBJ
C:\SOURCESDK.SOURCE_CODE\BFA_NEW\SRC\GAME\CLIENT\RELEASE_EPISODIC\OBSTACLE_PUSHAWAY.OBJ
C:\SOURCESDK.SOURCE_CODE\BFA_NEW\SRC\GAME\CLIENT\RELEASE_EPISODIC\PANELMETACLASSMGR.OBJ
C:\SOURCESDK.SOURCE_CODE\BFA_NEW\SRC\GAME\CLIENT\RELEASE_EPISODIC\PARTICLE_COLLISION.OBJ
C:\SOURCESDK.SOURCE_CODE\BFA_NEW\SRC\GAME\CLIENT\RELEASE_EPISODIC\PARTICLE_LITSMOKEEMITTER.OBJ
C:\SOURCESDK.SOURCE_CODE\BFA_NEW\SRC\GAME\CLIENT\RELEASE_EPISODIC\PARTICLE_PARSE.OBJ
C:\SOURCESDK.SOURCE_CODE\BFA_NEW\SRC\GAME\CLIENT\RELEASE_EPISODIC\PARTICLE_PROPERTY.OBJ
C:\SOURCESDK.SOURCE_CODE\BFA_NEW\SRC\GAME\CLIENT\RELEASE_EPISODIC\PARTICLE_PROXIES.OBJ
C:\SOURCESDK.SOURCE_CODE\BFA_NEW\SRC\GAME\CLIENT\RELEASE_EPISODIC\PARTICLE_SIMPLE3D.OBJ
C:\SOURCESDK.SOURCE_CODE\BFA_NEW\SRC\GAME\CLIENT\RELEASE_EPISODIC\PARTICLEMGR.OBJ
C:\SOURCESDK.SOURCE_CODE\BFA_NEW\SRC\GAME\CLIENT\RELEASE_EPISODIC\PARTICLES_ATTRACTOR.OBJ
C:\SOURCESDK.SOURCE_CODE\BFA_NEW\SRC\GAME\CLIENT\RELEASE_EPISODIC\PARTICLES_EZ.OBJ
C:\SOURCESDK.SOURCE_CODE\BFA_NEW\SRC\GAME\CLIENT\RELEASE_EPISODIC\PARTICLES_LOCALSPACE.OBJ
C:\SOURCESDK.SOURCE_CODE\BFA_NEW\SRC\GAME\CLIENT\RELEASE_EPISODIC\PARTICLES_NEW.OBJ
C:\SOURCESDK.SOURCE_CODE\BFA_NEW\SRC\GAME\CLIENT\RELEASE_EPISODIC\PARTICLES_SIMPLE.OBJ
C:\SOURCESDK.SOURCE_CODE\BFA_NEW\SRC\GAME\CLIENT\RELEASE_EPISODIC\PARTICLESPHERERENDERER.OBJ
C:\SOURCESDK.SOURCE_CODE\BFA_NEW\SRC\GAME\CLIENT\RELEASE_EPISODIC\PARTICLESYSTEMQUERY.OBJ
C:\SOURCESDK.SOURCE_CODE\BFA_NEW\SRC\GAME\CLIENT\RELEASE_EPISODIC\PERFVISUALBENCHMARK.OBJ
C:\SOURCESDK.SOURCE_CODE\BFA_NEW\SRC\GAME\CLIENT\RELEASE_EPISODIC\PHYSICS.OBJ
C:\SOURCESDK.SOURCE_CODE\BFA_NEW\SRC\GAME\CLIENT\RELEASE_EPISODIC\PHYSICS_MAIN_CLIENT.OBJ
C:\SOURCESDK.SOURCE_CODE\BFA_NEW\SRC\GAME\CLIENT\RELEASE_EPISODIC\PHYSICS_MAIN_SHARED.OBJ
C:\SOURCESDK.SOURCE_CODE\BFA_NEW\SRC\GAME\CLIENT\RELEASE_EPISODIC\PHYSICS_SAVERESTORE.OBJ
C:\SOURCESDK.SOURCE_CODE\BFA_NEW\SRC\GAME\CLIENT\RELEASE_EPISODIC\PHYSICS_SHARED.OBJ
C:\SOURCESDK.SOURCE_CODE\BFA_NEW\SRC\GAME\CLIENT\RELEASE_EPISODIC\PHYSPROPCLIENTSIDE.OBJ
C:\SOURCESDK.SOURCE_CODE\BFA_NEW\SRC\GAME\CLIENT\RELEASE_EPISODIC\PLAYERANDOBJECTENUMERATOR.OBJ
C:\SOURCESDK.SOURCE_CODE\BFA_NEW\SRC\GAME\CLIENT\RELEASE_EPISODIC\POINT_BONUSMAPS_ACCESSOR.OBJ
C:\SOURCESDK.SOURCE_CODE\BFA_NEW\SRC\GAME\CLIENT\RELEASE_EPISODIC\POINT_POSECONTROLLER.OBJ
C:\SOURCESDK.SOURCE_CODE\BFA_NEW\SRC\GAME\CLIENT\RELEASE_EPISODIC\PRECACHE_REGISTER.OBJ
C:\SOURCESDK.SOURCE_CODE\BFA_NEW\SRC\GAME\CLIENT\RELEASE_EPISODIC\PREDICTABLEID.OBJ
C:\SOURCESDK.SOURCE_CODE\BFA_NEW\SRC\GAME\CLIENT\RELEASE_EPISODIC\PREDICTION.OBJ
C:\SOURCESDK.SOURCE_CODE\BFA_NEW\SRC\GAME\CLIENT\RELEASE_EPISODIC\PREDICTIONCOPY.OBJ
C:\SOURCESDK.SOURCE_CODE\BFA_NEW\SRC\GAME\CLIENT\RELEASE_EPISODIC\PROPS_SHARED.OBJ
C:\SOURCESDK.SOURCE_CODE\BFA_NEW\SRC\GAME\CLIENT\RELEASE_EPISODIC\PROXYENTITY.OBJ
C:\SOURCESDK.SOURCE_CODE\BFA_NEW\SRC\GAME\CLIENT\RELEASE_EPISODIC\PROXYHEALTH.OBJ
C:\SOURCESDK.SOURCE_CODE\BFA_NEW\SRC\GAME\CLIENT\RELEASE_EPISODIC\PROXYPLAYER.OBJ
C:\SOURCESDK.SOURCE_CODE\BFA_NEW\SRC\GAME\CLIENT\RELEASE_EPISODIC\PROXYPUPIL.OBJ
C:\SOURCESDK.SOURCE_CODE\BFA_NEW\SRC\GAME\CLIENT\RELEASE_EPISODIC\RAGDOLL.OBJ
C:\SOURCESDK.SOURCE_CODE\BFA_NEW\SRC\GAME\CLIENT\RELEASE_EPISODIC\RAGDOLL_SHARED.OBJ
C:\SOURCESDK.SOURCE_CODE\BFA_NEW\SRC\GAME\CLIENT\RELEASE_EPISODIC\RECVPROXY.OBJ
C:\SOURCESDK.SOURCE_CODE\BFA_NEW\SRC\GAME\CLIENT\RELEASE_EPISODIC\ROPE_HELPERS.OBJ
C:\SOURCESDK.SOURCE_CODE\BFA_NEW\SRC\GAME\CLIENT\RELEASE_EPISODIC\SAVERESTORE.OBJ
C:\SOURCESDK.SOURCE_CODE\BFA_NEW\SRC\GAME\CLIENT\RELEASE_EPISODIC\SCENEENTITY_SHARED.OBJ
C:\SOURCESDK.SOURCE_CODE\BFA_NEW\SRC\GAME\CLIENT\RELEASE_EPISODIC\SCREENSPACEEFFECTS.OBJ
C:\SOURCESDK.SOURCE_CODE\BFA_NEW\SRC\GAME\CLIENT\RELEASE_EPISODIC\SCRIPT_INTRO_SHARED.OBJ
C:\SOURCESDK.SOURCE_CODE\BFA_NEW\SRC\GAME\CLIENT\RELEASE_EPISODIC\SEQUENCE_TRANSITIONER.OBJ
C:\SOURCESDK.SOURCE_CODE\BFA_NEW\SRC\GAME\CLIENT\RELEASE_EPISODIC\SHIELDPROXY.OBJ
C:\SOURCESDK.SOURCE_CODE\BFA_NEW\SRC\GAME\CLIENT\RELEASE_EPISODIC\SIMPLE_KEYS.OBJ
C:\SOURCESDK.SOURCE_CODE\BFA_NEW\SRC\GAME\CLIENT\RELEASE_EPISODIC\SIMTIMER.OBJ
C:\SOURCESDK.SOURCE_CODE\BFA_NEW\SRC\GAME\CLIENT\RELEASE_EPISODIC\SINGLEPLAY_GAMERULES.OBJ
C:\SOURCESDK.SOURCE_CODE\BFA_NEW\SRC\GAME\CLIENT\RELEASE_EPISODIC\SMOKE_FOG_OVERLAY.OBJ
C:\SOURCESDK.SOURCE_CODE\BFA_NEW\SRC\GAME\CLIENT\RELEASE_EPISODIC\SOUNDEMITTERSYSTEM.OBJ
C:\SOURCESDK.SOURCE_CODE\BFA_NEW\SRC\GAME\CLIENT\RELEASE_EPISODIC\SOUNDENVELOPE.OBJ
C:\SOURCESDK.SOURCE_CODE\BFA_NEW\SRC\GAME\CLIENT\RELEASE_EPISODIC\SOUNDPARAMETERSINTERNAL.OBJ
C:\SOURCESDK.SOURCE_CODE\BFA_NEW\SRC\GAME\CLIENT\RELEASE_EPISODIC\SPECTATORGUI.OBJ
C:\SOURCESDK.SOURCE_CODE\BFA_NEW\SRC\GAME\CLIENT\RELEASE_EPISODIC\SPLINEPATCH.OBJ
C:\SOURCESDK.SOURCE_CODE\BFA_NEW\SRC\GAME\CLIENT\RELEASE_EPISODIC\SPRITE.OBJ
C:\SOURCESDK.SOURCE_CODE\BFA_NEW\SRC\GAME\CLIENT\RELEASE_EPISODIC\SPRITEMODEL.OBJ
C:\SOURCESDK.SOURCE_CODE\BFA_NEW\SRC\GAME\CLIENT\RELEASE_EPISODIC\SPRITETRAIL.OBJ
C:\SOURCESDK.SOURCE_CODE\BFA_NEW\SRC\GAME\CLIENT\RELEASE_EPISODIC\STDAFX.OBJ
C:\SOURCESDK.SOURCE_CODE\BFA_NEW\SRC\GAME\CLIENT\RELEASE_EPISODIC\STUDIO_SHARED.OBJ
C:\SOURCESDK.SOURCE_CODE\BFA_NEW\SRC\GAME\CLIENT\RELEASE_EPISODIC\SURVIVAL_GAMERULES.OBJ
C:\SOURCESDK.SOURCE_CODE\BFA_NEW\SRC\GAME\CLIENT\RELEASE_EPISODIC\TAKEDAMAGEINFO.OBJ
C:\SOURCESDK.SOURCE_CODE\BFA_NEW\SRC\GAME\CLIENT\RELEASE_EPISODIC\TEAMMENU.OBJ
C:\SOURCESDK.SOURCE_CODE\BFA_NEW\SRC\GAME\CLIENT\RELEASE_EPISODIC\TEAMPLAY_GAMERULES.OBJ
C:\SOURCESDK.SOURCE_CODE\BFA_NEW\SRC\GAME\CLIENT\RELEASE_EPISODIC\TEAMPLAYROUNDBASED_GAMERULES.OBJ
C:\SOURCESDK.SOURCE_CODE\BFA_NEW\SRC\GAME\CLIENT\RELEASE_EPISODIC\TEST_EHANDLE.OBJ
C:\SOURCESDK.SOURCE_CODE\BFA_NEW\SRC\GAME\CLIENT\RELEASE_EPISODIC\TEXT_MESSAGE.OBJ
C:\SOURCESDK.SOURCE_CODE\BFA_NEW\SRC\GAME\CLIENT\RELEASE_EPISODIC\TEXTURESCROLLMATERIALPROXY.OBJ
C:\SOURCESDK.SOURCE_CODE\BFA_NEW\SRC\GAME\CLIENT\RELEASE_EPISODIC\TIMEMATERIALPROXY.OBJ
C:\SOURCESDK.SOURCE_CODE\BFA_NEW\SRC\GAME\CLIENT\RELEASE_EPISODIC\TOGGLETEXTUREPROXY.OBJ
C:\SOURCESDK.SOURCE_CODE\BFA_NEW\SRC\GAME\CLIENT\RELEASE_EPISODIC\TOOLFRAMEWORK_CLIENT.OBJ
C:\SOURCESDK.SOURCE_CODE\BFA_NEW\SRC\GAME\CLIENT\RELEASE_EPISODIC\TRAIN.OBJ
C:\SOURCESDK.SOURCE_CODE\BFA_NEW\SRC\GAME\CLIENT\RELEASE_EPISODIC\USERCMD.OBJ
C:\SOURCESDK.SOURCE_CODE\BFA_NEW\SRC\GAME\CLIENT\RELEASE_EPISODIC\USERMESSAGES.OBJ
C:\SOURCESDK.SOURCE_CODE\BFA_NEW\SRC\GAME\CLIENT\RELEASE_EPISODIC\UTIL_SHARED.OBJ
C:\SOURCESDK.SOURCE_CODE\BFA_NEW\SRC\GAME\CLIENT\RELEASE_EPISODIC\VC100.PDB
C:\SOURCESDK.SOURCE_CODE\BFA_NEW\SRC\GAME\CLIENT\RELEASE_EPISODIC\VEHICLE_VIEWBLEND_SHARED.OBJ
C:\SOURCESDK.SOURCE_CODE\BFA_NEW\SRC\GAME\CLIENT\RELEASE_EPISODIC\VGUI_AVATARIMAGE.OBJ
C:\SOURCESDK.SOURCE_CODE\BFA_NEW\SRC\GAME\CLIENT\RELEASE_EPISODIC\VGUI_BASEPANEL.OBJ
C:\SOURCESDK.SOURCE_CODE\BFA_NEW\SRC\GAME\CLIENT\RELEASE_EPISODIC\VGUI_BITMAPBUTTON.OBJ
C:\SOURCESDK.SOURCE_CODE\BFA_NEW\SRC\GAME\CLIENT\RELEASE_EPISODIC\VGUI_BITMAPIMAGE.OBJ
C:\SOURCESDK.SOURCE_CODE\BFA_NEW\SRC\GAME\CLIENT\RELEASE_EPISODIC\VGUI_BITMAPPANEL.OBJ
C:\SOURCESDK.SOURCE_CODE\BFA_NEW\SRC\GAME\CLIENT\RELEASE_EPISODIC\VGUI_CENTERSTRINGPANEL.OBJ
C:\SOURCESDK.SOURCE_CODE\BFA_NEW\SRC\GAME\CLIENT\RELEASE_EPISODIC\VGUI_CONSOLEPANEL.OBJ
C:\SOURCESDK.SOURCE_CODE\BFA_NEW\SRC\GAME\CLIENT\RELEASE_EPISODIC\VGUI_DEBUGOVERLAYPANEL.OBJ
C:\SOURCESDK.SOURCE_CODE\BFA_NEW\SRC\GAME\CLIENT\RELEASE_EPISODIC\VGUI_FPSPANEL.OBJ
C:\SOURCESDK.SOURCE_CODE\BFA_NEW\SRC\GAME\CLIENT\RELEASE_EPISODIC\VGUI_GAME_VIEWPORT.OBJ
C:\SOURCESDK.SOURCE_CODE\BFA_NEW\SRC\GAME\CLIENT\RELEASE_EPISODIC\VGUI_GRID.OBJ
C:\SOURCESDK.SOURCE_CODE\BFA_NEW\SRC\GAME\CLIENT\RELEASE_EPISODIC\VGUI_INT.OBJ
C:\SOURCESDK.SOURCE_CODE\BFA_NEW\SRC\GAME\CLIENT\RELEASE_EPISODIC\VGUI_LOADINGDISCPANEL.OBJ
C:\SOURCESDK.SOURCE_CODE\BFA_NEW\SRC\GAME\CLIENT\RELEASE_EPISODIC\VGUI_MESSAGECHARS.OBJ
C:\SOURCESDK.SOURCE_CODE\BFA_NEW\SRC\GAME\CLIENT\RELEASE_EPISODIC\VGUI_NETGRAPHPANEL.OBJ
C:\SOURCESDK.SOURCE_CODE\BFA_NEW\SRC\GAME\CLIENT\RELEASE_EPISODIC\VGUI_ROOTPANEL_HL2.OBJ
C:\SOURCESDK.SOURCE_CODE\BFA_NEW\SRC\GAME\CLIENT\RELEASE_EPISODIC\VGUI_SLIDESHOW_DISPLAY_SCREEN.OBJ
C:\SOURCESDK.SOURCE_CODE\BFA_NEW\SRC\GAME\CLIENT\RELEASE_EPISODIC\VGUITEXTWINDOW.OBJ
C:\SOURCESDK.SOURCE_CODE\BFA_NEW\SRC\GAME\CLIENT\RELEASE_EPISODIC\VIEW.OBJ
C:\SOURCESDK.SOURCE_CODE\BFA_NEW\SRC\GAME\CLIENT\RELEASE_EPISODIC\VIEW_BEAMS.OBJ
C:\SOURCESDK.SOURCE_CODE\BFA_NEW\SRC\GAME\CLIENT\RELEASE_EPISODIC\VIEW_EFFECTS.OBJ
C:\SOURCESDK.SOURCE_CODE\BFA_NEW\SRC\GAME\CLIENT\RELEASE_EPISODIC\VIEW_SCENE.OBJ
C:\SOURCESDK.SOURCE_CODE\BFA_NEW\SRC\GAME\CLIENT\RELEASE_EPISODIC\VIEWANGLEANIM.OBJ
C:\SOURCESDK.SOURCE_CODE\BFA_NEW\SRC\GAME\CLIENT\RELEASE_EPISODIC\VIEWCONEIMAGE.OBJ
C:\SOURCESDK.SOURCE_CODE\BFA_NEW\SRC\GAME\CLIENT\RELEASE_EPISODIC\VIEWDEBUG.OBJ
C:\SOURCESDK.SOURCE_CODE\BFA_NEW\SRC\GAME\CLIENT\RELEASE_EPISODIC\VIEWPOSTPROCESS.OBJ
C:\SOURCESDK.SOURCE_CODE\BFA_NEW\SRC\GAME\CLIENT\RELEASE_EPISODIC\VIEWRENDER.OBJ
C:\SOURCESDK.SOURCE_CODE\BFA_NEW\SRC\GAME\CLIENT\RELEASE_EPISODIC\VOICE_BANMGR.OBJ
C:\SOURCESDK.SOURCE_CODE\BFA_NEW\SRC\GAME\CLIENT\RELEASE_EPISODIC\VOICE_STATUS.OBJ
C:\SOURCESDK.SOURCE_CODE\BFA_NEW\SRC\GAME\CLIENT\RELEASE_EPISODIC\WARP_OVERLAY.OBJ
C:\SOURCESDK.SOURCE_CODE\BFA_NEW\SRC\GAME\CLIENT\RELEASE_EPISODIC\WATERLODMATERIALPROXY.OBJ
C:\SOURCESDK.SOURCE_CODE\BFA_NEW\SRC\GAME\CLIENT\RELEASE_EPISODIC\WEAPON_PARSE.OBJ
C:\SOURCESDK.SOURCE_CODE\BFA_NEW\SRC\GAME\CLIENT\RELEASE_EPISODIC\WEAPON_PARSE_DEFAULT.OBJ
C:\SOURCESDK.SOURCE_CODE\BFA_NEW\SRC\GAME\CLIENT\RELEASE_EPISODIC\WEAPON_SELECTION.OBJ
C:\SOURCESDK.SOURCE_CODE\BFA_NEW\SRC\GAME\CLIENT\RELEASE_EPISODIC\WEAPONS_RESOURCE.OBJ
C:\SOURCESDK.SOURCE_CODE\BFA_NEW\SRC\GAME\CLIENT\RELEASE_EPISODIC\WORLDDIMSPROXY.OBJ
