Build started 1/6/2013 5:07:35 PM.
     1>Project "C:\SourceSDK.Source_Code\BFA_NEW\BFA_DC\C++ Code\game\client\client_episodic-2005.vcxproj" on node 2 (build target(s)).
     1>InitializeBuildStatus:
         Creating ".\Release_episodic\Client Episodic.unsuccessfulbuild" because "AlwaysCreate" was specified.
       ClCompile:
         c:\Program Files (x86)\Microsoft Visual Studio 10.0\VC\bin\CL.exe /c /I.\hl2 /I.\hl2\elements /I..\..\game\shared\hl2 /I..\..\game\shared\episodic /I..\..\public /I.\ /I..\..\common /I..\..\public\tier0 /I..\..\public\tier1 /I..\..\vgui2\include /I..\..\vgui2\controls /I..\..\game\shared /I.\game_controls /I"C:\Program Files (x86)\Khrona LLC\Awesomium SDK\1.6.6\\include" /Zi /nologo /W4 /WX- /O2 /Ob2 /Oi /Ot /Oy- /D WIN32 /D _WIN32 /D NDEBUG /D _WINDOWS /D _USRDLL /D _CRT_SECURE_NO_DEPRECATE /D _CRT_NONSTDC_NO_DEPRECATE /D NO_STRING_T /D CLIENT_DLL /D VECTOR /D VERSION_SAFE_STEAM_API_INTERFACES /D PROTECTED_THINGS_ENABLE /D fopen=dont_use_fopen /D strncpy=use_Q_strncpy_instead /D _snprintf=use_Q_snprintf_instead /D ENABLE_HTMLWINDOW /D HL2_CLIENT_DLL /D HL2_EPISODIC /D SP_SDK /D _WINDLL /D _MBCS /GF /Gm- /MT /GS- /Gy /fp:fast /Zc:wchar_t /Zc:forScope /GR /Yc"cbase.h" /Fp".\Release_episodic\client.pch" /Fo".\Release_episodic\\" /Fd".\Release_episodic\vc100.pdb" /Gd /TP /analyze- /errorReport:prompt stdafx.cpp
         stdafx.cpp
         c:\Program Files (x86)\Microsoft Visual Studio 10.0\VC\bin\CL.exe /c /I.\hl2 /I.\hl2\elements /I..\..\game\shared\hl2 /I..\..\game\shared\episodic /I..\..\public /I.\ /I..\..\common /I..\..\public\tier0 /I..\..\public\tier1 /I..\..\vgui2\include /I..\..\vgui2\controls /I..\..\game\shared /I.\game_controls /I"C:\Program Files (x86)\Khrona LLC\Awesomium SDK\1.6.6\\include" /Zi /nologo /W4 /WX- /O2 /Ob2 /Oi /Ot /Oy- /D WIN32 /D _WIN32 /D NDEBUG /D _WINDOWS /D _USRDLL /D _CRT_SECURE_NO_DEPRECATE /D _CRT_NONSTDC_NO_DEPRECATE /D NO_STRING_T /D CLIENT_DLL /D VECTOR /D VERSION_SAFE_STEAM_API_INTERFACES /D PROTECTED_THINGS_ENABLE /D fopen=dont_use_fopen /D strncpy=use_Q_strncpy_instead /D _snprintf=use_Q_snprintf_instead /D ENABLE_HTMLWINDOW /D HL2_CLIENT_DLL /D HL2_EPISODIC /D SP_SDK /D _WINDLL /D _MBCS /GF /Gm- /MT /GS- /Gy /fp:fast /Zc:wchar_t /Zc:forScope /GR /Yu"cbase.h" /Fp".\Release_episodic\client.pch" /Fo".\Release_episodic\\" /Fd".\Release_episodic\vc100.pdb" /Gd /TP /analyze- /errorReport:prompt ..\..\public\SoundParametersInternal.cpp ..\..\public\bone_accessor.cpp ..\..\public\tools\bonelist.cpp ..\shared\EntityParticleTrail_Shared.cpp ..\shared\GameStats.cpp ..\shared\SoundEmitterSystem.cpp ..\shared\Sprite.cpp ..\shared\SpriteTrail.cpp ..\shared\achievement_saverestore.cpp ..\shared\achievementmgr.cpp ..\shared\achievements_hlx.cpp ..\shared\activitylist.cpp ..\shared\ammodef.cpp ..\shared\animation.cpp ..\shared\base_playeranimstate.cpp ..\shared\baseachievement.cpp ..\shared\basecombatcharacter_shared.cpp ..\shared\basecombatweapon_shared.cpp ..\shared\baseentity_shared.cpp ..\shared\basegrenade_shared.cpp ..\shared\baseparticleentity.cpp ..\shared\baseplayer_shared.cpp ..\shared\baseviewmodel_shared.cpp ..\shared\beam_shared.cpp ..\shared\bfa\singleplayer_animstate.cpp ..\shared\collisionproperty.cpp ..\shared\death_pose.cpp ..\shared\debugoverlay_shared.cpp ..\shared\decals.cpp ..\shared\effect_dispatch_data.cpp ..\shared\ehandle.cpp ..\shared\entitylist_base.cpp ..\shared\env_detail_controller.cpp ..\shared\env_wind_shared.cpp ..\shared\eventlist.cpp ..\shared\func_ladder.cpp ..\shared\gamemovement.cpp ..\shared\gamerules.cpp ..\shared\gamerules_register.cpp ..\shared\gamestringpool.cpp ..\shared\gamevars_shared.cpp ..\shared\hintmessage.cpp ..\shared\hintsystem.cpp ..\shared\hl2\basehlcombatweapon_shared.cpp ..\shared\hl2\env_headcrabcanister_shared.cpp ..\shared\hl2\hl2_gamerules.cpp ..\shared\hl2\hl2_usermessages.cpp ..\shared\hl2\hl_gamemovement.cpp ..\shared\hl2\survival_gamerules.cpp ..\shared\igamesystem.cpp ..\shared\mapentities_shared.cpp ..\shared\movevars_shared.cpp ..\shared\mp_shareddefs.cpp ..\shared\multiplay_gamerules.cpp ..\shared\obstacle_pushaway.cpp ..\shared\particle_parse.cpp ..\shared\particle_property.cpp ..\shared\particlesystemquery.cpp ..\shared\physics_main_shared.cpp ..\shared\physics_saverestore.cpp ..\shared\physics_shared.cpp ..\shared\point_bonusmaps_accessor.cpp ..\shared\point_posecontroller.cpp ..\shared\precache_register.cpp ..\shared\predictableid.cpp ..\shared\predictioncopy.cpp ..\shared\props_shared.cpp ..\shared\ragdoll_shared.cpp ..\shared\rope_helpers.cpp ..\shared\saverestore.cpp ..\shared\sceneentity_shared.cpp ..\shared\script_intro_shared.cpp ..\shared\sequence_Transitioner.cpp ..\shared\simtimer.cpp ..\shared\singleplay_gamerules.cpp ..\shared\soundenvelope.cpp ..\shared\studio_shared.cpp ..\shared\takedamageinfo.cpp ..\shared\teamplay_gamerules.cpp ..\shared\teamplayroundbased_gamerules.cpp ..\shared\test_ehandle.cpp ..\shared\usercmd.cpp ..\shared\usermessages.cpp ..\shared\util_shared.cpp ..\shared\vehicle_viewblend_shared.cpp ..\shared\voice_banmgr.cpp ..\shared\voice_status.cpp ..\shared\weapon_parse.cpp ..\shared\weapon_parse_default.cpp AnimateSpecificTextureProxy.cpp BFA\hud_bullettime.cpp C_MaterialModifyControl.cpp C_WaterLODControl.cpp EffectsClient.cpp Human_Error\c_manhack_screen.cpp Human_Error\c_vehicle_manhack.cpp Human_Error\c_weapon_manhack.cpp Human_Error\tne_RenderTargets.cpp IsNPCProxy.cpp ProxyHealth.cpp ScreenSpaceEffects.cpp ViewConeImage.cpp WaterLODMaterialProxy.cpp WorldDimsProxy.cpp achievement_notification_panel.cpp alphamaterialproxy.cpp animatedentitytextureproxy.cpp animatedoffsettextureproxy.cpp animatedtextureproxy.cpp baseanimatedtextureproxy.cpp baseclientrendertargets.cpp basepresence.cpp beamdraw.cpp bone_merge_cache.cpp c_ai_basehumanoid.cpp c_ai_basenpc.cpp c_baseanimating.cpp c_baseanimatingoverlay.cpp c_basecombatcharacter.cpp c_basecombatweapon.cpp c_basedoor.cpp c_baseentity.cpp c_baseflex.cpp c_baseplayer.cpp c_basetempentity.cpp c_baseviewmodel.cpp c_breakableprop.cpp c_colorcorrection.cpp c_colorcorrectionvolume.cpp c_dynamiclight.cpp c_effects.cpp c_entitydissolve.cpp c_entityparticletrail.cpp c_env_fog_controller.cpp c_env_particlescript.cpp c_env_projectedtexture.cpp c_env_screenoverlay.cpp c_env_tonemap_controller.cpp c_fire_smoke.cpp c_fish.cpp c_func_areaportalwindow.cpp c_func_breakablesurf.cpp c_func_conveyor.cpp c_func_dust.cpp c_func_lod.cpp c_func_occluder.cpp c_func_reflective_glass.cpp c_func_rotating.cpp c_func_smokevolume.cpp c_func_tracktrain.cpp c_gib.cpp c_hairball.cpp c_impact_effects.cpp c_info_overlay_accessor.cpp c_lightglow.cpp c_movie_explosion.cpp c_particle_fire.cpp c_particle_smokegrenade.cpp c_particle_system.cpp c_physbox.cpp c_physicsprop.cpp c_physmagnet.cpp c_pixel_visibility.cpp c_plasma.cpp c_playerresource.cpp c_point_camera.cpp c_point_commentary_node.cpp c_prop_vehicle.cpp c_props.cpp c_ragdoll_manager.cpp c_recipientfilter.cpp c_rope.cpp c_rumble.cpp c_sceneentity.cpp c_shadowcontrol.cpp c_slideshow_display.cpp c_smoke_trail.cpp c_smokestack.cpp c_soundscape.cpp c_spotlight_end.cpp c_sprite.cpp c_sprite_perfmonitor.cpp c_steamjet.cpp c_stickybolt.cpp c_sun.cpp c_te.cpp c_te_armorricochet.cpp c_te_basebeam.cpp c_te_beamentpoint.cpp c_te_beaments.cpp c_te_beamfollow.cpp c_te_beamlaser.cpp c_te_beampoints.cpp c_te_beamring.cpp c_te_beamringpoint.cpp c_te_beamspline.cpp c_te_bloodsprite.cpp c_te_bloodstream.cpp c_te_breakmodel.cpp c_te_bspdecal.cpp c_te_bubbles.cpp c_te_bubbletrail.cpp c_te_clientprojectile.cpp c_te_decal.cpp c_te_dynamiclight.cpp c_te_effect_dispatch.cpp c_te_energysplash.cpp c_te_explosion.cpp c_te_fizz.cpp c_te_footprint.cpp c_te_glassshatter.cpp c_te_glowsprite.cpp c_te_impact.cpp c_te_killplayerattachments.cpp c_te_largefunnel.cpp c_te_legacytempents.cpp c_te_muzzleflash.cpp c_te_particlesystem.cpp c_te_physicsprop.cpp c_te_playerdecal.cpp c_te_projecteddecal.cpp c_te_showline.cpp c_te_smoke.cpp c_te_sparks.cpp c_te_sprite.cpp c_te_spritespray.cpp c_te_worlddecal.cpp c_team.cpp c_team_objectiveresource.cpp c_tesla.cpp c_test_proxytoggle.cpp c_testtraceline.cpp c_tracer.cpp c_user_message_register.cpp c_vehicle_choreo_generic.cpp c_vehicle_jeep.cpp c_vguiscreen.cpp c_world.cpp camomaterialproxy.cpp cdll_bounded_cvars.cpp cdll_client_int.cpp cdll_util.cpp cl_mat_stub.cpp classmap.cpp client_factorylist.cpp client_thinklist.cpp clienteffectprecachesystem.cpp cliententitylist.cpp clientleafsystem.cpp clientmode_shared.cpp clientshadowmgr.cpp clientsideeffects.cpp clientsideeffects_test.cpp colorcorrectionmgr.cpp commentary_modelviewer.cpp death.cpp detailobjectsystem.cpp dummyproxy.cpp entity_client_tools.cpp entityoriginmaterialproxy.cpp episodic\c_npc_advisor.cpp episodic\c_npc_puppet.cpp episodic\c_prop_scalable.cpp episodic\c_vehicle_jeep_episodic.cpp episodic\c_vort_charge_token.cpp episodic\c_weapon_hopwire.cpp episodic\episodic_screenspaceeffects.cpp episodic\flesh_internal_material_proxy.cpp flashlighteffect.cpp functionproxy.cpp fx.cpp fx_blood.cpp fx_cube.cpp fx_discreetline.cpp fx_envelope.cpp fx_explosion.cpp fx_fleck.cpp fx_impact.cpp fx_interpvalue.cpp fx_line.cpp fx_quad.cpp fx_shelleject.cpp fx_sparks.cpp fx_staticline.cpp fx_tracer.cpp fx_trail.cpp fx_water.cpp game_controls\ClientScoreBoardDialog.cpp game_controls\IconPanel.cpp game_controls\MapOverview.cpp game_controls\NavProgress.cpp game_controls\SpectatorGUI.cpp game_controls\basemodel_panel.cpp game_controls\basemodelpanel.cpp game_controls\baseviewport.cpp game_controls\commandmenu.cpp game_controls\intromenu.cpp game_controls\teammenu.cpp game_controls\vguitextwindow.cpp gametrace_client.cpp geiger.cpp glow_overlay.cpp history_resource.cpp hl2\C_Func_Monitor.cpp hl2\c_antlion_dust.cpp hl2\c_ar2_explosion.cpp hl2\c_barnacle.cpp hl2\c_barney.cpp hl2\c_basehelicopter.cpp hl2\c_basehlcombatweapon.cpp hl2\c_basehlplayer.cpp hl2\c_citadel_effects.cpp hl2\c_corpse.cpp hl2\c_env_alyxtemp.cpp hl2\c_env_headcrabcanister.cpp hl2\c_env_starfield.cpp hl2\c_func_tankmortar.cpp hl2\c_hl2_playerlocaldata.cpp hl2\c_info_teleporter_countdown.cpp hl2\c_npc_antlionguard.cpp hl2\c_npc_combinegunship.cpp hl2\c_npc_manhack.cpp hl2\c_npc_rollermine.cpp hl2\c_plasma_beam_node.cpp hl2\c_prop_combine_ball.cpp hl2\c_rotorwash.cpp hl2\c_script_intro.cpp hl2\c_strider.cpp hl2\c_te_concussiveexplosion.cpp hl2\c_te_flare.cpp hl2\c_thumper_dust.cpp hl2\c_vehicle_airboat.cpp hl2\c_vehicle_cannon.cpp hl2\c_vehicle_crane.cpp hl2\c_vehicle_prisoner_pod.cpp hl2\c_waterbullet.cpp hl2\c_weapon__stubs_hl2.cpp hl2\c_weapon_crossbow.cpp hl2\c_weapon_physcannon.cpp hl2\c_weapon_stunstick.cpp hl2\clientmode_hlnormal.cpp hl2\fx_antlion.cpp hl2\fx_bugbait.cpp hl2\fx_hl2_impacts.cpp hl2\fx_hl2_tracers.cpp hl2\hl2_clientmode.cpp hl2\hl_in_main.cpp hl2\hl_prediction.cpp hl2\hud_ammo.cpp hl2\hud_autoaim.cpp hl2\hud_battery.cpp hl2\hud_blood.cpp hl2\hud_credits.cpp hl2\hud_damageindicator.cpp hl2\hud_filmdemo.cpp hl2\hud_flashlight.cpp hl2\hud_hdrdemo.cpp hl2\hud_health.cpp hl2\hud_locator.cpp hl2\hud_poisondamageindicator.cpp hl2\hud_quickinfo.cpp hl2\hud_radar.cpp hl2\hud_suitpower.cpp hl2\hud_weaponselection.cpp hl2\hud_zoom.cpp hl2\shieldproxy.cpp hl2\vgui_rootpanel_hl2.cpp hltvcamera.cpp hud.cpp hud_animationinfo.cpp hud_basechat.cpp hud_basetimer.cpp hud_bitmapnumericdisplay.cpp hud_chat.cpp hud_closecaption.cpp hud_crosshair.cpp hud_element_helper.cpp hud_hintdisplay.cpp hud_msg.cpp hud_numericdisplay.cpp hud_pdump.cpp hud_posture.cpp hud_redraw.cpp hud_squadstatus.cpp hud_vehicle.cpp hud_weapon.cpp in_camera.cpp in_joystick.cpp in_main.cpp initializer.cpp interpolatedvar.cpp lampbeamproxy.cpp lamphaloproxy.cpp mathproxy.cpp matrixproxy.cpp menu.cpp message.cpp movehelper_client.cpp mp3player.cpp panelmetaclassmgr.cpp particle_collision.cpp particle_litsmokeemitter.cpp particle_proxies.cpp particle_simple3d.cpp particlemgr.cpp particles_attractor.cpp particles_ez.cpp particles_localspace.cpp particles_new.cpp particles_simple.cpp particlesphererenderer.cpp perfvisualbenchmark.cpp physics.cpp physics_main_client.cpp physpropclientside.cpp playerandobjectenumerator.cpp prediction.cpp proxyentity.cpp proxyplayer.cpp proxypupil.cpp ragdoll.cpp recvproxy.cpp simple_keys.cpp smoke_fog_overlay.cpp splinepatch.cpp spritemodel.cpp text_message.cpp texturescrollmaterialproxy.cpp timematerialproxy.cpp toggletextureproxy.cpp toolframework_client.cpp train.cpp vgui_avatarimage.cpp vgui_basepanel.cpp vgui_bitmapbutton.cpp vgui_bitmapimage.cpp vgui_bitmappanel.cpp vgui_centerstringpanel.cpp vgui_consolepanel.cpp vgui_debugoverlaypanel.cpp vgui_fpspanel.cpp vgui_game_viewport.cpp vgui_grid.cpp vgui_int.cpp vgui_loadingdiscpanel.cpp vgui_messagechars.cpp vgui_netgraphpanel.cpp vgui_slideshow_display_screen.cpp view.cpp view_beams.cpp view_effects.cpp view_scene.cpp viewangleanim.cpp viewdebug.cpp viewpostprocess.cpp viewrender.cpp warp_overlay.cpp weapon_selection.cpp weapons_resource.cpp
         SoundParametersInternal.cpp
         bone_accessor.cpp
         bonelist.cpp
         EntityParticleTrail_Shared.cpp
         GameStats.cpp
         SoundEmitterSystem.cpp
         Sprite.cpp
         SpriteTrail.cpp
         achievement_saverestore.cpp
         achievementmgr.cpp
         achievements_hlx.cpp
         activitylist.cpp
         ammodef.cpp
         animation.cpp
         base_playeranimstate.cpp
         baseachievement.cpp
         basecombatcharacter_shared.cpp
         basecombatweapon_shared.cpp
     1>..\shared\basecombatweapon_shared.cpp(1450): warning C4189: 'pOwner' : local variable is initialized but not referenced
         baseentity_shared.cpp
         basegrenade_shared.cpp
         Generating Code...
         Compiling...
         baseparticleentity.cpp
         baseplayer_shared.cpp
         baseviewmodel_shared.cpp
         beam_shared.cpp
         singleplayer_animstate.cpp
         collisionproperty.cpp
         death_pose.cpp
         debugoverlay_shared.cpp
         decals.cpp
         effect_dispatch_data.cpp
         ehandle.cpp
         entitylist_base.cpp
         env_detail_controller.cpp
         env_wind_shared.cpp
         eventlist.cpp
         func_ladder.cpp
         gamemovement.cpp
         gamerules.cpp
         gamerules_register.cpp
         gamestringpool.cpp
         Generating Code...
         Compiling...
         gamevars_shared.cpp
         hintmessage.cpp
         hintsystem.cpp
         basehlcombatweapon_shared.cpp
         env_headcrabcanister_shared.cpp
         hl2_gamerules.cpp
         hl2_usermessages.cpp
         hl_gamemovement.cpp
         survival_gamerules.cpp
         igamesystem.cpp
         mapentities_shared.cpp
         movevars_shared.cpp
         mp_shareddefs.cpp
         multiplay_gamerules.cpp
         obstacle_pushaway.cpp
         particle_parse.cpp
         particle_property.cpp
         particlesystemquery.cpp
         physics_main_shared.cpp
         physics_saverestore.cpp
         Generating Code...
         Compiling...
         physics_shared.cpp
         point_bonusmaps_accessor.cpp
         point_posecontroller.cpp
         precache_register.cpp
         predictableid.cpp
         predictioncopy.cpp
         props_shared.cpp
         ragdoll_shared.cpp
         rope_helpers.cpp
         saverestore.cpp
         sceneentity_shared.cpp
         script_intro_shared.cpp
         sequence_Transitioner.cpp
         simtimer.cpp
         singleplay_gamerules.cpp
         soundenvelope.cpp
         studio_shared.cpp
         takedamageinfo.cpp
         teamplay_gamerules.cpp
         teamplayroundbased_gamerules.cpp
         Generating Code...
         Compiling...
         test_ehandle.cpp
         usercmd.cpp
         usermessages.cpp
         util_shared.cpp
         vehicle_viewblend_shared.cpp
         voice_banmgr.cpp
         voice_status.cpp
         weapon_parse.cpp
         weapon_parse_default.cpp
         AnimateSpecificTextureProxy.cpp
         hud_bullettime.cpp
         C_MaterialModifyControl.cpp
         C_WaterLODControl.cpp
         EffectsClient.cpp
         c_manhack_screen.cpp
         c_vehicle_manhack.cpp
         c_weapon_manhack.cpp
         tne_RenderTargets.cpp
         IsNPCProxy.cpp
         ProxyHealth.cpp
         Generating Code...
         Compiling...
         ScreenSpaceEffects.cpp
         ViewConeImage.cpp
         WaterLODMaterialProxy.cpp
         WorldDimsProxy.cpp
         achievement_notification_panel.cpp
         alphamaterialproxy.cpp
         animatedentitytextureproxy.cpp
         animatedoffsettextureproxy.cpp
         animatedtextureproxy.cpp
         baseanimatedtextureproxy.cpp
         baseclientrendertargets.cpp
         basepresence.cpp
         beamdraw.cpp
         bone_merge_cache.cpp
         c_ai_basehumanoid.cpp
         c_ai_basenpc.cpp
         c_baseanimating.cpp
         c_baseanimatingoverlay.cpp
         c_basecombatcharacter.cpp
         c_basecombatweapon.cpp
         Generating Code...
         Compiling...
         c_basedoor.cpp
         c_baseentity.cpp
         c_baseflex.cpp
         c_baseplayer.cpp
         c_basetempentity.cpp
         c_baseviewmodel.cpp
         c_breakableprop.cpp
         c_colorcorrection.cpp
         c_colorcorrectionvolume.cpp
         c_dynamiclight.cpp
         c_effects.cpp
         c_entitydissolve.cpp
         c_entityparticletrail.cpp
         c_env_fog_controller.cpp
         c_env_particlescript.cpp
         c_env_projectedtexture.cpp
         c_env_screenoverlay.cpp
         c_env_tonemap_controller.cpp
         c_fire_smoke.cpp
         c_fish.cpp
         Generating Code...
         Compiling...
         c_func_areaportalwindow.cpp
         c_func_breakablesurf.cpp
         c_func_conveyor.cpp
         c_func_dust.cpp
         c_func_lod.cpp
         c_func_occluder.cpp
         c_func_reflective_glass.cpp
         c_func_rotating.cpp
         c_func_smokevolume.cpp
         c_func_tracktrain.cpp
         c_gib.cpp
         c_hairball.cpp
         c_impact_effects.cpp
         c_info_overlay_accessor.cpp
         c_lightglow.cpp
         c_movie_explosion.cpp
         c_particle_fire.cpp
         c_particle_smokegrenade.cpp
         c_particle_system.cpp
         c_physbox.cpp
         Generating Code...
         Compiling...
         c_physicsprop.cpp
         c_physmagnet.cpp
         c_pixel_visibility.cpp
         c_plasma.cpp
         c_playerresource.cpp
         c_point_camera.cpp
         c_point_commentary_node.cpp
         c_prop_vehicle.cpp
         c_props.cpp
         c_ragdoll_manager.cpp
         c_recipientfilter.cpp
         c_rope.cpp
         c_rumble.cpp
         c_sceneentity.cpp
         c_shadowcontrol.cpp
         c_slideshow_display.cpp
         c_smoke_trail.cpp
         c_smokestack.cpp
         c_soundscape.cpp
         c_spotlight_end.cpp
         Generating Code...
         Compiling...
         c_sprite.cpp
         c_sprite_perfmonitor.cpp
         c_steamjet.cpp
         c_stickybolt.cpp
         c_sun.cpp
         c_te.cpp
         c_te_armorricochet.cpp
         c_te_basebeam.cpp
         c_te_beamentpoint.cpp
         c_te_beaments.cpp
         c_te_beamfollow.cpp
         c_te_beamlaser.cpp
         c_te_beampoints.cpp
         c_te_beamring.cpp
         c_te_beamringpoint.cpp
         c_te_beamspline.cpp
         c_te_bloodsprite.cpp
         c_te_bloodstream.cpp
         c_te_breakmodel.cpp
         c_te_bspdecal.cpp
         Generating Code...
         Compiling...
         c_te_bubbles.cpp
         c_te_bubbletrail.cpp
         c_te_clientprojectile.cpp
         c_te_decal.cpp
         c_te_dynamiclight.cpp
         c_te_effect_dispatch.cpp
         c_te_energysplash.cpp
         c_te_explosion.cpp
         c_te_fizz.cpp
         c_te_footprint.cpp
         c_te_glassshatter.cpp
         c_te_glowsprite.cpp
         c_te_impact.cpp
         c_te_killplayerattachments.cpp
         c_te_largefunnel.cpp
         c_te_legacytempents.cpp
         c_te_muzzleflash.cpp
         c_te_particlesystem.cpp
         c_te_physicsprop.cpp
         c_te_playerdecal.cpp
         Generating Code...
         Compiling...
         c_te_projecteddecal.cpp
         c_te_showline.cpp
         c_te_smoke.cpp
         c_te_sparks.cpp
         c_te_sprite.cpp
         c_te_spritespray.cpp
         c_te_worlddecal.cpp
         c_team.cpp
         c_team_objectiveresource.cpp
         c_tesla.cpp
         c_test_proxytoggle.cpp
         c_testtraceline.cpp
         c_tracer.cpp
         c_user_message_register.cpp
         c_vehicle_choreo_generic.cpp
         c_vehicle_jeep.cpp
         c_vguiscreen.cpp
         c_world.cpp
         camomaterialproxy.cpp
         cdll_bounded_cvars.cpp
         Generating Code...
         Compiling...
         cdll_client_int.cpp
         cdll_util.cpp
         cl_mat_stub.cpp
         classmap.cpp
         client_factorylist.cpp
         client_thinklist.cpp
         clienteffectprecachesystem.cpp
         cliententitylist.cpp
         clientleafsystem.cpp
         clientmode_shared.cpp
         clientshadowmgr.cpp
         clientsideeffects.cpp
         clientsideeffects_test.cpp
         colorcorrectionmgr.cpp
         commentary_modelviewer.cpp
         death.cpp
         detailobjectsystem.cpp
         dummyproxy.cpp
         entity_client_tools.cpp
         entityoriginmaterialproxy.cpp
         Generating Code...
         Compiling...
         c_npc_advisor.cpp
         c_npc_puppet.cpp
         c_prop_scalable.cpp
         c_vehicle_jeep_episodic.cpp
         c_vort_charge_token.cpp
         c_weapon_hopwire.cpp
         episodic_screenspaceeffects.cpp
         flesh_internal_material_proxy.cpp
         flashlighteffect.cpp
         functionproxy.cpp
         fx.cpp
         fx_blood.cpp
         fx_cube.cpp
         fx_discreetline.cpp
         fx_envelope.cpp
         fx_explosion.cpp
         fx_fleck.cpp
         fx_impact.cpp
         fx_interpvalue.cpp
         fx_line.cpp
         Generating Code...
         Compiling...
         fx_quad.cpp
         fx_shelleject.cpp
         fx_sparks.cpp
         fx_staticline.cpp
         fx_tracer.cpp
         fx_trail.cpp
         fx_water.cpp
         ClientScoreBoardDialog.cpp
         IconPanel.cpp
         MapOverview.cpp
         NavProgress.cpp
         SpectatorGUI.cpp
         basemodel_panel.cpp
         basemodelpanel.cpp
         baseviewport.cpp
         commandmenu.cpp
         intromenu.cpp
         teammenu.cpp
         vguitextwindow.cpp
         gametrace_client.cpp
         Generating Code...
         Compiling...
         geiger.cpp
         glow_overlay.cpp
         history_resource.cpp
         C_Func_Monitor.cpp
         c_antlion_dust.cpp
         c_ar2_explosion.cpp
         c_barnacle.cpp
         c_barney.cpp
         c_basehelicopter.cpp
         c_basehlcombatweapon.cpp
         c_basehlplayer.cpp
         c_citadel_effects.cpp
         c_corpse.cpp
         c_env_alyxtemp.cpp
         c_env_headcrabcanister.cpp
         c_env_starfield.cpp
         c_func_tankmortar.cpp
         c_hl2_playerlocaldata.cpp
         c_info_teleporter_countdown.cpp
         c_npc_antlionguard.cpp
         Generating Code...
         Compiling...
         c_npc_combinegunship.cpp
         c_npc_manhack.cpp
         c_npc_rollermine.cpp
         c_plasma_beam_node.cpp
         c_prop_combine_ball.cpp
         c_rotorwash.cpp
         c_script_intro.cpp
         c_strider.cpp
         c_te_concussiveexplosion.cpp
         c_te_flare.cpp
         c_thumper_dust.cpp
         c_vehicle_airboat.cpp
         c_vehicle_cannon.cpp
         c_vehicle_crane.cpp
         c_vehicle_prisoner_pod.cpp
         c_waterbullet.cpp
         c_weapon__stubs_hl2.cpp
         c_weapon_crossbow.cpp
         c_weapon_physcannon.cpp
         c_weapon_stunstick.cpp
         Generating Code...
         Compiling...
         clientmode_hlnormal.cpp
         fx_antlion.cpp
         fx_bugbait.cpp
         fx_hl2_impacts.cpp
         fx_hl2_tracers.cpp
         hl2_clientmode.cpp
         hl_in_main.cpp
         hl_prediction.cpp
         hud_ammo.cpp
         hud_autoaim.cpp
         hud_battery.cpp
         hud_blood.cpp
         hud_credits.cpp
     1>hl2\hud_credits.cpp(7): warning C4627: '#include "hudelement.h"': skipped when looking for precompiled header use
                 Add directive to 'cbase.h' or rebuild precompiled header
     1>hl2\hud_credits.cpp(8): warning C4627: '#include "hud_numericdisplay.h"': skipped when looking for precompiled header use
                 Add directive to 'cbase.h' or rebuild precompiled header
     1>hl2\hud_credits.cpp(9): warning C4627: '#include <vgui_controls/Panel.h>': skipped when looking for precompiled header use
                 Add directive to 'cbase.h' or rebuild precompiled header
         hud_damageindicator.cpp
         hud_filmdemo.cpp
         hud_flashlight.cpp
     1>hl2\hud_flashlight.cpp(7): warning C4627: '#include "hudelement.h"': skipped when looking for precompiled header use
                 Add directive to 'cbase.h' or rebuild precompiled header
     1>hl2\hud_flashlight.cpp(8): warning C4627: '#include "hud_numericdisplay.h"': skipped when looking for precompiled header use
                 Add directive to 'cbase.h' or rebuild precompiled header
     1>hl2\hud_flashlight.cpp(9): warning C4627: '#include <vgui_controls/Panel.h>': skipped when looking for precompiled header use
                 Add directive to 'cbase.h' or rebuild precompiled header
         hud_hdrdemo.cpp
         hud_health.cpp
         hud_locator.cpp
     1>hl2\hud_locator.cpp(7): warning C4627: '#include "hudelement.h"': skipped when looking for precompiled header use
                 Add directive to 'cbase.h' or rebuild precompiled header
     1>hl2\hud_locator.cpp(8): warning C4627: '#include "hud_numericdisplay.h"': skipped when looking for precompiled header use
                 Add directive to 'cbase.h' or rebuild precompiled header
     1>hl2\hud_locator.cpp(9): warning C4627: '#include <vgui_controls/Panel.h>': skipped when looking for precompiled header use
                 Add directive to 'cbase.h' or rebuild precompiled header
         hud_poisondamageindicator.cpp
         Generating Code...
         Compiling...
         hud_quickinfo.cpp
         hud_radar.cpp
         hud_suitpower.cpp
         hud_weaponselection.cpp
         hud_zoom.cpp
         shieldproxy.cpp
         vgui_rootpanel_hl2.cpp
         hltvcamera.cpp
         hud.cpp
         hud_animationinfo.cpp
         hud_basechat.cpp
         hud_basetimer.cpp
         hud_bitmapnumericdisplay.cpp
         hud_chat.cpp
         hud_closecaption.cpp
         hud_crosshair.cpp
         hud_element_helper.cpp
         hud_hintdisplay.cpp
         hud_msg.cpp
         hud_numericdisplay.cpp
         Generating Code...
         Compiling...
         hud_pdump.cpp
         hud_posture.cpp
         hud_redraw.cpp
         hud_squadstatus.cpp
         hud_vehicle.cpp
         hud_weapon.cpp
         in_camera.cpp
         in_joystick.cpp
     1>in_joystick.cpp(10): warning C4627: '#include <windows.h>': skipped when looking for precompiled header use
                 Add directive to 'cbase.h' or rebuild precompiled header
         in_main.cpp
         initializer.cpp
         interpolatedvar.cpp
         lampbeamproxy.cpp
         lamphaloproxy.cpp
         mathproxy.cpp
         matrixproxy.cpp
         menu.cpp
         message.cpp
         movehelper_client.cpp
         mp3player.cpp
         panelmetaclassmgr.cpp
         Generating Code...
         Compiling...
         particle_collision.cpp
         particle_litsmokeemitter.cpp
         particle_proxies.cpp
         particle_simple3d.cpp
         particlemgr.cpp
         particles_attractor.cpp
         particles_ez.cpp
         particles_localspace.cpp
         particles_new.cpp
         particles_simple.cpp
         particlesphererenderer.cpp
         perfvisualbenchmark.cpp
         physics.cpp
         physics_main_client.cpp
         physpropclientside.cpp
         playerandobjectenumerator.cpp
         prediction.cpp
         proxyentity.cpp
         proxyplayer.cpp
         proxypupil.cpp
         Generating Code...
         Compiling...
         ragdoll.cpp
         recvproxy.cpp
         simple_keys.cpp
         smoke_fog_overlay.cpp
         splinepatch.cpp
         spritemodel.cpp
         text_message.cpp
         texturescrollmaterialproxy.cpp
         timematerialproxy.cpp
         toggletextureproxy.cpp
         toolframework_client.cpp
         train.cpp
         vgui_avatarimage.cpp
         vgui_basepanel.cpp
         vgui_bitmapbutton.cpp
         vgui_bitmapimage.cpp
         vgui_bitmappanel.cpp
         vgui_centerstringpanel.cpp
         vgui_consolepanel.cpp
         vgui_debugoverlaypanel.cpp
         Generating Code...
         Compiling...
         vgui_fpspanel.cpp
         vgui_game_viewport.cpp
         vgui_grid.cpp
         vgui_int.cpp
         vgui_loadingdiscpanel.cpp
         vgui_messagechars.cpp
         vgui_netgraphpanel.cpp
         vgui_slideshow_display_screen.cpp
         view.cpp
         view_beams.cpp
         view_effects.cpp
         view_scene.cpp
         viewangleanim.cpp
         viewdebug.cpp
         viewpostprocess.cpp
         viewrender.cpp
         warp_overlay.cpp
         weapon_selection.cpp
         weapons_resource.cpp
         Generating Code...
         c:\Program Files (x86)\Microsoft Visual Studio 10.0\VC\bin\CL.exe /c /I.\hl2 /I.\hl2\elements /I..\..\game\shared\hl2 /I..\..\game\shared\episodic /I..\..\public /I.\ /I..\..\common /I..\..\public\tier0 /I..\..\public\tier1 /I..\..\vgui2\include /I..\..\vgui2\controls /I..\..\game\shared /I.\game_controls /I"C:\Program Files (x86)\Khrona LLC\Awesomium SDK\1.6.6\\include" /Zi /nologo /W4 /WX- /O2 /Ob2 /Oi /Ot /Oy- /D WIN32 /D _WIN32 /D NDEBUG /D _WINDOWS /D _USRDLL /D _CRT_SECURE_NO_DEPRECATE /D _CRT_NONSTDC_NO_DEPRECATE /D NO_STRING_T /D CLIENT_DLL /D VECTOR /D VERSION_SAFE_STEAM_API_INTERFACES /D PROTECTED_THINGS_ENABLE /D fopen=dont_use_fopen /D strncpy=use_Q_strncpy_instead /D _snprintf=use_Q_snprintf_instead /D ENABLE_HTMLWINDOW /D HL2_CLIENT_DLL /D HL2_EPISODIC /D SP_SDK /D _WINDLL /D _MBCS /GF /Gm- /MT /GS- /Gy /fp:fast /Zc:wchar_t /Zc:forScope /GR /Fo".\Release_episodic\\" /Fd".\Release_episodic\vc100.pdb" /Gd /TP /analyze- /errorReport:prompt hud_lcd.cpp in_mouse.cpp
         hud_lcd.cpp
         in_mouse.cpp
         Generating Code...
     1>C:\Program Files (x86)\MSBuild\Microsoft.Cpp\v4.0\Microsoft.CppBuild.targets(990,5): warning MSB8012: TargetPath(C:\SourceSDK.Source_Code\BFA_NEW\BFA_DC\C++ Code\game\client\.\Release_episodic\Client Episodic.dll) does not match the Linker's OutputFile property value (C:\SourceSDK.Source_Code\BFA_NEW\BFA_DC\C++ Code\game\client\Release_episodic\Client.dll). This may cause your project to build incorrectly. To correct this, please make sure that $(OutDir), $(TargetName) and $(TargetExt) property values match the value specified in %(Link.OutputFile).
     1>C:\Program Files (x86)\MSBuild\Microsoft.Cpp\v4.0\Microsoft.CppBuild.targets(992,5): warning MSB8012: TargetName(Client Episodic) does not match the Linker's OutputFile property value (Client). This may cause your project to build incorrectly. To correct this, please make sure that $(OutDir), $(TargetName) and $(TargetExt) property values match the value specified in %(Link.OutputFile).
       Link:
         c:\Program Files (x86)\Microsoft Visual Studio 10.0\VC\bin\link.exe /ERRORREPORT:PROMPT /OUT:".\Release_episodic\Client.dll" /INCREMENTAL:NO /NOLOGO /LIBPATH:..\..\lib\common /LIBPATH:..\..\lib\public winmm.lib kernel32.lib user32.lib gdi32.lib winspool.lib comdlg32.lib advapi32.lib shell32.lib ole32.lib oleaut32.lib uuid.lib odbc32.lib odbccp32.lib /NODEFAULTLIB:libc /NODEFAULTLIB:libcd /NODEFAULTLIB:libcmtd /MANIFEST:NO /DEBUG /PDB:".\Release_episodic\Client Episodic.pdb" /MAP:".\Release_episodic\Client Episodic.map" /SUBSYSTEM:WINDOWS /OPT:REF /OPT:ICF /TLBID:1 /DYNAMICBASE /NXCOMPAT /MACHINE:X86 /DLL .\Release_episodic\singleplayer_animstate.obj
         .\Release_episodic\achievement_notification_panel.obj
         .\Release_episodic\achievement_saverestore.obj
         .\Release_episodic\achievementmgr.obj
         .\Release_episodic\achievements_hlx.obj
         .\Release_episodic\activitylist.obj
         .\Release_episodic\alphamaterialproxy.obj
         .\Release_episodic\ammodef.obj
         .\Release_episodic\animatedentitytextureproxy.obj
         .\Release_episodic\animatedoffsettextureproxy.obj
         .\Release_episodic\animatedtextureproxy.obj
         .\Release_episodic\AnimateSpecificTextureProxy.obj
         .\Release_episodic\animation.obj
         .\Release_episodic\base_playeranimstate.obj
         .\Release_episodic\baseachievement.obj
         .\Release_episodic\baseanimatedtextureproxy.obj
         .\Release_episodic\baseclientrendertargets.obj
         .\Release_episodic\basecombatcharacter_shared.obj
         .\Release_episodic\basecombatweapon_shared.obj
         .\Release_episodic\baseentity_shared.obj
         .\Release_episodic\basegrenade_shared.obj
         .\Release_episodic\baseparticleentity.obj
         .\Release_episodic\baseplayer_shared.obj
         .\Release_episodic\basepresence.obj
         .\Release_episodic\baseviewmodel_shared.obj
         .\Release_episodic\beam_shared.obj
         .\Release_episodic\beamdraw.obj
         .\Release_episodic\bone_accessor.obj
         .\Release_episodic\hud_bullettime.obj
         .\Release_episodic\bone_merge_cache.obj
         .\Release_episodic\bone_setup.obj
         .\Release_episodic\c_ai_basehumanoid.obj
         .\Release_episodic\c_ai_basenpc.obj
         .\Release_episodic\c_baseanimating.obj
         .\Release_episodic\c_baseanimatingoverlay.obj
         .\Release_episodic\c_basecombatcharacter.obj
         .\Release_episodic\c_basecombatweapon.obj
         .\Release_episodic\c_basedoor.obj
         .\Release_episodic\c_baseentity.obj
         .\Release_episodic\c_baseflex.obj
         .\Release_episodic\c_baseplayer.obj
         .\Release_episodic\c_baseviewmodel.obj
         .\Release_episodic\c_breakableprop.obj
         .\Release_episodic\c_colorcorrection.obj
         .\Release_episodic\c_colorcorrectionvolume.obj
         .\Release_episodic\c_dynamiclight.obj
         .\Release_episodic\c_entitydissolve.obj
         .\Release_episodic\c_entityparticletrail.obj
         .\Release_episodic\c_env_fog_controller.obj
         .\Release_episodic\c_env_particlescript.obj
         .\Release_episodic\c_env_projectedtexture.obj
         .\Release_episodic\c_env_screenoverlay.obj
         .\Release_episodic\c_env_tonemap_controller.obj
         .\Release_episodic\c_fire_smoke.obj
         .\Release_episodic\c_fish.obj
         .\Release_episodic\c_func_areaportalwindow.obj
         .\Release_episodic\c_func_breakablesurf.obj
         .\Release_episodic\c_func_conveyor.obj
         .\Release_episodic\c_func_dust.obj
         .\Release_episodic\c_func_lod.obj
         .\Release_episodic\C_Func_Monitor.obj
         .\Release_episodic\c_func_occluder.obj
         .\Release_episodic\c_func_reflective_glass.obj
         .\Release_episodic\c_func_rotating.obj
         .\Release_episodic\c_func_smokevolume.obj
         .\Release_episodic\c_func_tracktrain.obj
         .\Release_episodic\c_gib.obj
         .\Release_episodic\c_hairball.obj
         .\Release_episodic\c_info_overlay_accessor.obj
         .\Release_episodic\c_lightglow.obj
         .\Release_episodic\C_MaterialModifyControl.obj
         .\Release_episodic\c_particle_system.obj
         .\Release_episodic\c_physbox.obj
         .\Release_episodic\c_physicsprop.obj
         .\Release_episodic\c_physmagnet.obj
         .\Release_episodic\c_pixel_visibility.obj
         .\Release_episodic\c_plasma.obj
         .\Release_episodic\c_playerresource.obj
         .\Release_episodic\c_point_camera.obj
         .\Release_episodic\c_point_commentary_node.obj
         .\Release_episodic\c_props.obj
         .\Release_episodic\c_ragdoll_manager.obj
         .\Release_episodic\c_rope.obj
         .\Release_episodic\c_rumble.obj
         .\Release_episodic\c_sceneentity.obj
         .\Release_episodic\c_shadowcontrol.obj
         .\Release_episodic\c_slideshow_display.obj
         .\Release_episodic\c_soundscape.obj
         .\Release_episodic\c_spotlight_end.obj
         .\Release_episodic\c_sprite.obj
         .\Release_episodic\c_sprite_perfmonitor.obj
         .\Release_episodic\c_sun.obj
         .\Release_episodic\c_team.obj
         .\Release_episodic\c_team_objectiveresource.obj
         .\Release_episodic\c_tesla.obj
         .\Release_episodic\c_test_proxytoggle.obj
         .\Release_episodic\c_user_message_register.obj
         .\Release_episodic\c_vehicle_choreo_generic.obj
         .\Release_episodic\c_vehicle_jeep.obj
         .\Release_episodic\c_vguiscreen.obj
         .\Release_episodic\c_waterbullet.obj
         .\Release_episodic\C_WaterLODControl.obj
         .\Release_episodic\c_world.obj
         .\Release_episodic\camomaterialproxy.obj
         .\Release_episodic\cdll_bounded_cvars.obj
         .\Release_episodic\cdll_client_int.obj
         .\Release_episodic\cdll_util.obj
         .\Release_episodic\cl_mat_stub.obj
         .\Release_episodic\classmap.obj
         .\Release_episodic\client_class.obj
         .\Release_episodic\client_factorylist.obj
         .\Release_episodic\client_thinklist.obj
         .\Release_episodic\clienteffectprecachesystem.obj
         .\Release_episodic\cliententitylist.obj
         .\Release_episodic\clientleafsystem.obj
         .\Release_episodic\clientmode_shared.obj
         .\Release_episodic\clientshadowmgr.obj
         .\Release_episodic\clientsideeffects.obj
         .\Release_episodic\clientsideeffects_test.obj
         .\Release_episodic\collisionproperty.obj
         .\Release_episodic\collisionutils.obj
         .\Release_episodic\colorcorrectionmgr.obj
         .\Release_episodic\commentary_modelviewer.obj
         .\Release_episodic\compiledcaptionswap.obj
         .\Release_episodic\crtmemdebug.obj
         .\Release_episodic\death_pose.obj
         .\Release_episodic\debugoverlay_shared.obj
         .\Release_episodic\decals.obj
         .\Release_episodic\detailobjectsystem.obj
         .\Release_episodic\dt_recv.obj
         .\Release_episodic\dt_utlvector_common.obj
         .\Release_episodic\dt_utlvector_recv.obj
         .\Release_episodic\dummyproxy.obj
         .\Release_episodic\effect_dispatch_data.obj
         .\Release_episodic\EffectsClient.obj
         .\Release_episodic\ehandle.obj
         .\Release_episodic\entitylist_base.obj
         .\Release_episodic\entityoriginmaterialproxy.obj
         .\Release_episodic\EntityParticleTrail_Shared.obj
         .\Release_episodic\env_detail_controller.obj
         .\Release_episodic\env_wind_shared.obj
         .\Release_episodic\eventlist.obj
         .\Release_episodic\filesystem_helpers.obj
         .\Release_episodic\flashlighteffect.obj
         .\Release_episodic\func_ladder.obj
         .\Release_episodic\functionproxy.obj
         .\Release_episodic\fx_blood.obj
         .\Release_episodic\fx_cube.obj
         .\Release_episodic\fx_explosion.obj
         .\Release_episodic\fx_fleck.obj
         .\Release_episodic\fx_impact.obj
         .\Release_episodic\fx_interpvalue.obj
         .\Release_episodic\fx_quad.obj
         .\Release_episodic\fx_shelleject.obj
         .\Release_episodic\fx_staticline.obj
         .\Release_episodic\fx_tracer.obj
         .\Release_episodic\fx_trail.obj
         .\Release_episodic\fx_water.obj
         .\Release_episodic\gamemovement.obj
         .\Release_episodic\gamerules.obj
         .\Release_episodic\gamerules_register.obj
         .\Release_episodic\GameStats.obj
         .\Release_episodic\gamestringpool.obj
         .\Release_episodic\gametrace_client.obj
         .\Release_episodic\gamevars_shared.obj
         .\Release_episodic\geiger.obj
         .\Release_episodic\glow_overlay.obj
         .\Release_episodic\hintmessage.obj
         .\Release_episodic\hintsystem.obj
         .\Release_episodic\history_resource.obj
         .\Release_episodic\hltvcamera.obj
         .\Release_episodic\hud.obj
         .\Release_episodic\hud_animationinfo.obj
         .\Release_episodic\hud_autoaim.obj
         .\Release_episodic\hud_basechat.obj
         .\Release_episodic\hud_basetimer.obj
         .\Release_episodic\hud_bitmapnumericdisplay.obj
         .\Release_episodic\hud_chat.obj
         .\Release_episodic\hud_closecaption.obj
         .\Release_episodic\hud_crosshair.obj
         .\Release_episodic\hud_element_helper.obj
         .\Release_episodic\hud_filmdemo.obj
         .\Release_episodic\hud_hdrdemo.obj
         .\Release_episodic\hud_hintdisplay.obj
         .\Release_episodic\hud_lcd.obj
         .\Release_episodic\hud_msg.obj
         .\Release_episodic\hud_numericdisplay.obj
         .\Release_episodic\hud_pdump.obj
         .\Release_episodic\hud_redraw.obj
         .\Release_episodic\hud_vehicle.obj
         .\Release_episodic\hud_weapon.obj
         .\Release_episodic\igamesystem.obj
         .\Release_episodic\c_manhack_screen.obj
         .\Release_episodic\c_vehicle_manhack.obj
         .\Release_episodic\c_weapon_manhack.obj
         .\Release_episodic\tne_RenderTargets.obj
         .\Release_episodic\in_camera.obj
         .\Release_episodic\in_joystick.obj
         .\Release_episodic\in_main.obj
         .\Release_episodic\in_mouse.obj
         .\Release_episodic\initializer.obj
         .\Release_episodic\interpolatedvar.obj
         .\Release_episodic\interpolatortypes.obj
         .\Release_episodic\interval.obj
         .\Release_episodic\IsNPCProxy.obj
         .\Release_episodic\jigglebones.obj
         .\Release_episodic\lampbeamproxy.obj
         .\Release_episodic\lamphaloproxy.obj
         .\Release_episodic\mapentities_shared.obj
         .\Release_episodic\mathproxy.obj
         .\Release_episodic\matrixproxy.obj
         .\Release_episodic\memoverride.obj
         .\Release_episodic\menu.obj
         .\Release_episodic\message.obj
         .\Release_episodic\movehelper_client.obj
         .\Release_episodic\movevars_shared.obj
         .\Release_episodic\mp_shareddefs.obj
         .\Release_episodic\multiplay_gamerules.obj
         .\Release_episodic\networkvar.obj
         .\Release_episodic\obstacle_pushaway.obj
         .\Release_episodic\panelmetaclassmgr.obj
         .\Release_episodic\particle_collision.obj
         .\Release_episodic\particle_litsmokeemitter.obj
         .\Release_episodic\particle_parse.obj
         .\Release_episodic\particle_property.obj
         .\Release_episodic\particle_proxies.obj
         .\Release_episodic\particle_simple3d.obj
         .\Release_episodic\particlemgr.obj
         .\Release_episodic\particles_attractor.obj
         .\Release_episodic\particles_ez.obj
         .\Release_episodic\particles_localspace.obj
         .\Release_episodic\particles_new.obj
         .\Release_episodic\particles_simple.obj
         .\Release_episodic\particlesystemquery.obj
         .\Release_episodic\perfvisualbenchmark.obj
         .\Release_episodic\physics.obj
         .\Release_episodic\physics_main_client.obj
         .\Release_episodic\physics_main_shared.obj
         .\Release_episodic\physics_saverestore.obj
         .\Release_episodic\physics_shared.obj
         .\Release_episodic\physpropclientside.obj
         .\Release_episodic\playerandobjectenumerator.obj
         .\Release_episodic\point_bonusmaps_accessor.obj
         .\Release_episodic\point_posecontroller.obj
         .\Release_episodic\posedebugger.obj
         .\Release_episodic\precache_register.obj
         .\Release_episodic\predictableid.obj
         .\Release_episodic\prediction.obj
         .\Release_episodic\predictioncopy.obj
         .\Release_episodic\props_shared.obj
         .\Release_episodic\proxyentity.obj
         .\Release_episodic\ProxyHealth.obj
         .\Release_episodic\proxyplayer.obj
         .\Release_episodic\proxypupil.obj
         .\Release_episodic\ragdoll.obj
         .\Release_episodic\ragdoll_shared.obj
         .\Release_episodic\randoverride.obj
         .\Release_episodic\recvproxy.obj
         .\Release_episodic\rendertexture.obj
         .\Release_episodic\rope_helpers.obj
         .\Release_episodic\rope_physics.obj
         .\Release_episodic\saverestore.obj
         .\Release_episodic\sceneentity_shared.obj
         .\Release_episodic\scratchpad3d.obj
         .\Release_episodic\ScratchPadUtils.obj
         .\Release_episodic\ScreenSpaceEffects.obj
         .\Release_episodic\sentence.obj
         .\Release_episodic\sequence_Transitioner.obj
         .\Release_episodic\sheetsimulator.obj
         .\Release_episodic\simple_keys.obj
         .\Release_episodic\simple_physics.obj
         .\Release_episodic\simtimer.obj
         .\Release_episodic\singleplay_gamerules.obj
         .\Release_episodic\SoundEmitterSystem.obj
         .\Release_episodic\soundenvelope.obj
         .\Release_episodic\SoundParametersInternal.obj
         .\Release_episodic\splinepatch.obj
         .\Release_episodic\Sprite.obj
         .\Release_episodic\spritemodel.obj
         .\Release_episodic\SpriteTrail.obj
         .\Release_episodic\stringregistry.obj
         .\Release_episodic\studio.obj
         .\Release_episodic\studio_shared.obj
         .\Release_episodic\takedamageinfo.obj
         .\Release_episodic\teamplay_gamerules.obj
         .\Release_episodic\teamplayroundbased_gamerules.obj
         .\Release_episodic\test_ehandle.obj
         .\Release_episodic\text_message.obj
         .\Release_episodic\texturescrollmaterialproxy.obj
         .\Release_episodic\timematerialproxy.obj
         .\Release_episodic\toggletextureproxy.obj
         .\Release_episodic\train.obj
         .\Release_episodic\usercmd.obj
         .\Release_episodic\usermessages.obj
         .\Release_episodic\util_shared.obj
         .\Release_episodic\vallocator.obj
         .\Release_episodic\vehicle_viewblend_shared.obj
         .\Release_episodic\vgui_avatarimage.obj
         .\Release_episodic\vgui_basepanel.obj
         .\Release_episodic\vgui_bitmapbutton.obj
         .\Release_episodic\vgui_bitmapimage.obj
         .\Release_episodic\vgui_bitmappanel.obj
         .\Release_episodic\vgui_centerstringpanel.obj
         .\Release_episodic\vgui_consolepanel.obj
         .\Release_episodic\vgui_controls.obj
         .\Release_episodic\vgui_debugoverlaypanel.obj
         .\Release_episodic\vgui_fpspanel.obj
         .\Release_episodic\vgui_game_viewport.obj
         .\Release_episodic\vgui_grid.obj
         .\Release_episodic\vgui_int.obj
         .\Release_episodic\vgui_loadingdiscpanel.obj
         .\Release_episodic\vgui_messagechars.obj
         .\Release_episodic\vgui_netgraphpanel.obj
         .\Release_episodic\vgui_slideshow_display_screen.obj
         .\Release_episodic\view.obj
         .\Release_episodic\view_beams.obj
         .\Release_episodic\view_effects.obj
         .\Release_episodic\view_scene.obj
         .\Release_episodic\viewangleanim.obj
         .\Release_episodic\ViewConeImage.obj
         .\Release_episodic\viewdebug.obj
         .\Release_episodic\viewpostprocess.obj
         .\Release_episodic\viewrender.obj
         .\Release_episodic\voice_banmgr.obj
         .\Release_episodic\voice_status.obj
         .\Release_episodic\warp_overlay.obj
         .\Release_episodic\WaterLODMaterialProxy.obj
         .\Release_episodic\weapon_parse.obj
         .\Release_episodic\weapon_parse_default.obj
         .\Release_episodic\weapon_selection.obj
         .\Release_episodic\weapons_resource.obj
         .\Release_episodic\WorldDimsProxy.obj
         .\Release_episodic\stdafx.obj
         .\Release_episodic\c_basetempentity.obj
         .\Release_episodic\c_effects.obj
         .\Release_episodic\c_impact_effects.obj
         .\Release_episodic\c_movie_explosion.obj
         .\Release_episodic\c_particle_fire.obj
         .\Release_episodic\c_particle_smokegrenade.obj
         .\Release_episodic\c_prop_vehicle.obj
         .\Release_episodic\c_recipientfilter.obj
         .\Release_episodic\c_smoke_trail.obj
         .\Release_episodic\c_smokestack.obj
         .\Release_episodic\c_steamjet.obj
         .\Release_episodic\c_stickybolt.obj
         .\Release_episodic\c_te.obj
         .\Release_episodic\c_te_armorricochet.obj
         .\Release_episodic\c_te_basebeam.obj
         .\Release_episodic\c_te_beamentpoint.obj
         .\Release_episodic\c_te_beaments.obj
         .\Release_episodic\c_te_beamfollow.obj
         .\Release_episodic\c_te_beamlaser.obj
         .\Release_episodic\c_te_beampoints.obj
         .\Release_episodic\c_te_beamring.obj
         .\Release_episodic\c_te_beamringpoint.obj
         .\Release_episodic\c_te_beamspline.obj
         .\Release_episodic\c_te_bloodsprite.obj
         .\Release_episodic\c_te_bloodstream.obj
         .\Release_episodic\c_te_breakmodel.obj
         .\Release_episodic\c_te_bspdecal.obj
         .\Release_episodic\c_te_bubbles.obj
         .\Release_episodic\c_te_bubbletrail.obj
         .\Release_episodic\c_te_clientprojectile.obj
         .\Release_episodic\c_te_decal.obj
         .\Release_episodic\c_te_dynamiclight.obj
         .\Release_episodic\c_te_effect_dispatch.obj
         .\Release_episodic\c_te_energysplash.obj
         .\Release_episodic\c_te_explosion.obj
         .\Release_episodic\c_te_fizz.obj
         .\Release_episodic\c_te_footprint.obj
         .\Release_episodic\c_te_glassshatter.obj
         .\Release_episodic\c_te_glowsprite.obj
         .\Release_episodic\c_te_impact.obj
         .\Release_episodic\c_te_killplayerattachments.obj
         .\Release_episodic\c_te_largefunnel.obj
         .\Release_episodic\c_te_legacytempents.obj
         .\Release_episodic\c_te_muzzleflash.obj
         .\Release_episodic\c_te_particlesystem.obj
         .\Release_episodic\c_te_physicsprop.obj
         .\Release_episodic\c_te_playerdecal.obj
         .\Release_episodic\c_te_projecteddecal.obj
         .\Release_episodic\c_te_showline.obj
         .\Release_episodic\c_te_smoke.obj
         .\Release_episodic\c_te_sparks.obj
         .\Release_episodic\c_te_sprite.obj
         .\Release_episodic\c_te_spritespray.obj
         .\Release_episodic\c_te_worlddecal.obj
         .\Release_episodic\c_testtraceline.obj
         .\Release_episodic\c_tracer.obj
         .\Release_episodic\fx.obj
         .\Release_episodic\fx_discreetline.obj
         .\Release_episodic\fx_envelope.obj
         .\Release_episodic\fx_line.obj
         .\Release_episodic\fx_sparks.obj
         .\Release_episodic\particlesphererenderer.obj
         .\Release_episodic\smoke_fog_overlay.obj
         .\Release_episodic\basemodel_panel.obj
         .\Release_episodic\basemodelpanel.obj
         .\Release_episodic\baseviewport.obj
         .\Release_episodic\ClientScoreBoardDialog.obj
         .\Release_episodic\commandmenu.obj
         .\Release_episodic\IconPanel.obj
         .\Release_episodic\intromenu.obj
         .\Release_episodic\MapOverview.obj
         .\Release_episodic\NavProgress.obj
         .\Release_episodic\SpectatorGUI.obj
         .\Release_episodic\teammenu.obj
         .\Release_episodic\vguitextwindow.obj
         .\Release_episodic\basehlcombatweapon_shared.obj
         .\Release_episodic\c_antlion_dust.obj
         .\Release_episodic\c_ar2_explosion.obj
         .\Release_episodic\c_barnacle.obj
         .\Release_episodic\c_barney.obj
         .\Release_episodic\c_basehelicopter.obj
         .\Release_episodic\c_basehlcombatweapon.obj
         .\Release_episodic\c_basehlplayer.obj
         .\Release_episodic\c_citadel_effects.obj
         .\Release_episodic\c_corpse.obj
         .\Release_episodic\c_env_alyxtemp.obj
         .\Release_episodic\c_env_headcrabcanister.obj
         .\Release_episodic\c_env_starfield.obj
         .\Release_episodic\c_func_tankmortar.obj
         .\Release_episodic\c_hl2_playerlocaldata.obj
         .\Release_episodic\c_info_teleporter_countdown.obj
         .\Release_episodic\c_npc_advisor.obj
         .\Release_episodic\c_npc_antlionguard.obj
         .\Release_episodic\c_npc_combinegunship.obj
         .\Release_episodic\c_npc_manhack.obj
         .\Release_episodic\c_npc_puppet.obj
         .\Release_episodic\c_npc_rollermine.obj
         .\Release_episodic\c_plasma_beam_node.obj
         .\Release_episodic\c_prop_combine_ball.obj
         .\Release_episodic\c_prop_scalable.obj
         .\Release_episodic\c_rotorwash.obj
         .\Release_episodic\c_script_intro.obj
         .\Release_episodic\c_strider.obj
         .\Release_episodic\c_te_concussiveexplosion.obj
         .\Release_episodic\c_te_flare.obj
         .\Release_episodic\c_thumper_dust.obj
         .\Release_episodic\c_vehicle_airboat.obj
         .\Release_episodic\c_vehicle_cannon.obj
         .\Release_episodic\c_vehicle_crane.obj
         .\Release_episodic\c_vehicle_jeep_episodic.obj
         .\Release_episodic\c_vehicle_prisoner_pod.obj
         .\Release_episodic\c_vort_charge_token.obj
         .\Release_episodic\c_weapon__stubs_hl2.obj
         .\Release_episodic\c_weapon_crossbow.obj
         .\Release_episodic\c_weapon_hopwire.obj
         .\Release_episodic\c_weapon_physcannon.obj
         .\Release_episodic\c_weapon_stunstick.obj
         .\Release_episodic\clientmode_hlnormal.obj
         .\Release_episodic\death.obj
         .\Release_episodic\env_headcrabcanister_shared.obj
         .\Release_episodic\episodic_screenspaceeffects.obj
         .\Release_episodic\flesh_internal_material_proxy.obj
         .\Release_episodic\fx_antlion.obj
         .\Release_episodic\fx_bugbait.obj
         .\Release_episodic\fx_hl2_impacts.obj
         .\Release_episodic\fx_hl2_tracers.obj
         .\Release_episodic\hl2_clientmode.obj
         .\Release_episodic\hl2_gamerules.obj
         .\Release_episodic\hl2_usermessages.obj
         .\Release_episodic\hl_gamemovement.obj
         .\Release_episodic\hl_in_main.obj
         .\Release_episodic\hl_prediction.obj
         .\Release_episodic\hud_ammo.obj
         .\Release_episodic\hud_battery.obj
         .\Release_episodic\hud_blood.obj
         .\Release_episodic\hud_credits.obj
         .\Release_episodic\hud_damageindicator.obj
         .\Release_episodic\hud_flashlight.obj
         .\Release_episodic\hud_health.obj
         .\Release_episodic\hud_locator.obj
         .\Release_episodic\hud_poisondamageindicator.obj
         .\Release_episodic\hud_posture.obj
         .\Release_episodic\hud_quickinfo.obj
         .\Release_episodic\hud_radar.obj
         .\Release_episodic\hud_squadstatus.obj
         .\Release_episodic\hud_suitpower.obj
         .\Release_episodic\hud_weaponselection.obj
         .\Release_episodic\hud_zoom.obj
         .\Release_episodic\script_intro_shared.obj
         .\Release_episodic\shieldproxy.obj
         .\Release_episodic\survival_gamerules.obj
         .\Release_episodic\vgui_rootpanel_hl2.obj
         .\Release_episodic\mp3player.obj
         .\Release_episodic\bonelist.obj
         .\Release_episodic\entity_client_tools.obj
         .\Release_episodic\toolframework_client.obj
         ..\..\lib\public\bitmap.lib
         ..\..\lib\public\choreoobjects.lib
         ..\..\lib\public\dmxloader.lib
         ..\..\lib\public\mathlib.lib
         ..\..\lib\public\matsys_controls.lib
         ..\..\lib\public\Particles.lib
         ..\..\lib\public\steam_api.lib
         ..\..\lib\public\tier0.lib
         ..\..\lib\public\tier1.lib
         ..\..\lib\public\tier2.lib
         ..\..\lib\public\tier3.lib
         ..\..\lib\public\vgui_controls.lib
         ..\..\lib\public\vstdlib.lib
            Creating library .\Release_episodic\Client.lib and object .\Release_episodic\Client.exp
         client_episodic-2005.vcxproj -> C:\SourceSDK.Source_Code\BFA_NEW\BFA_DC\C++ Code\game\client\.\Release_episodic\Client Episodic.dll
       CustomBuildStep:
         Description: Copying to c:\program files (x86)\steam\steamapps\SourceMods\districtchaos\bin\
         if exist "c:\program files (x86)\steam\steamapps\SourceMods\districtchaos\bin\client.dll" attrib -r "c:\program files (x86)\steam\steamapps\SourceMods\districtchaos\bin\client.dll"
         copy "C:\SourceSDK.Source_Code\BFA_NEW\BFA_DC\C++ Code\game\client\Release_episodic\"client.dll "c:\program files (x86)\steam\steamapps\SourceMods\districtchaos\bin"
         if exist "c:\program files (x86)\steam\steamapps\SourceMods\districtchaos\bin\client.pdb" attrib -r "c:\program files (x86)\steam\steamapps\SourceMods\districtchaos\bin\client.pdb"
         if exist "C:\SourceSDK.Source_Code\BFA_NEW\BFA_DC\C++ Code\game\client\Release_episodic\"client.pdb copy "C:\SourceSDK.Source_Code\BFA_NEW\BFA_DC\C++ Code\game\client\Release_episodic\"client.pdb "c:\program files (x86)\steam\steamapps\SourceMods\districtchaos\bin\client.pdb"
         
         :VCEnd
                 1 file(s) copied.
       FinalizeBuildStatus:
         Deleting file ".\Release_episodic\Client Episodic.unsuccessfulbuild".
         Touching ".\Release_episodic\Client Episodic.lastbuildstate".
     1>Done Building Project "C:\SourceSDK.Source_Code\BFA_NEW\BFA_DC\C++ Code\game\client\client_episodic-2005.vcxproj" (build target(s)).

Build succeeded.

Time Elapsed 00:02:05.47
