.\Release_episodic\Server Episodic.pdb
c:\program files (x86)\steam\steamapps\SourceMods\bulletforall-districtchaos\bin\server.dll
C:\SOURCESDK.SOURCE_CODE\BFA_NEW\SRC\GAME\SERVER\RELEASE_EPISODIC\ACHIEVEMENT_SAVERESTORE.OBJ
C:\SOURCESDK.SOURCE_CODE\BFA_NEW\SRC\GAME\SERVER\RELEASE_EPISODIC\ACHIEVEMENTMGR.OBJ
C:\SOURCESDK.SOURCE_CODE\BFA_NEW\SRC\GAME\SERVER\RELEASE_EPISODIC\ACHIEVEMENTS_HLX.OBJ
C:\SOURCESDK.SOURCE_CODE\BFA_NEW\SRC\GAME\SERVER\RELEASE_EPISODIC\ACTIVITYLIST.OBJ
C:\SOURCESDK.SOURCE_CODE\BFA_NEW\SRC\GAME\SERVER\RELEASE_EPISODIC\AI_ACTIVITY.OBJ
C:\SOURCESDK.SOURCE_CODE\BFA_NEW\SRC\GAME\SERVER\RELEASE_EPISODIC\AI_ALLYMANAGER.OBJ
C:\SOURCESDK.SOURCE_CODE\BFA_NEW\SRC\GAME\SERVER\RELEASE_EPISODIC\AI_BASEACTOR.OBJ
C:\SOURCESDK.SOURCE_CODE\BFA_NEW\SRC\GAME\SERVER\RELEASE_EPISODIC\AI_BASEHUMANOID.OBJ
C:\SOURCESDK.SOURCE_CODE\BFA_NEW\SRC\GAME\SERVER\RELEASE_EPISODIC\AI_BASENPC.OBJ
C:\SOURCESDK.SOURCE_CODE\BFA_NEW\SRC\GAME\SERVER\RELEASE_EPISODIC\AI_BASENPC_FLYER.OBJ
C:\SOURCESDK.SOURCE_CODE\BFA_NEW\SRC\GAME\SERVER\RELEASE_EPISODIC\AI_BASENPC_FLYER_NEW.OBJ
C:\SOURCESDK.SOURCE_CODE\BFA_NEW\SRC\GAME\SERVER\RELEASE_EPISODIC\AI_BASENPC_MOVEMENT.OBJ
C:\SOURCESDK.SOURCE_CODE\BFA_NEW\SRC\GAME\SERVER\RELEASE_EPISODIC\AI_BASENPC_PHYSICSFLYER.OBJ
C:\SOURCESDK.SOURCE_CODE\BFA_NEW\SRC\GAME\SERVER\RELEASE_EPISODIC\AI_BASENPC_SCHEDULE.OBJ
C:\SOURCESDK.SOURCE_CODE\BFA_NEW\SRC\GAME\SERVER\RELEASE_EPISODIC\AI_BASENPC_SQUAD.OBJ
C:\SOURCESDK.SOURCE_CODE\BFA_NEW\SRC\GAME\SERVER\RELEASE_EPISODIC\AI_BEHAVIOR.OBJ
C:\SOURCESDK.SOURCE_CODE\BFA_NEW\SRC\GAME\SERVER\RELEASE_EPISODIC\AI_BEHAVIOR_ACTBUSY.OBJ
C:\SOURCESDK.SOURCE_CODE\BFA_NEW\SRC\GAME\SERVER\RELEASE_EPISODIC\AI_BEHAVIOR_ALYX_INJURED.OBJ
C:\SOURCESDK.SOURCE_CODE\BFA_NEW\SRC\GAME\SERVER\RELEASE_EPISODIC\AI_BEHAVIOR_ASSAULT.OBJ
C:\SOURCESDK.SOURCE_CODE\BFA_NEW\SRC\GAME\SERVER\RELEASE_EPISODIC\AI_BEHAVIOR_FEAR.OBJ
C:\SOURCESDK.SOURCE_CODE\BFA_NEW\SRC\GAME\SERVER\RELEASE_EPISODIC\AI_BEHAVIOR_FOLLOW.OBJ
C:\SOURCESDK.SOURCE_CODE\BFA_NEW\SRC\GAME\SERVER\RELEASE_EPISODIC\AI_BEHAVIOR_FUNCTANK.OBJ
C:\SOURCESDK.SOURCE_CODE\BFA_NEW\SRC\GAME\SERVER\RELEASE_EPISODIC\AI_BEHAVIOR_HOLSTER.OBJ
C:\SOURCESDK.SOURCE_CODE\BFA_NEW\SRC\GAME\SERVER\RELEASE_EPISODIC\AI_BEHAVIOR_LEAD.OBJ
C:\SOURCESDK.SOURCE_CODE\BFA_NEW\SRC\GAME\SERVER\RELEASE_EPISODIC\AI_BEHAVIOR_OPERATOR.OBJ
C:\SOURCESDK.SOURCE_CODE\BFA_NEW\SRC\GAME\SERVER\RELEASE_EPISODIC\AI_BEHAVIOR_PASSENGER.OBJ
C:\SOURCESDK.SOURCE_CODE\BFA_NEW\SRC\GAME\SERVER\RELEASE_EPISODIC\AI_BEHAVIOR_PASSENGER_COMPANION.OBJ
C:\SOURCESDK.SOURCE_CODE\BFA_NEW\SRC\GAME\SERVER\RELEASE_EPISODIC\AI_BEHAVIOR_PASSENGER_ZOMBIE.OBJ
C:\SOURCESDK.SOURCE_CODE\BFA_NEW\SRC\GAME\SERVER\RELEASE_EPISODIC\AI_BEHAVIOR_POLICE.OBJ
C:\SOURCESDK.SOURCE_CODE\BFA_NEW\SRC\GAME\SERVER\RELEASE_EPISODIC\AI_BEHAVIOR_RAPPEL.OBJ
C:\SOURCESDK.SOURCE_CODE\BFA_NEW\SRC\GAME\SERVER\RELEASE_EPISODIC\AI_BEHAVIOR_STANDOFF.OBJ
C:\SOURCESDK.SOURCE_CODE\BFA_NEW\SRC\GAME\SERVER\RELEASE_EPISODIC\AI_BLENDED_MOVEMENT.OBJ
C:\SOURCESDK.SOURCE_CODE\BFA_NEW\SRC\GAME\SERVER\RELEASE_EPISODIC\AI_CONCOMMANDS.OBJ
C:\SOURCESDK.SOURCE_CODE\BFA_NEW\SRC\GAME\SERVER\RELEASE_EPISODIC\AI_CONDITION.OBJ
C:\SOURCESDK.SOURCE_CODE\BFA_NEW\SRC\GAME\SERVER\RELEASE_EPISODIC\AI_CRITERIA.OBJ
C:\SOURCESDK.SOURCE_CODE\BFA_NEW\SRC\GAME\SERVER\RELEASE_EPISODIC\AI_DEFAULT.OBJ
C:\SOURCESDK.SOURCE_CODE\BFA_NEW\SRC\GAME\SERVER\RELEASE_EPISODIC\AI_DYNAMICLINK.OBJ
C:\SOURCESDK.SOURCE_CODE\BFA_NEW\SRC\GAME\SERVER\RELEASE_EPISODIC\AI_EVENT.OBJ
C:\SOURCESDK.SOURCE_CODE\BFA_NEW\SRC\GAME\SERVER\RELEASE_EPISODIC\AI_EVENTRESPONSE.OBJ
C:\SOURCESDK.SOURCE_CODE\BFA_NEW\SRC\GAME\SERVER\RELEASE_EPISODIC\AI_GOAL_POLICE.OBJ
C:\SOURCESDK.SOURCE_CODE\BFA_NEW\SRC\GAME\SERVER\RELEASE_EPISODIC\AI_GOALENTITY.OBJ
C:\SOURCESDK.SOURCE_CODE\BFA_NEW\SRC\GAME\SERVER\RELEASE_EPISODIC\AI_HINT.OBJ
C:\SOURCESDK.SOURCE_CODE\BFA_NEW\SRC\GAME\SERVER\RELEASE_EPISODIC\AI_HULL.OBJ
C:\SOURCESDK.SOURCE_CODE\BFA_NEW\SRC\GAME\SERVER\RELEASE_EPISODIC\AI_INITUTILS.OBJ
C:\SOURCESDK.SOURCE_CODE\BFA_NEW\SRC\GAME\SERVER\RELEASE_EPISODIC\AI_INTEREST_TARGET.OBJ
C:\SOURCESDK.SOURCE_CODE\BFA_NEW\SRC\GAME\SERVER\RELEASE_EPISODIC\AI_LINK.OBJ
C:\SOURCESDK.SOURCE_CODE\BFA_NEW\SRC\GAME\SERVER\RELEASE_EPISODIC\AI_LOCALNAVIGATOR.OBJ
C:\SOURCESDK.SOURCE_CODE\BFA_NEW\SRC\GAME\SERVER\RELEASE_EPISODIC\AI_LOOKTARGET.OBJ
C:\SOURCESDK.SOURCE_CODE\BFA_NEW\SRC\GAME\SERVER\RELEASE_EPISODIC\AI_MEMORY.OBJ
C:\SOURCESDK.SOURCE_CODE\BFA_NEW\SRC\GAME\SERVER\RELEASE_EPISODIC\AI_MOTOR.OBJ
C:\SOURCESDK.SOURCE_CODE\BFA_NEW\SRC\GAME\SERVER\RELEASE_EPISODIC\AI_MOVEPROBE.OBJ
C:\SOURCESDK.SOURCE_CODE\BFA_NEW\SRC\GAME\SERVER\RELEASE_EPISODIC\AI_MOVESHOOT.OBJ
C:\SOURCESDK.SOURCE_CODE\BFA_NEW\SRC\GAME\SERVER\RELEASE_EPISODIC\AI_MOVESOLVER.OBJ
C:\SOURCESDK.SOURCE_CODE\BFA_NEW\SRC\GAME\SERVER\RELEASE_EPISODIC\AI_NAMESPACES.OBJ
C:\SOURCESDK.SOURCE_CODE\BFA_NEW\SRC\GAME\SERVER\RELEASE_EPISODIC\AI_NAVIGATOR.OBJ
C:\SOURCESDK.SOURCE_CODE\BFA_NEW\SRC\GAME\SERVER\RELEASE_EPISODIC\AI_NETWORK.OBJ
C:\SOURCESDK.SOURCE_CODE\BFA_NEW\SRC\GAME\SERVER\RELEASE_EPISODIC\AI_NETWORKMANAGER.OBJ
C:\SOURCESDK.SOURCE_CODE\BFA_NEW\SRC\GAME\SERVER\RELEASE_EPISODIC\AI_NODE.OBJ
C:\SOURCESDK.SOURCE_CODE\BFA_NEW\SRC\GAME\SERVER\RELEASE_EPISODIC\AI_PATHFINDER.OBJ
C:\SOURCESDK.SOURCE_CODE\BFA_NEW\SRC\GAME\SERVER\RELEASE_EPISODIC\AI_PLANESOLVER.OBJ
C:\SOURCESDK.SOURCE_CODE\BFA_NEW\SRC\GAME\SERVER\RELEASE_EPISODIC\AI_PLAYERALLY.OBJ
C:\SOURCESDK.SOURCE_CODE\BFA_NEW\SRC\GAME\SERVER\RELEASE_EPISODIC\AI_RELATIONSHIP.OBJ
C:\SOURCESDK.SOURCE_CODE\BFA_NEW\SRC\GAME\SERVER\RELEASE_EPISODIC\AI_RESPONSESYSTEM.OBJ
C:\SOURCESDK.SOURCE_CODE\BFA_NEW\SRC\GAME\SERVER\RELEASE_EPISODIC\AI_ROUTE.OBJ
C:\SOURCESDK.SOURCE_CODE\BFA_NEW\SRC\GAME\SERVER\RELEASE_EPISODIC\AI_SAVERESTORE.OBJ
C:\SOURCESDK.SOURCE_CODE\BFA_NEW\SRC\GAME\SERVER\RELEASE_EPISODIC\AI_SCHEDULE.OBJ
C:\SOURCESDK.SOURCE_CODE\BFA_NEW\SRC\GAME\SERVER\RELEASE_EPISODIC\AI_SCRIPTCONDITIONS.OBJ
C:\SOURCESDK.SOURCE_CODE\BFA_NEW\SRC\GAME\SERVER\RELEASE_EPISODIC\AI_SENSES.OBJ
C:\SOURCESDK.SOURCE_CODE\BFA_NEW\SRC\GAME\SERVER\RELEASE_EPISODIC\AI_SENTENCE.OBJ
C:\SOURCESDK.SOURCE_CODE\BFA_NEW\SRC\GAME\SERVER\RELEASE_EPISODIC\AI_SPEECH.OBJ
C:\SOURCESDK.SOURCE_CODE\BFA_NEW\SRC\GAME\SERVER\RELEASE_EPISODIC\AI_SPEECHFILTER.OBJ
C:\SOURCESDK.SOURCE_CODE\BFA_NEW\SRC\GAME\SERVER\RELEASE_EPISODIC\AI_SPOTLIGHT.OBJ
C:\SOURCESDK.SOURCE_CODE\BFA_NEW\SRC\GAME\SERVER\RELEASE_EPISODIC\AI_SQUAD.OBJ
C:\SOURCESDK.SOURCE_CODE\BFA_NEW\SRC\GAME\SERVER\RELEASE_EPISODIC\AI_SQUADSLOT.OBJ
C:\SOURCESDK.SOURCE_CODE\BFA_NEW\SRC\GAME\SERVER\RELEASE_EPISODIC\AI_TACTICALSERVICES.OBJ
C:\SOURCESDK.SOURCE_CODE\BFA_NEW\SRC\GAME\SERVER\RELEASE_EPISODIC\AI_TASK.OBJ
C:\SOURCESDK.SOURCE_CODE\BFA_NEW\SRC\GAME\SERVER\RELEASE_EPISODIC\AI_TRACKPATHER.OBJ
C:\SOURCESDK.SOURCE_CODE\BFA_NEW\SRC\GAME\SERVER\RELEASE_EPISODIC\AI_UTILS.OBJ
C:\SOURCESDK.SOURCE_CODE\BFA_NEW\SRC\GAME\SERVER\RELEASE_EPISODIC\AI_WAYPOINT.OBJ
C:\SOURCESDK.SOURCE_CODE\BFA_NEW\SRC\GAME\SERVER\RELEASE_EPISODIC\AMMODEF.OBJ
C:\SOURCESDK.SOURCE_CODE\BFA_NEW\SRC\GAME\SERVER\RELEASE_EPISODIC\ANIMATION.OBJ
C:\SOURCESDK.SOURCE_CODE\BFA_NEW\SRC\GAME\SERVER\RELEASE_EPISODIC\ANTLION_DUST.OBJ
C:\SOURCESDK.SOURCE_CODE\BFA_NEW\SRC\GAME\SERVER\RELEASE_EPISODIC\ANTLION_MAKER.OBJ
C:\SOURCESDK.SOURCE_CODE\BFA_NEW\SRC\GAME\SERVER\RELEASE_EPISODIC\AR2_EXPLOSION.OBJ
C:\SOURCESDK.SOURCE_CODE\BFA_NEW\SRC\GAME\SERVER\RELEASE_EPISODIC\BASE_GAMEINTERFACE.OBJ
C:\SOURCESDK.SOURCE_CODE\BFA_NEW\SRC\GAME\SERVER\RELEASE_EPISODIC\BASE_PLAYERANIMSTATE.OBJ
C:\SOURCESDK.SOURCE_CODE\BFA_NEW\SRC\GAME\SERVER\RELEASE_EPISODIC\BASE_TRANSMIT_PROXY.OBJ
C:\SOURCESDK.SOURCE_CODE\BFA_NEW\SRC\GAME\SERVER\RELEASE_EPISODIC\BASEACHIEVEMENT.OBJ
C:\SOURCESDK.SOURCE_CODE\BFA_NEW\SRC\GAME\SERVER\RELEASE_EPISODIC\BASEANIMATING.OBJ
C:\SOURCESDK.SOURCE_CODE\BFA_NEW\SRC\GAME\SERVER\RELEASE_EPISODIC\BASEANIMATINGOVERLAY.OBJ
C:\SOURCESDK.SOURCE_CODE\BFA_NEW\SRC\GAME\SERVER\RELEASE_EPISODIC\BASEBLUDGEONWEAPON.OBJ
C:\SOURCESDK.SOURCE_CODE\BFA_NEW\SRC\GAME\SERVER\RELEASE_EPISODIC\BASECOMBATCHARACTER.OBJ
C:\SOURCESDK.SOURCE_CODE\BFA_NEW\SRC\GAME\SERVER\RELEASE_EPISODIC\BASECOMBATCHARACTER_SHARED.OBJ
C:\SOURCESDK.SOURCE_CODE\BFA_NEW\SRC\GAME\SERVER\RELEASE_EPISODIC\BASECOMBATWEAPON.OBJ
C:\SOURCESDK.SOURCE_CODE\BFA_NEW\SRC\GAME\SERVER\RELEASE_EPISODIC\BASECOMBATWEAPON_SHARED.OBJ
C:\SOURCESDK.SOURCE_CODE\BFA_NEW\SRC\GAME\SERVER\RELEASE_EPISODIC\BASEENTITY.OBJ
C:\SOURCESDK.SOURCE_CODE\BFA_NEW\SRC\GAME\SERVER\RELEASE_EPISODIC\BASEENTITY_SHARED.OBJ
C:\SOURCESDK.SOURCE_CODE\BFA_NEW\SRC\GAME\SERVER\RELEASE_EPISODIC\BASEFLEX.OBJ
C:\SOURCESDK.SOURCE_CODE\BFA_NEW\SRC\GAME\SERVER\RELEASE_EPISODIC\BASEGRENADE_CONCUSSION.OBJ
C:\SOURCESDK.SOURCE_CODE\BFA_NEW\SRC\GAME\SERVER\RELEASE_EPISODIC\BASEGRENADE_CONTACT.OBJ
C:\SOURCESDK.SOURCE_CODE\BFA_NEW\SRC\GAME\SERVER\RELEASE_EPISODIC\BASEGRENADE_SHARED.OBJ
C:\SOURCESDK.SOURCE_CODE\BFA_NEW\SRC\GAME\SERVER\RELEASE_EPISODIC\BASEGRENADE_TIMED.OBJ
C:\SOURCESDK.SOURCE_CODE\BFA_NEW\SRC\GAME\SERVER\RELEASE_EPISODIC\BASEHLCOMBATWEAPON.OBJ
C:\SOURCESDK.SOURCE_CODE\BFA_NEW\SRC\GAME\SERVER\RELEASE_EPISODIC\BASEHLCOMBATWEAPON_SHARED.OBJ
C:\SOURCESDK.SOURCE_CODE\BFA_NEW\SRC\GAME\SERVER\RELEASE_EPISODIC\BASEMULTIPLAYERPLAYER.OBJ
C:\SOURCESDK.SOURCE_CODE\BFA_NEW\SRC\GAME\SERVER\RELEASE_EPISODIC\BASEPARTICLEENTITY.OBJ
C:\SOURCESDK.SOURCE_CODE\BFA_NEW\SRC\GAME\SERVER\RELEASE_EPISODIC\BASEPLAYER_SHARED.OBJ
C:\SOURCESDK.SOURCE_CODE\BFA_NEW\SRC\GAME\SERVER\RELEASE_EPISODIC\BASETEMPENTITY.OBJ
C:\SOURCESDK.SOURCE_CODE\BFA_NEW\SRC\GAME\SERVER\RELEASE_EPISODIC\BASEVIEWMODEL.OBJ
C:\SOURCESDK.SOURCE_CODE\BFA_NEW\SRC\GAME\SERVER\RELEASE_EPISODIC\BASEVIEWMODEL_SHARED.OBJ
C:\SOURCESDK.SOURCE_CODE\BFA_NEW\SRC\GAME\SERVER\RELEASE_EPISODIC\BEAM_SHARED.OBJ
C:\SOURCESDK.SOURCE_CODE\BFA_NEW\SRC\GAME\SERVER\RELEASE_EPISODIC\BITSTRING.OBJ
C:\SOURCESDK.SOURCE_CODE\BFA_NEW\SRC\GAME\SERVER\RELEASE_EPISODIC\BMODELS.OBJ
C:\SOURCESDK.SOURCE_CODE\BFA_NEW\SRC\GAME\SERVER\RELEASE_EPISODIC\BONE_SETUP.OBJ
C:\SOURCESDK.SOURCE_CODE\BFA_NEW\SRC\GAME\SERVER\RELEASE_EPISODIC\BUTTONS.OBJ
C:\SOURCESDK.SOURCE_CODE\BFA_NEW\SRC\GAME\SERVER\RELEASE_EPISODIC\CBASE.OBJ
C:\SOURCESDK.SOURCE_CODE\BFA_NEW\SRC\GAME\SERVER\RELEASE_EPISODIC\CBASEHELICOPTER.OBJ
C:\SOURCESDK.SOURCE_CODE\BFA_NEW\SRC\GAME\SERVER\RELEASE_EPISODIC\CBASESPRITEPROJECTILE.OBJ
C:\SOURCESDK.SOURCE_CODE\BFA_NEW\SRC\GAME\SERVER\RELEASE_EPISODIC\CITADEL_EFFECTS.OBJ
C:\SourceSDK.Source_Code\BFA_NEW\src\game\server\Release_episodic\cl.command.1.tlog
C:\SourceSDK.Source_Code\BFA_NEW\src\game\server\Release_episodic\CL.read.1.tlog
C:\SourceSDK.Source_Code\BFA_NEW\src\game\server\Release_episodic\CL.write.1.tlog
C:\SOURCESDK.SOURCE_CODE\BFA_NEW\SRC\GAME\SERVER\RELEASE_EPISODIC\CLIENT.OBJ
C:\SOURCESDK.SOURCE_CODE\BFA_NEW\SRC\GAME\SERVER\RELEASE_EPISODIC\COLLISIONPROPERTY.OBJ
C:\SOURCESDK.SOURCE_CODE\BFA_NEW\SRC\GAME\SERVER\RELEASE_EPISODIC\COLLISIONUTILS.OBJ
C:\SOURCESDK.SOURCE_CODE\BFA_NEW\SRC\GAME\SERVER\RELEASE_EPISODIC\COLORCORRECTION.OBJ
C:\SOURCESDK.SOURCE_CODE\BFA_NEW\SRC\GAME\SERVER\RELEASE_EPISODIC\COLORCORRECTIONVOLUME.OBJ
C:\SOURCESDK.SOURCE_CODE\BFA_NEW\SRC\GAME\SERVER\RELEASE_EPISODIC\COMBINE_MINE.OBJ
C:\SOURCESDK.SOURCE_CODE\BFA_NEW\SRC\GAME\SERVER\RELEASE_EPISODIC\COMMENTARYSYSTEM.OBJ
C:\SOURCESDK.SOURCE_CODE\BFA_NEW\SRC\GAME\SERVER\RELEASE_EPISODIC\CONTROLENTITIES.OBJ
C:\SOURCESDK.SOURCE_CODE\BFA_NEW\SRC\GAME\SERVER\RELEASE_EPISODIC\CPLANE.OBJ
C:\SOURCESDK.SOURCE_CODE\BFA_NEW\SRC\GAME\SERVER\RELEASE_EPISODIC\CRAGDOLLMAGNET.OBJ
C:\SOURCESDK.SOURCE_CODE\BFA_NEW\SRC\GAME\SERVER\RELEASE_EPISODIC\DAMAGEMODIFIER.OBJ
C:\SOURCESDK.SOURCE_CODE\BFA_NEW\SRC\GAME\SERVER\RELEASE_EPISODIC\DEATH_POSE.OBJ
C:\SOURCESDK.SOURCE_CODE\BFA_NEW\SRC\GAME\SERVER\RELEASE_EPISODIC\DEBUGOVERLAY_SHARED.OBJ
C:\SOURCESDK.SOURCE_CODE\BFA_NEW\SRC\GAME\SERVER\RELEASE_EPISODIC\DECALS.OBJ
C:\SOURCESDK.SOURCE_CODE\BFA_NEW\SRC\GAME\SERVER\RELEASE_EPISODIC\DOORS.OBJ
C:\SOURCESDK.SOURCE_CODE\BFA_NEW\SRC\GAME\SERVER\RELEASE_EPISODIC\DT_SEND.OBJ
C:\SOURCESDK.SOURCE_CODE\BFA_NEW\SRC\GAME\SERVER\RELEASE_EPISODIC\DT_UTLVECTOR_COMMON.OBJ
C:\SOURCESDK.SOURCE_CODE\BFA_NEW\SRC\GAME\SERVER\RELEASE_EPISODIC\DT_UTLVECTOR_SEND.OBJ
C:\SOURCESDK.SOURCE_CODE\BFA_NEW\SRC\GAME\SERVER\RELEASE_EPISODIC\DYNAMICLIGHT.OBJ
C:\SOURCESDK.SOURCE_CODE\BFA_NEW\SRC\GAME\SERVER\RELEASE_EPISODIC\EDITOR_SENDCOMMAND.OBJ
C:\SOURCESDK.SOURCE_CODE\BFA_NEW\SRC\GAME\SERVER\RELEASE_EPISODIC\EFFECT_DISPATCH_DATA.OBJ
C:\SOURCESDK.SOURCE_CODE\BFA_NEW\SRC\GAME\SERVER\RELEASE_EPISODIC\EFFECTS.OBJ
C:\SOURCESDK.SOURCE_CODE\BFA_NEW\SRC\GAME\SERVER\RELEASE_EPISODIC\EFFECTSSERVER.OBJ
C:\SOURCESDK.SOURCE_CODE\BFA_NEW\SRC\GAME\SERVER\RELEASE_EPISODIC\EHANDLE.OBJ
C:\SOURCESDK.SOURCE_CODE\BFA_NEW\SRC\GAME\SERVER\RELEASE_EPISODIC\ENTITY_TOOLS_SERVER.OBJ
C:\SOURCESDK.SOURCE_CODE\BFA_NEW\SRC\GAME\SERVER\RELEASE_EPISODIC\ENTITYBLOCKER.OBJ
C:\SOURCESDK.SOURCE_CODE\BFA_NEW\SRC\GAME\SERVER\RELEASE_EPISODIC\ENTITYDISSOLVE.OBJ
C:\SOURCESDK.SOURCE_CODE\BFA_NEW\SRC\GAME\SERVER\RELEASE_EPISODIC\ENTITYFLAME.OBJ
C:\SOURCESDK.SOURCE_CODE\BFA_NEW\SRC\GAME\SERVER\RELEASE_EPISODIC\ENTITYLIST.OBJ
C:\SOURCESDK.SOURCE_CODE\BFA_NEW\SRC\GAME\SERVER\RELEASE_EPISODIC\ENTITYLIST_BASE.OBJ
C:\SOURCESDK.SOURCE_CODE\BFA_NEW\SRC\GAME\SERVER\RELEASE_EPISODIC\ENTITYPARTICLETRAIL.OBJ
C:\SOURCESDK.SOURCE_CODE\BFA_NEW\SRC\GAME\SERVER\RELEASE_EPISODIC\ENTITYPARTICLETRAIL_SHARED.OBJ
C:\SOURCESDK.SOURCE_CODE\BFA_NEW\SRC\GAME\SERVER\RELEASE_EPISODIC\ENV_ALYXEMP.OBJ
C:\SOURCESDK.SOURCE_CODE\BFA_NEW\SRC\GAME\SERVER\RELEASE_EPISODIC\ENV_DEBUGHISTORY.OBJ
C:\SOURCESDK.SOURCE_CODE\BFA_NEW\SRC\GAME\SERVER\RELEASE_EPISODIC\ENV_DETAIL_CONTROLLER.OBJ
C:\SOURCESDK.SOURCE_CODE\BFA_NEW\SRC\GAME\SERVER\RELEASE_EPISODIC\ENV_EFFECTSSCRIPT.OBJ
C:\SOURCESDK.SOURCE_CODE\BFA_NEW\SRC\GAME\SERVER\RELEASE_EPISODIC\ENV_ENTITY_MAKER.OBJ
C:\SOURCESDK.SOURCE_CODE\BFA_NEW\SRC\GAME\SERVER\RELEASE_EPISODIC\ENV_HEADCRABCANISTER.OBJ
C:\SOURCESDK.SOURCE_CODE\BFA_NEW\SRC\GAME\SERVER\RELEASE_EPISODIC\ENV_HEADCRABCANISTER_SHARED.OBJ
C:\SOURCESDK.SOURCE_CODE\BFA_NEW\SRC\GAME\SERVER\RELEASE_EPISODIC\ENV_PARTICLESCRIPT.OBJ
C:\SOURCESDK.SOURCE_CODE\BFA_NEW\SRC\GAME\SERVER\RELEASE_EPISODIC\ENV_PLAYER_SURFACE_TRIGGER.OBJ
C:\SOURCESDK.SOURCE_CODE\BFA_NEW\SRC\GAME\SERVER\RELEASE_EPISODIC\ENV_PROJECTEDTEXTURE.OBJ
C:\SOURCESDK.SOURCE_CODE\BFA_NEW\SRC\GAME\SERVER\RELEASE_EPISODIC\ENV_SCREENOVERLAY.OBJ
C:\SOURCESDK.SOURCE_CODE\BFA_NEW\SRC\GAME\SERVER\RELEASE_EPISODIC\ENV_SPEAKER.OBJ
C:\SOURCESDK.SOURCE_CODE\BFA_NEW\SRC\GAME\SERVER\RELEASE_EPISODIC\ENV_STARFIELD.OBJ
C:\SOURCESDK.SOURCE_CODE\BFA_NEW\SRC\GAME\SERVER\RELEASE_EPISODIC\ENV_TEXTURETOGGLE.OBJ
C:\SOURCESDK.SOURCE_CODE\BFA_NEW\SRC\GAME\SERVER\RELEASE_EPISODIC\ENV_TONEMAP_CONTROLLER.OBJ
C:\SOURCESDK.SOURCE_CODE\BFA_NEW\SRC\GAME\SERVER\RELEASE_EPISODIC\ENV_WIND_SHARED.OBJ
C:\SOURCESDK.SOURCE_CODE\BFA_NEW\SRC\GAME\SERVER\RELEASE_EPISODIC\ENV_ZOOM.OBJ
C:\SOURCESDK.SOURCE_CODE\BFA_NEW\SRC\GAME\SERVER\RELEASE_EPISODIC\ENVBEAM.OBJ
C:\SOURCESDK.SOURCE_CODE\BFA_NEW\SRC\GAME\SERVER\RELEASE_EPISODIC\ENVFADE.OBJ
C:\SOURCESDK.SOURCE_CODE\BFA_NEW\SRC\GAME\SERVER\RELEASE_EPISODIC\ENVHUDHINT.OBJ
C:\SOURCESDK.SOURCE_CODE\BFA_NEW\SRC\GAME\SERVER\RELEASE_EPISODIC\ENVLASER.OBJ
C:\SOURCESDK.SOURCE_CODE\BFA_NEW\SRC\GAME\SERVER\RELEASE_EPISODIC\ENVMESSAGE.OBJ
C:\SOURCESDK.SOURCE_CODE\BFA_NEW\SRC\GAME\SERVER\RELEASE_EPISODIC\ENVMICROPHONE.OBJ
C:\SOURCESDK.SOURCE_CODE\BFA_NEW\SRC\GAME\SERVER\RELEASE_EPISODIC\ENVSHAKE.OBJ
C:\SOURCESDK.SOURCE_CODE\BFA_NEW\SRC\GAME\SERVER\RELEASE_EPISODIC\ENVSPARK.OBJ
C:\SOURCESDK.SOURCE_CODE\BFA_NEW\SRC\GAME\SERVER\RELEASE_EPISODIC\EP1_GAMESTATS.OBJ
C:\SOURCESDK.SOURCE_CODE\BFA_NEW\SRC\GAME\SERVER\RELEASE_EPISODIC\EP2_GAMESTATS.OBJ
C:\SOURCESDK.SOURCE_CODE\BFA_NEW\SRC\GAME\SERVER\RELEASE_EPISODIC\EVENT_TEMPENTITY_TESTER.OBJ
C:\SOURCESDK.SOURCE_CODE\BFA_NEW\SRC\GAME\SERVER\RELEASE_EPISODIC\EVENTLIST.OBJ
C:\SOURCESDK.SOURCE_CODE\BFA_NEW\SRC\GAME\SERVER\RELEASE_EPISODIC\EVENTLOG.OBJ
C:\SOURCESDK.SOURCE_CODE\BFA_NEW\SRC\GAME\SERVER\RELEASE_EPISODIC\EXPLODE.OBJ
C:\SOURCESDK.SOURCE_CODE\BFA_NEW\SRC\GAME\SERVER\RELEASE_EPISODIC\FILESYSTEM_HELPERS.OBJ
C:\SOURCESDK.SOURCE_CODE\BFA_NEW\SRC\GAME\SERVER\RELEASE_EPISODIC\FILTERS.OBJ
C:\SOURCESDK.SOURCE_CODE\BFA_NEW\SRC\GAME\SERVER\RELEASE_EPISODIC\FIRE.OBJ
C:\SOURCESDK.SOURCE_CODE\BFA_NEW\SRC\GAME\SERVER\RELEASE_EPISODIC\FIRE_SMOKE.OBJ
C:\SOURCESDK.SOURCE_CODE\BFA_NEW\SRC\GAME\SERVER\RELEASE_EPISODIC\FISH.OBJ
C:\SOURCESDK.SOURCE_CODE\BFA_NEW\SRC\GAME\SERVER\RELEASE_EPISODIC\FOGCONTROLLER.OBJ
C:\SOURCESDK.SOURCE_CODE\BFA_NEW\SRC\GAME\SERVER\RELEASE_EPISODIC\FOURWHEELVEHICLEPHYSICS.OBJ
C:\SOURCESDK.SOURCE_CODE\BFA_NEW\SRC\GAME\SERVER\RELEASE_EPISODIC\FUNC_AREAPORTAL.OBJ
C:\SOURCESDK.SOURCE_CODE\BFA_NEW\SRC\GAME\SERVER\RELEASE_EPISODIC\FUNC_AREAPORTALBASE.OBJ
C:\SOURCESDK.SOURCE_CODE\BFA_NEW\SRC\GAME\SERVER\RELEASE_EPISODIC\FUNC_AREAPORTALWINDOW.OBJ
C:\SOURCESDK.SOURCE_CODE\BFA_NEW\SRC\GAME\SERVER\RELEASE_EPISODIC\FUNC_BREAK.OBJ
C:\SOURCESDK.SOURCE_CODE\BFA_NEW\SRC\GAME\SERVER\RELEASE_EPISODIC\FUNC_BREAKABLESURF.OBJ
C:\SOURCESDK.SOURCE_CODE\BFA_NEW\SRC\GAME\SERVER\RELEASE_EPISODIC\FUNC_BULLETSHIELD.OBJ
C:\SOURCESDK.SOURCE_CODE\BFA_NEW\SRC\GAME\SERVER\RELEASE_EPISODIC\FUNC_DUST.OBJ
C:\SOURCESDK.SOURCE_CODE\BFA_NEW\SRC\GAME\SERVER\RELEASE_EPISODIC\FUNC_LADDER.OBJ
C:\SOURCESDK.SOURCE_CODE\BFA_NEW\SRC\GAME\SERVER\RELEASE_EPISODIC\FUNC_LADDER_ENDPOINT.OBJ
C:\SOURCESDK.SOURCE_CODE\BFA_NEW\SRC\GAME\SERVER\RELEASE_EPISODIC\FUNC_LOD.OBJ
C:\SOURCESDK.SOURCE_CODE\BFA_NEW\SRC\GAME\SERVER\RELEASE_EPISODIC\FUNC_MONITOR.OBJ
C:\SOURCESDK.SOURCE_CODE\BFA_NEW\SRC\GAME\SERVER\RELEASE_EPISODIC\FUNC_MOVELINEAR.OBJ
C:\SOURCESDK.SOURCE_CODE\BFA_NEW\SRC\GAME\SERVER\RELEASE_EPISODIC\FUNC_OCCLUDER.OBJ
C:\SOURCESDK.SOURCE_CODE\BFA_NEW\SRC\GAME\SERVER\RELEASE_EPISODIC\FUNC_RECHARGE.OBJ
C:\SOURCESDK.SOURCE_CODE\BFA_NEW\SRC\GAME\SERVER\RELEASE_EPISODIC\FUNC_REFLECTIVE_GLASS.OBJ
C:\SOURCESDK.SOURCE_CODE\BFA_NEW\SRC\GAME\SERVER\RELEASE_EPISODIC\FUNC_SMOKEVOLUME.OBJ
C:\SOURCESDK.SOURCE_CODE\BFA_NEW\SRC\GAME\SERVER\RELEASE_EPISODIC\FUNC_TANK.OBJ
C:\SOURCESDK.SOURCE_CODE\BFA_NEW\SRC\GAME\SERVER\RELEASE_EPISODIC\GAME.OBJ
C:\SOURCESDK.SOURCE_CODE\BFA_NEW\SRC\GAME\SERVER\RELEASE_EPISODIC\GAME_UI.OBJ
C:\SOURCESDK.SOURCE_CODE\BFA_NEW\SRC\GAME\SERVER\RELEASE_EPISODIC\GAMEHANDLE.OBJ
C:\SOURCESDK.SOURCE_CODE\BFA_NEW\SRC\GAME\SERVER\RELEASE_EPISODIC\GAMEINTERFACE.OBJ
C:\SOURCESDK.SOURCE_CODE\BFA_NEW\SRC\GAME\SERVER\RELEASE_EPISODIC\GAMEMOVEMENT.OBJ
C:\SOURCESDK.SOURCE_CODE\BFA_NEW\SRC\GAME\SERVER\RELEASE_EPISODIC\GAMERULES.OBJ
C:\SOURCESDK.SOURCE_CODE\BFA_NEW\SRC\GAME\SERVER\RELEASE_EPISODIC\GAMERULES_REGISTER.OBJ
C:\SOURCESDK.SOURCE_CODE\BFA_NEW\SRC\GAME\SERVER\RELEASE_EPISODIC\GAMESTATS.OBJ
C:\SOURCESDK.SOURCE_CODE\BFA_NEW\SRC\GAME\SERVER\RELEASE_EPISODIC\GAMESTATS_BASICSTATSFUNCTIONS.OBJ
C:\SOURCESDK.SOURCE_CODE\BFA_NEW\SRC\GAME\SERVER\RELEASE_EPISODIC\GAMESTRINGPOOL.OBJ
C:\SOURCESDK.SOURCE_CODE\BFA_NEW\SRC\GAME\SERVER\RELEASE_EPISODIC\GAMETRACE_DLL.OBJ
C:\SOURCESDK.SOURCE_CODE\BFA_NEW\SRC\GAME\SERVER\RELEASE_EPISODIC\GAMEVARS_SHARED.OBJ
C:\SOURCESDK.SOURCE_CODE\BFA_NEW\SRC\GAME\SERVER\RELEASE_EPISODIC\GAMEWEAPONMANAGER.OBJ
C:\SOURCESDK.SOURCE_CODE\BFA_NEW\SRC\GAME\SERVER\RELEASE_EPISODIC\GENERICACTOR.OBJ
C:\SOURCESDK.SOURCE_CODE\BFA_NEW\SRC\GAME\SERVER\RELEASE_EPISODIC\GENERICMONSTER.OBJ
C:\SOURCESDK.SOURCE_CODE\BFA_NEW\SRC\GAME\SERVER\RELEASE_EPISODIC\GIB.OBJ
C:\SOURCESDK.SOURCE_CODE\BFA_NEW\SRC\GAME\SERVER\RELEASE_EPISODIC\GLOBALS.OBJ
C:\SOURCESDK.SOURCE_CODE\BFA_NEW\SRC\GAME\SERVER\RELEASE_EPISODIC\GLOBALSTATE.OBJ
C:\SOURCESDK.SOURCE_CODE\BFA_NEW\SRC\GAME\SERVER\RELEASE_EPISODIC\GRENADE_AR2.OBJ
C:\SOURCESDK.SOURCE_CODE\BFA_NEW\SRC\GAME\SERVER\RELEASE_EPISODIC\GRENADE_BEAM.OBJ
C:\SOURCESDK.SOURCE_CODE\BFA_NEW\SRC\GAME\SERVER\RELEASE_EPISODIC\GRENADE_BUGBAIT.OBJ
C:\SOURCESDK.SOURCE_CODE\BFA_NEW\SRC\GAME\SERVER\RELEASE_EPISODIC\GRENADE_FRAG.OBJ
C:\SOURCESDK.SOURCE_CODE\BFA_NEW\SRC\GAME\SERVER\RELEASE_EPISODIC\GRENADE_HOMER.OBJ
C:\SOURCESDK.SOURCE_CODE\BFA_NEW\SRC\GAME\SERVER\RELEASE_EPISODIC\GRENADE_PATHFOLLOWER.OBJ
C:\SOURCESDK.SOURCE_CODE\BFA_NEW\SRC\GAME\SERVER\RELEASE_EPISODIC\GRENADE_SPIT.OBJ
C:\SOURCESDK.SOURCE_CODE\BFA_NEW\SRC\GAME\SERVER\RELEASE_EPISODIC\GRENADETHROWN.OBJ
C:\SOURCESDK.SOURCE_CODE\BFA_NEW\SRC\GAME\SERVER\RELEASE_EPISODIC\GUNTARGET.OBJ
C:\SOURCESDK.SOURCE_CODE\BFA_NEW\SRC\GAME\SERVER\RELEASE_EPISODIC\H_AI.OBJ
C:\SOURCESDK.SOURCE_CODE\BFA_NEW\SRC\GAME\SERVER\RELEASE_EPISODIC\H_CYCLER.OBJ
C:\SOURCESDK.SOURCE_CODE\BFA_NEW\SRC\GAME\SERVER\RELEASE_EPISODIC\H_EXPORT.OBJ
C:\SOURCESDK.SOURCE_CODE\BFA_NEW\SRC\GAME\SERVER\RELEASE_EPISODIC\HIERARCHY.OBJ
C:\SOURCESDK.SOURCE_CODE\BFA_NEW\SRC\GAME\SERVER\RELEASE_EPISODIC\HINTMESSAGE.OBJ
C:\SOURCESDK.SOURCE_CODE\BFA_NEW\SRC\GAME\SERVER\RELEASE_EPISODIC\HINTSYSTEM.OBJ
C:\SOURCESDK.SOURCE_CODE\BFA_NEW\SRC\GAME\SERVER\RELEASE_EPISODIC\HL_GAMEMOVEMENT.OBJ
C:\SOURCESDK.SOURCE_CODE\BFA_NEW\SRC\GAME\SERVER\RELEASE_EPISODIC\HL_PLAYERMOVE.OBJ
C:\SOURCESDK.SOURCE_CODE\BFA_NEW\SRC\GAME\SERVER\RELEASE_EPISODIC\HL2_AI_NETWORK.OBJ
C:\SOURCESDK.SOURCE_CODE\BFA_NEW\SRC\GAME\SERVER\RELEASE_EPISODIC\HL2_CLIENT.OBJ
C:\SOURCESDK.SOURCE_CODE\BFA_NEW\SRC\GAME\SERVER\RELEASE_EPISODIC\HL2_EVENTLOG.OBJ
C:\SOURCESDK.SOURCE_CODE\BFA_NEW\SRC\GAME\SERVER\RELEASE_EPISODIC\HL2_GAMERULES.OBJ
C:\SOURCESDK.SOURCE_CODE\BFA_NEW\SRC\GAME\SERVER\RELEASE_EPISODIC\HL2_PLAYER.OBJ
C:\SOURCESDK.SOURCE_CODE\BFA_NEW\SRC\GAME\SERVER\RELEASE_EPISODIC\HL2_PLAYERLOCALDATA.OBJ
C:\SOURCESDK.SOURCE_CODE\BFA_NEW\SRC\GAME\SERVER\RELEASE_EPISODIC\HL2_TRIGGERS.OBJ
C:\SOURCESDK.SOURCE_CODE\BFA_NEW\SRC\GAME\SERVER\RELEASE_EPISODIC\HL2_USERMESSAGES.OBJ
C:\SOURCESDK.SOURCE_CODE\BFA_NEW\SRC\GAME\SERVER\RELEASE_EPISODIC\HLTVDIRECTOR.OBJ
C:\SOURCESDK.SOURCE_CODE\BFA_NEW\SRC\GAME\SERVER\RELEASE_EPISODIC\IGAMESYSTEM.OBJ
C:\SOURCESDK.SOURCE_CODE\BFA_NEW\SRC\GAME\SERVER\RELEASE_EPISODIC\INFO_CAMERA_LINK.OBJ
C:\SOURCESDK.SOURCE_CODE\BFA_NEW\SRC\GAME\SERVER\RELEASE_EPISODIC\INFO_DARKNESSMODE_LIGHTSOURCE.OBJ
C:\SOURCESDK.SOURCE_CODE\BFA_NEW\SRC\GAME\SERVER\RELEASE_EPISODIC\INFO_OVERLAY_ACCESSOR.OBJ
C:\SOURCESDK.SOURCE_CODE\BFA_NEW\SRC\GAME\SERVER\RELEASE_EPISODIC\INFO_TELEPORTER_COUNTDOWN.OBJ
C:\SOURCESDK.SOURCE_CODE\BFA_NEW\SRC\GAME\SERVER\RELEASE_EPISODIC\INIT_FACTORY.OBJ
C:\SOURCESDK.SOURCE_CODE\BFA_NEW\SRC\GAME\SERVER\RELEASE_EPISODIC\INTERMISSION.OBJ
C:\SOURCESDK.SOURCE_CODE\BFA_NEW\SRC\GAME\SERVER\RELEASE_EPISODIC\INTERPOLATORTYPES.OBJ
C:\SOURCESDK.SOURCE_CODE\BFA_NEW\SRC\GAME\SERVER\RELEASE_EPISODIC\INTERVAL.OBJ
C:\SOURCESDK.SOURCE_CODE\BFA_NEW\SRC\GAME\SERVER\RELEASE_EPISODIC\ITEM_AMMO.OBJ
C:\SOURCESDK.SOURCE_CODE\BFA_NEW\SRC\GAME\SERVER\RELEASE_EPISODIC\ITEM_BATTERY.OBJ
C:\SOURCESDK.SOURCE_CODE\BFA_NEW\SRC\GAME\SERVER\RELEASE_EPISODIC\ITEM_DYNAMIC_RESUPPLY.OBJ
C:\SOURCESDK.SOURCE_CODE\BFA_NEW\SRC\GAME\SERVER\RELEASE_EPISODIC\ITEM_HEALTHKIT.OBJ
C:\SOURCESDK.SOURCE_CODE\BFA_NEW\SRC\GAME\SERVER\RELEASE_EPISODIC\ITEM_ITEMCRATE.OBJ
C:\SOURCESDK.SOURCE_CODE\BFA_NEW\SRC\GAME\SERVER\RELEASE_EPISODIC\ITEM_SUIT.OBJ
C:\SOURCESDK.SOURCE_CODE\BFA_NEW\SRC\GAME\SERVER\RELEASE_EPISODIC\ITEM_WORLD.OBJ
C:\SOURCESDK.SOURCE_CODE\BFA_NEW\SRC\GAME\SERVER\RELEASE_EPISODIC\KEYFRAME.OBJ
C:\SOURCESDK.SOURCE_CODE\BFA_NEW\SRC\GAME\SERVER\RELEASE_EPISODIC\LIGHTGLOW.OBJ
C:\SOURCESDK.SOURCE_CODE\BFA_NEW\SRC\GAME\SERVER\RELEASE_EPISODIC\LIGHTS.OBJ
C:\SourceSDK.Source_Code\BFA_NEW\src\game\server\Release_episodic\link.command.1.tlog
C:\SourceSDK.Source_Code\BFA_NEW\src\game\server\Release_episodic\link.read.1.tlog
C:\SourceSDK.Source_Code\BFA_NEW\src\game\server\Release_episodic\link.write.1.tlog
C:\SOURCESDK.SOURCE_CODE\BFA_NEW\SRC\GAME\SERVER\RELEASE_EPISODIC\LOGIC_ACHIEVEMENT.OBJ
C:\SOURCESDK.SOURCE_CODE\BFA_NEW\SRC\GAME\SERVER\RELEASE_EPISODIC\LOGIC_MEASURE_MOVEMENT.OBJ
C:\SOURCESDK.SOURCE_CODE\BFA_NEW\SRC\GAME\SERVER\RELEASE_EPISODIC\LOGIC_NAVIGATION.OBJ
C:\SOURCESDK.SOURCE_CODE\BFA_NEW\SRC\GAME\SERVER\RELEASE_EPISODIC\LOGICAUTO.OBJ
C:\SOURCESDK.SOURCE_CODE\BFA_NEW\SRC\GAME\SERVER\RELEASE_EPISODIC\LOGICENTITIES.OBJ
C:\SOURCESDK.SOURCE_CODE\BFA_NEW\SRC\GAME\SERVER\RELEASE_EPISODIC\LOGICRELAY.OBJ
C:\SOURCESDK.SOURCE_CODE\BFA_NEW\SRC\GAME\SERVER\RELEASE_EPISODIC\LOOK_DOOR.OBJ
C:\SOURCESDK.SOURCE_CODE\BFA_NEW\SRC\GAME\SERVER\RELEASE_EPISODIC\MAP_UTILS.OBJ
C:\SOURCESDK.SOURCE_CODE\BFA_NEW\SRC\GAME\SERVER\RELEASE_EPISODIC\MAPENTITIES.OBJ
C:\SOURCESDK.SOURCE_CODE\BFA_NEW\SRC\GAME\SERVER\RELEASE_EPISODIC\MAPENTITIES_SHARED.OBJ
C:\SOURCESDK.SOURCE_CODE\BFA_NEW\SRC\GAME\SERVER\RELEASE_EPISODIC\MAPRULES.OBJ
C:\SOURCESDK.SOURCE_CODE\BFA_NEW\SRC\GAME\SERVER\RELEASE_EPISODIC\MATERIALMODIFYCONTROL.OBJ
C:\SOURCESDK.SOURCE_CODE\BFA_NEW\SRC\GAME\SERVER\RELEASE_EPISODIC\MEMOVERRIDE.OBJ
C:\SOURCESDK.SOURCE_CODE\BFA_NEW\SRC\GAME\SERVER\RELEASE_EPISODIC\MESSAGE_ENTITY.OBJ
C:\SOURCESDK.SOURCE_CODE\BFA_NEW\SRC\GAME\SERVER\RELEASE_EPISODIC\MODELENTITIES.OBJ
C:\SOURCESDK.SOURCE_CODE\BFA_NEW\SRC\GAME\SERVER\RELEASE_EPISODIC\MODELSOUNDSCACHE.OBJ
C:\SOURCESDK.SOURCE_CODE\BFA_NEW\SRC\GAME\SERVER\RELEASE_EPISODIC\MONSTER_DUMMY.OBJ
C:\SOURCESDK.SOURCE_CODE\BFA_NEW\SRC\GAME\SERVER\RELEASE_EPISODIC\MONSTERMAKER.OBJ
C:\SOURCESDK.SOURCE_CODE\BFA_NEW\SRC\GAME\SERVER\RELEASE_EPISODIC\MOVEHELPER_SERVER.OBJ
C:\SOURCESDK.SOURCE_CODE\BFA_NEW\SRC\GAME\SERVER\RELEASE_EPISODIC\MOVEMENT.OBJ
C:\SOURCESDK.SOURCE_CODE\BFA_NEW\SRC\GAME\SERVER\RELEASE_EPISODIC\MOVEVARS_SHARED.OBJ
C:\SOURCESDK.SOURCE_CODE\BFA_NEW\SRC\GAME\SERVER\RELEASE_EPISODIC\MOVIE_EXPLOSION.OBJ
C:\SOURCESDK.SOURCE_CODE\BFA_NEW\SRC\GAME\SERVER\RELEASE_EPISODIC\MP_SHAREDDEFS.OBJ
C:\SOURCESDK.SOURCE_CODE\BFA_NEW\SRC\GAME\SERVER\RELEASE_EPISODIC\MULTIPLAY_GAMERULES.OBJ
C:\SOURCESDK.SOURCE_CODE\BFA_NEW\SRC\GAME\SERVER\RELEASE_EPISODIC\NAV_AREA.OBJ
C:\SOURCESDK.SOURCE_CODE\BFA_NEW\SRC\GAME\SERVER\RELEASE_EPISODIC\NAV_COLORS.OBJ
C:\SOURCESDK.SOURCE_CODE\BFA_NEW\SRC\GAME\SERVER\RELEASE_EPISODIC\NAV_EDIT.OBJ
C:\SOURCESDK.SOURCE_CODE\BFA_NEW\SRC\GAME\SERVER\RELEASE_EPISODIC\NAV_FILE.OBJ
C:\SOURCESDK.SOURCE_CODE\BFA_NEW\SRC\GAME\SERVER\RELEASE_EPISODIC\NAV_GENERATE.OBJ
C:\SOURCESDK.SOURCE_CODE\BFA_NEW\SRC\GAME\SERVER\RELEASE_EPISODIC\NAV_LADDER.OBJ
C:\SOURCESDK.SOURCE_CODE\BFA_NEW\SRC\GAME\SERVER\RELEASE_EPISODIC\NAV_MESH.OBJ
C:\SOURCESDK.SOURCE_CODE\BFA_NEW\SRC\GAME\SERVER\RELEASE_EPISODIC\NAV_NODE.OBJ
C:\SOURCESDK.SOURCE_CODE\BFA_NEW\SRC\GAME\SERVER\RELEASE_EPISODIC\NDEBUGOVERLAY.OBJ
C:\SOURCESDK.SOURCE_CODE\BFA_NEW\SRC\GAME\SERVER\RELEASE_EPISODIC\NETWORKVAR.OBJ
C:\SOURCESDK.SOURCE_CODE\BFA_NEW\SRC\GAME\SERVER\RELEASE_EPISODIC\NPC_ADVISOR.OBJ
C:\SOURCESDK.SOURCE_CODE\BFA_NEW\SRC\GAME\SERVER\RELEASE_EPISODIC\NPC_ALYX_EPISODIC.OBJ
C:\SOURCESDK.SOURCE_CODE\BFA_NEW\SRC\GAME\SERVER\RELEASE_EPISODIC\NPC_ANTLION.OBJ
C:\SOURCESDK.SOURCE_CODE\BFA_NEW\SRC\GAME\SERVER\RELEASE_EPISODIC\NPC_ANTLIONGRUB.OBJ
C:\SOURCESDK.SOURCE_CODE\BFA_NEW\SRC\GAME\SERVER\RELEASE_EPISODIC\NPC_ANTLIONGUARD.OBJ
C:\SOURCESDK.SOURCE_CODE\BFA_NEW\SRC\GAME\SERVER\RELEASE_EPISODIC\NPC_APCDRIVER.OBJ
C:\SOURCESDK.SOURCE_CODE\BFA_NEW\SRC\GAME\SERVER\RELEASE_EPISODIC\NPC_ATTACKCHOPPER.OBJ
C:\SOURCESDK.SOURCE_CODE\BFA_NEW\SRC\GAME\SERVER\RELEASE_EPISODIC\NPC_BARNACLE.OBJ
C:\SOURCESDK.SOURCE_CODE\BFA_NEW\SRC\GAME\SERVER\RELEASE_EPISODIC\NPC_BARNEY.OBJ
C:\SOURCESDK.SOURCE_CODE\BFA_NEW\SRC\GAME\SERVER\RELEASE_EPISODIC\NPC_BASESCANNER.OBJ
C:\SOURCESDK.SOURCE_CODE\BFA_NEW\SRC\GAME\SERVER\RELEASE_EPISODIC\NPC_BASEZOMBIE.OBJ
C:\SOURCESDK.SOURCE_CODE\BFA_NEW\SRC\GAME\SERVER\RELEASE_EPISODIC\NPC_BREEN.OBJ
C:\SOURCESDK.SOURCE_CODE\BFA_NEW\SRC\GAME\SERVER\RELEASE_EPISODIC\NPC_BULLSEYE.OBJ
C:\SOURCESDK.SOURCE_CODE\BFA_NEW\SRC\GAME\SERVER\RELEASE_EPISODIC\NPC_CITIZEN17.OBJ
C:\SOURCESDK.SOURCE_CODE\BFA_NEW\SRC\GAME\SERVER\RELEASE_EPISODIC\NPC_COMBINE.OBJ
C:\SOURCESDK.SOURCE_CODE\BFA_NEW\SRC\GAME\SERVER\RELEASE_EPISODIC\NPC_COMBINE_CANNON.OBJ
C:\SOURCESDK.SOURCE_CODE\BFA_NEW\SRC\GAME\SERVER\RELEASE_EPISODIC\NPC_COMBINECAMERA.OBJ
C:\SOURCESDK.SOURCE_CODE\BFA_NEW\SRC\GAME\SERVER\RELEASE_EPISODIC\NPC_COMBINEDROPSHIP.OBJ
C:\SOURCESDK.SOURCE_CODE\BFA_NEW\SRC\GAME\SERVER\RELEASE_EPISODIC\NPC_COMBINEGUNSHIP.OBJ
C:\SOURCESDK.SOURCE_CODE\BFA_NEW\SRC\GAME\SERVER\RELEASE_EPISODIC\NPC_COMBINES.OBJ
C:\SOURCESDK.SOURCE_CODE\BFA_NEW\SRC\GAME\SERVER\RELEASE_EPISODIC\NPC_CRANEDRIVER.OBJ
C:\SOURCESDK.SOURCE_CODE\BFA_NEW\SRC\GAME\SERVER\RELEASE_EPISODIC\NPC_CROW.OBJ
C:\SOURCESDK.SOURCE_CODE\BFA_NEW\SRC\GAME\SERVER\RELEASE_EPISODIC\NPC_DOG.OBJ
C:\SOURCESDK.SOURCE_CODE\BFA_NEW\SRC\GAME\SERVER\RELEASE_EPISODIC\NPC_ELI.OBJ
C:\SOURCESDK.SOURCE_CODE\BFA_NEW\SRC\GAME\SERVER\RELEASE_EPISODIC\NPC_ENEMYFINDER.OBJ
C:\SOURCESDK.SOURCE_CODE\BFA_NEW\SRC\GAME\SERVER\RELEASE_EPISODIC\NPC_FASTZOMBIE.OBJ
C:\SOURCESDK.SOURCE_CODE\BFA_NEW\SRC\GAME\SERVER\RELEASE_EPISODIC\NPC_FISHERMAN.OBJ
C:\SOURCESDK.SOURCE_CODE\BFA_NEW\SRC\GAME\SERVER\RELEASE_EPISODIC\NPC_GMAN.OBJ
C:\SOURCESDK.SOURCE_CODE\BFA_NEW\SRC\GAME\SERVER\RELEASE_EPISODIC\NPC_HEADCRAB.OBJ
C:\SOURCESDK.SOURCE_CODE\BFA_NEW\SRC\GAME\SERVER\RELEASE_EPISODIC\NPC_HUNTER.OBJ
C:\SOURCESDK.SOURCE_CODE\BFA_NEW\SRC\GAME\SERVER\RELEASE_EPISODIC\NPC_ICHTHYOSAUR.OBJ
C:\SOURCESDK.SOURCE_CODE\BFA_NEW\SRC\GAME\SERVER\RELEASE_EPISODIC\NPC_KLEINER.OBJ
C:\SOURCESDK.SOURCE_CODE\BFA_NEW\SRC\GAME\SERVER\RELEASE_EPISODIC\NPC_LAUNCHER.OBJ
C:\SOURCESDK.SOURCE_CODE\BFA_NEW\SRC\GAME\SERVER\RELEASE_EPISODIC\NPC_MAGNUSSON.OBJ
C:\SOURCESDK.SOURCE_CODE\BFA_NEW\SRC\GAME\SERVER\RELEASE_EPISODIC\NPC_MANHACK.OBJ
C:\SOURCESDK.SOURCE_CODE\BFA_NEW\SRC\GAME\SERVER\RELEASE_EPISODIC\NPC_METROPOLICE.OBJ
C:\SOURCESDK.SOURCE_CODE\BFA_NEW\SRC\GAME\SERVER\RELEASE_EPISODIC\NPC_MISSILEDEFENSE.OBJ
C:\SOURCESDK.SOURCE_CODE\BFA_NEW\SRC\GAME\SERVER\RELEASE_EPISODIC\NPC_MONK.OBJ
C:\SOURCESDK.SOURCE_CODE\BFA_NEW\SRC\GAME\SERVER\RELEASE_EPISODIC\NPC_MOSSMAN.OBJ
C:\SOURCESDK.SOURCE_CODE\BFA_NEW\SRC\GAME\SERVER\RELEASE_EPISODIC\NPC_PLAYERCOMPANION.OBJ
C:\SOURCESDK.SOURCE_CODE\BFA_NEW\SRC\GAME\SERVER\RELEASE_EPISODIC\NPC_POISONZOMBIE.OBJ
C:\SOURCESDK.SOURCE_CODE\BFA_NEW\SRC\GAME\SERVER\RELEASE_EPISODIC\NPC_PUPPET.OBJ
C:\SOURCESDK.SOURCE_CODE\BFA_NEW\SRC\GAME\SERVER\RELEASE_EPISODIC\NPC_ROLLERMINE.OBJ
C:\SOURCESDK.SOURCE_CODE\BFA_NEW\SRC\GAME\SERVER\RELEASE_EPISODIC\NPC_SCANNER.OBJ
C:\SOURCESDK.SOURCE_CODE\BFA_NEW\SRC\GAME\SERVER\RELEASE_EPISODIC\NPC_STALKER.OBJ
C:\SOURCESDK.SOURCE_CODE\BFA_NEW\SRC\GAME\SERVER\RELEASE_EPISODIC\NPC_STRIDER.OBJ
C:\SOURCESDK.SOURCE_CODE\BFA_NEW\SRC\GAME\SERVER\RELEASE_EPISODIC\NPC_TALKER.OBJ
C:\SOURCESDK.SOURCE_CODE\BFA_NEW\SRC\GAME\SERVER\RELEASE_EPISODIC\NPC_TURRET_CEILING.OBJ
C:\SOURCESDK.SOURCE_CODE\BFA_NEW\SRC\GAME\SERVER\RELEASE_EPISODIC\NPC_TURRET_FLOOR.OBJ
C:\SOURCESDK.SOURCE_CODE\BFA_NEW\SRC\GAME\SERVER\RELEASE_EPISODIC\NPC_TURRET_GROUND.OBJ
C:\SOURCESDK.SOURCE_CODE\BFA_NEW\SRC\GAME\SERVER\RELEASE_EPISODIC\NPC_VEHICLEDRIVER.OBJ
C:\SOURCESDK.SOURCE_CODE\BFA_NEW\SRC\GAME\SERVER\RELEASE_EPISODIC\NPC_VORTIGAUNT_EPISODIC.OBJ
C:\SOURCESDK.SOURCE_CODE\BFA_NEW\SRC\GAME\SERVER\RELEASE_EPISODIC\NPC_ZOMBIE.OBJ
C:\SOURCESDK.SOURCE_CODE\BFA_NEW\SRC\GAME\SERVER\RELEASE_EPISODIC\NPC_ZOMBINE.OBJ
C:\SOURCESDK.SOURCE_CODE\BFA_NEW\SRC\GAME\SERVER\RELEASE_EPISODIC\OBSTACLE_PUSHAWAY.OBJ
C:\SOURCESDK.SOURCE_CODE\BFA_NEW\SRC\GAME\SERVER\RELEASE_EPISODIC\PARTICLE_FIRE.OBJ
C:\SOURCESDK.SOURCE_CODE\BFA_NEW\SRC\GAME\SERVER\RELEASE_EPISODIC\PARTICLE_LIGHT.OBJ
C:\SOURCESDK.SOURCE_CODE\BFA_NEW\SRC\GAME\SERVER\RELEASE_EPISODIC\PARTICLE_PARSE.OBJ
C:\SOURCESDK.SOURCE_CODE\BFA_NEW\SRC\GAME\SERVER\RELEASE_EPISODIC\PARTICLE_SMOKEGRENADE.OBJ
C:\SOURCESDK.SOURCE_CODE\BFA_NEW\SRC\GAME\SERVER\RELEASE_EPISODIC\PARTICLE_SYSTEM.OBJ
C:\SOURCESDK.SOURCE_CODE\BFA_NEW\SRC\GAME\SERVER\RELEASE_EPISODIC\PARTICLESYSTEMQUERY.OBJ
C:\SOURCESDK.SOURCE_CODE\BFA_NEW\SRC\GAME\SERVER\RELEASE_EPISODIC\PATHCORNER.OBJ
C:\SOURCESDK.SOURCE_CODE\BFA_NEW\SRC\GAME\SERVER\RELEASE_EPISODIC\PATHTRACK.OBJ
C:\SOURCESDK.SOURCE_CODE\BFA_NEW\SRC\GAME\SERVER\RELEASE_EPISODIC\PHYS_CONTROLLER.OBJ
C:\SOURCESDK.SOURCE_CODE\BFA_NEW\SRC\GAME\SERVER\RELEASE_EPISODIC\PHYSCONSTRAINT.OBJ
C:\SOURCESDK.SOURCE_CODE\BFA_NEW\SRC\GAME\SERVER\RELEASE_EPISODIC\PHYSICS.OBJ
C:\SOURCESDK.SOURCE_CODE\BFA_NEW\SRC\GAME\SERVER\RELEASE_EPISODIC\PHYSICS_BONE_FOLLOWER.OBJ
C:\SOURCESDK.SOURCE_CODE\BFA_NEW\SRC\GAME\SERVER\RELEASE_EPISODIC\PHYSICS_CANNISTER.OBJ
C:\SOURCESDK.SOURCE_CODE\BFA_NEW\SRC\GAME\SERVER\RELEASE_EPISODIC\PHYSICS_FX.OBJ
C:\SOURCESDK.SOURCE_CODE\BFA_NEW\SRC\GAME\SERVER\RELEASE_EPISODIC\PHYSICS_IMPACT_DAMAGE.OBJ
C:\SOURCESDK.SOURCE_CODE\BFA_NEW\SRC\GAME\SERVER\RELEASE_EPISODIC\PHYSICS_MAIN.OBJ
C:\SOURCESDK.SOURCE_CODE\BFA_NEW\SRC\GAME\SERVER\RELEASE_EPISODIC\PHYSICS_MAIN_SHARED.OBJ
C:\SOURCESDK.SOURCE_CODE\BFA_NEW\SRC\GAME\SERVER\RELEASE_EPISODIC\PHYSICS_NPC_SOLVER.OBJ
C:\SOURCESDK.SOURCE_CODE\BFA_NEW\SRC\GAME\SERVER\RELEASE_EPISODIC\PHYSICS_PROP_RAGDOLL.OBJ
C:\SOURCESDK.SOURCE_CODE\BFA_NEW\SRC\GAME\SERVER\RELEASE_EPISODIC\PHYSICS_SAVERESTORE.OBJ
C:\SOURCESDK.SOURCE_CODE\BFA_NEW\SRC\GAME\SERVER\RELEASE_EPISODIC\PHYSICS_SHARED.OBJ
C:\SOURCESDK.SOURCE_CODE\BFA_NEW\SRC\GAME\SERVER\RELEASE_EPISODIC\PHYSOBJ.OBJ
C:\SOURCESDK.SOURCE_CODE\BFA_NEW\SRC\GAME\SERVER\RELEASE_EPISODIC\PLASMA.OBJ
C:\SOURCESDK.SOURCE_CODE\BFA_NEW\SRC\GAME\SERVER\RELEASE_EPISODIC\PLAYER.OBJ
C:\SOURCESDK.SOURCE_CODE\BFA_NEW\SRC\GAME\SERVER\RELEASE_EPISODIC\PLAYER_COMMAND.OBJ
C:\SOURCESDK.SOURCE_CODE\BFA_NEW\SRC\GAME\SERVER\RELEASE_EPISODIC\PLAYER_LAGCOMPENSATION.OBJ
C:\SOURCESDK.SOURCE_CODE\BFA_NEW\SRC\GAME\SERVER\RELEASE_EPISODIC\PLAYER_PICKUP.OBJ
C:\SOURCESDK.SOURCE_CODE\BFA_NEW\SRC\GAME\SERVER\RELEASE_EPISODIC\PLAYER_RESOURCE.OBJ
C:\SOURCESDK.SOURCE_CODE\BFA_NEW\SRC\GAME\SERVER\RELEASE_EPISODIC\PLAYERINFOMANAGER.OBJ
C:\SOURCESDK.SOURCE_CODE\BFA_NEW\SRC\GAME\SERVER\RELEASE_EPISODIC\PLAYERLOCALDATA.OBJ
C:\SOURCESDK.SOURCE_CODE\BFA_NEW\SRC\GAME\SERVER\RELEASE_EPISODIC\PLUGIN_CHECK.OBJ
C:\SOURCESDK.SOURCE_CODE\BFA_NEW\SRC\GAME\SERVER\RELEASE_EPISODIC\POINT_APC_CONTROLLER.OBJ
C:\SOURCESDK.SOURCE_CODE\BFA_NEW\SRC\GAME\SERVER\RELEASE_EPISODIC\POINT_BONUSMAPS_ACCESSOR.OBJ
C:\SOURCESDK.SOURCE_CODE\BFA_NEW\SRC\GAME\SERVER\RELEASE_EPISODIC\POINT_CAMERA.OBJ
C:\SOURCESDK.SOURCE_CODE\BFA_NEW\SRC\GAME\SERVER\RELEASE_EPISODIC\POINT_DEVSHOT_CAMERA.OBJ
C:\SOURCESDK.SOURCE_CODE\BFA_NEW\SRC\GAME\SERVER\RELEASE_EPISODIC\POINT_PLAYERMOVECONSTRAINT.OBJ
C:\SOURCESDK.SOURCE_CODE\BFA_NEW\SRC\GAME\SERVER\RELEASE_EPISODIC\POINT_POSECONTROLLER.OBJ
C:\SOURCESDK.SOURCE_CODE\BFA_NEW\SRC\GAME\SERVER\RELEASE_EPISODIC\POINT_SPOTLIGHT.OBJ
C:\SOURCESDK.SOURCE_CODE\BFA_NEW\SRC\GAME\SERVER\RELEASE_EPISODIC\POINT_TEMPLATE.OBJ
C:\SOURCESDK.SOURCE_CODE\BFA_NEW\SRC\GAME\SERVER\RELEASE_EPISODIC\POINTANGLESENSOR.OBJ
C:\SOURCESDK.SOURCE_CODE\BFA_NEW\SRC\GAME\SERVER\RELEASE_EPISODIC\POINTANGULARVELOCITYSENSOR.OBJ
C:\SOURCESDK.SOURCE_CODE\BFA_NEW\SRC\GAME\SERVER\RELEASE_EPISODIC\POINTHURT.OBJ
C:\SOURCESDK.SOURCE_CODE\BFA_NEW\SRC\GAME\SERVER\RELEASE_EPISODIC\POINTTELEPORT.OBJ
C:\SOURCESDK.SOURCE_CODE\BFA_NEW\SRC\GAME\SERVER\RELEASE_EPISODIC\PRECACHE_REGISTER.OBJ
C:\SOURCESDK.SOURCE_CODE\BFA_NEW\SRC\GAME\SERVER\RELEASE_EPISODIC\PREDICTABLEID.OBJ
C:\SOURCESDK.SOURCE_CODE\BFA_NEW\SRC\GAME\SERVER\RELEASE_EPISODIC\PROP_COMBINE_BALL.OBJ
C:\SOURCESDK.SOURCE_CODE\BFA_NEW\SRC\GAME\SERVER\RELEASE_EPISODIC\PROP_SCALABLE.OBJ
C:\SOURCESDK.SOURCE_CODE\BFA_NEW\SRC\GAME\SERVER\RELEASE_EPISODIC\PROP_THUMPER.OBJ
C:\SOURCESDK.SOURCE_CODE\BFA_NEW\SRC\GAME\SERVER\RELEASE_EPISODIC\PROPS.OBJ
C:\SOURCESDK.SOURCE_CODE\BFA_NEW\SRC\GAME\SERVER\RELEASE_EPISODIC\PROPS_SHARED.OBJ
C:\SOURCESDK.SOURCE_CODE\BFA_NEW\SRC\GAME\SERVER\RELEASE_EPISODIC\PROTO_SNIPER.OBJ
C:\SOURCESDK.SOURCE_CODE\BFA_NEW\SRC\GAME\SERVER\RELEASE_EPISODIC\RAGDOLL_MANAGER.OBJ
C:\SOURCESDK.SOURCE_CODE\BFA_NEW\SRC\GAME\SERVER\RELEASE_EPISODIC\RAGDOLL_SHARED.OBJ
C:\SOURCESDK.SOURCE_CODE\BFA_NEW\SRC\GAME\SERVER\RELEASE_EPISODIC\RAGDOLLBOOGIE.OBJ
C:\SOURCESDK.SOURCE_CODE\BFA_NEW\SRC\GAME\SERVER\RELEASE_EPISODIC\RANDOVERRIDE.OBJ
C:\SOURCESDK.SOURCE_CODE\BFA_NEW\SRC\GAME\SERVER\RELEASE_EPISODIC\RECIPIENTFILTER.OBJ
C:\SOURCESDK.SOURCE_CODE\BFA_NEW\SRC\GAME\SERVER\RELEASE_EPISODIC\REGISTRY.OBJ
C:\SOURCESDK.SOURCE_CODE\BFA_NEW\SRC\GAME\SERVER\RELEASE_EPISODIC\ROPE.OBJ
C:\SOURCESDK.SOURCE_CODE\BFA_NEW\SRC\GAME\SERVER\RELEASE_EPISODIC\ROPE_HELPERS.OBJ
C:\SOURCESDK.SOURCE_CODE\BFA_NEW\SRC\GAME\SERVER\RELEASE_EPISODIC\ROPE_PHYSICS.OBJ
C:\SOURCESDK.SOURCE_CODE\BFA_NEW\SRC\GAME\SERVER\RELEASE_EPISODIC\ROTORWASH.OBJ
C:\SOURCESDK.SOURCE_CODE\BFA_NEW\SRC\GAME\SERVER\RELEASE_EPISODIC\SAVERESTORE.OBJ
C:\SOURCESDK.SOURCE_CODE\BFA_NEW\SRC\GAME\SERVER\RELEASE_EPISODIC\SAVERESTORE_GAMEDLL.OBJ
C:\SOURCESDK.SOURCE_CODE\BFA_NEW\SRC\GAME\SERVER\RELEASE_EPISODIC\SCENECACHE.OBJ
C:\SOURCESDK.SOURCE_CODE\BFA_NEW\SRC\GAME\SERVER\RELEASE_EPISODIC\SCENEENTITY.OBJ
C:\SOURCESDK.SOURCE_CODE\BFA_NEW\SRC\GAME\SERVER\RELEASE_EPISODIC\SCENEENTITY_SHARED.OBJ
C:\SOURCESDK.SOURCE_CODE\BFA_NEW\SRC\GAME\SERVER\RELEASE_EPISODIC\SCRATCHPAD_GAMEDLL_HELPERS.OBJ
C:\SOURCESDK.SOURCE_CODE\BFA_NEW\SRC\GAME\SERVER\RELEASE_EPISODIC\SCRATCHPAD3D.OBJ
C:\SOURCESDK.SOURCE_CODE\BFA_NEW\SRC\GAME\SERVER\RELEASE_EPISODIC\SCRATCHPADUTILS.OBJ
C:\SOURCESDK.SOURCE_CODE\BFA_NEW\SRC\GAME\SERVER\RELEASE_EPISODIC\SCRIPT_INTRO.OBJ
C:\SOURCESDK.SOURCE_CODE\BFA_NEW\SRC\GAME\SERVER\RELEASE_EPISODIC\SCRIPT_INTRO_SHARED.OBJ
C:\SOURCESDK.SOURCE_CODE\BFA_NEW\SRC\GAME\SERVER\RELEASE_EPISODIC\SCRIPTED.OBJ
C:\SOURCESDK.SOURCE_CODE\BFA_NEW\SRC\GAME\SERVER\RELEASE_EPISODIC\SCRIPTEDTARGET.OBJ
C:\SOURCESDK.SOURCE_CODE\BFA_NEW\SRC\GAME\SERVER\RELEASE_EPISODIC\SENDPROXY.OBJ
C:\SOURCESDK.SOURCE_CODE\BFA_NEW\SRC\GAME\SERVER\RELEASE_EPISODIC\SEQUENCE_TRANSITIONER.OBJ
C:\SourceSDK.Source_Code\BFA_NEW\src\game\server\Release_episodic\Server Episodic.exp
C:\SourceSDK.Source_Code\BFA_NEW\src\game\server\Release_episodic\Server Episodic.lib
C:\SOURCESDK.SOURCE_CODE\BFA_NEW\SRC\GAME\SERVER\RELEASE_EPISODIC\SERVER EPISODIC.MAP
C:\SOURCESDK.SOURCE_CODE\BFA_NEW\SRC\GAME\SERVER\RELEASE_EPISODIC\SERVER EPISODIC.PCH
C:\SOURCESDK.SOURCE_CODE\BFA_NEW\SRC\GAME\SERVER\RELEASE_EPISODIC\SERVER EPISODIC.PDB
C:\SourceSDK.Source_Code\BFA_NEW\src\game\server\Release_episodic\Server Episodic.write.1.tlog
C:\SOURCESDK.SOURCE_CODE\BFA_NEW\SRC\GAME\SERVER\RELEASE_EPISODIC\SERVER.DLL
C:\SOURCESDK.SOURCE_CODE\BFA_NEW\SRC\GAME\SERVER\RELEASE_EPISODIC\SERVER_CLASS.OBJ
C:\SOURCESDK.SOURCE_CODE\BFA_NEW\SRC\GAME\SERVER\RELEASE_EPISODIC\SERVERBENCHMARK_BASE.OBJ
C:\SOURCESDK.SOURCE_CODE\BFA_NEW\SRC\GAME\SERVER\RELEASE_EPISODIC\SERVERNETWORKPROPERTY.OBJ
C:\SOURCESDK.SOURCE_CODE\BFA_NEW\SRC\GAME\SERVER\RELEASE_EPISODIC\SHADOWCONTROL.OBJ
C:\SOURCESDK.SOURCE_CODE\BFA_NEW\SRC\GAME\SERVER\RELEASE_EPISODIC\SHEETSIMULATOR.OBJ
C:\SOURCESDK.SOURCE_CODE\BFA_NEW\SRC\GAME\SERVER\RELEASE_EPISODIC\SIMPLE_PHYSICS.OBJ
C:\SOURCESDK.SOURCE_CODE\BFA_NEW\SRC\GAME\SERVER\RELEASE_EPISODIC\SIMTIMER.OBJ
C:\SOURCESDK.SOURCE_CODE\BFA_NEW\SRC\GAME\SERVER\RELEASE_EPISODIC\SINGLEPLAY_GAMERULES.OBJ
C:\SOURCESDK.SOURCE_CODE\BFA_NEW\SRC\GAME\SERVER\RELEASE_EPISODIC\SKYCAMERA.OBJ
C:\SOURCESDK.SOURCE_CODE\BFA_NEW\SRC\GAME\SERVER\RELEASE_EPISODIC\SLIDESHOW_DISPLAY.OBJ
C:\SOURCESDK.SOURCE_CODE\BFA_NEW\SRC\GAME\SERVER\RELEASE_EPISODIC\SMOKE_TRAIL.OBJ
C:\SOURCESDK.SOURCE_CODE\BFA_NEW\SRC\GAME\SERVER\RELEASE_EPISODIC\SMOKESTACK.OBJ
C:\SOURCESDK.SOURCE_CODE\BFA_NEW\SRC\GAME\SERVER\RELEASE_EPISODIC\SOUND.OBJ
C:\SOURCESDK.SOURCE_CODE\BFA_NEW\SRC\GAME\SERVER\RELEASE_EPISODIC\SOUNDEMITTERSYSTEM.OBJ
C:\SOURCESDK.SOURCE_CODE\BFA_NEW\SRC\GAME\SERVER\RELEASE_EPISODIC\SOUNDENT.OBJ
C:\SOURCESDK.SOURCE_CODE\BFA_NEW\SRC\GAME\SERVER\RELEASE_EPISODIC\SOUNDENVELOPE.OBJ
C:\SOURCESDK.SOURCE_CODE\BFA_NEW\SRC\GAME\SERVER\RELEASE_EPISODIC\SOUNDPARAMETERSINTERNAL.OBJ
C:\SOURCESDK.SOURCE_CODE\BFA_NEW\SRC\GAME\SERVER\RELEASE_EPISODIC\SOUNDSCAPE.OBJ
C:\SOURCESDK.SOURCE_CODE\BFA_NEW\SRC\GAME\SERVER\RELEASE_EPISODIC\SOUNDSCAPE_SYSTEM.OBJ
C:\SOURCESDK.SOURCE_CODE\BFA_NEW\SRC\GAME\SERVER\RELEASE_EPISODIC\SPOTLIGHTEND.OBJ
C:\SOURCESDK.SOURCE_CODE\BFA_NEW\SRC\GAME\SERVER\RELEASE_EPISODIC\SPRITE.OBJ
C:\SOURCESDK.SOURCE_CODE\BFA_NEW\SRC\GAME\SERVER\RELEASE_EPISODIC\SPRITE_PERFMONITOR.OBJ
C:\SOURCESDK.SOURCE_CODE\BFA_NEW\SRC\GAME\SERVER\RELEASE_EPISODIC\SPRITETRAIL.OBJ
C:\SOURCESDK.SOURCE_CODE\BFA_NEW\SRC\GAME\SERVER\RELEASE_EPISODIC\STDAFX.OBJ
C:\SOURCESDK.SOURCE_CODE\BFA_NEW\SRC\GAME\SERVER\RELEASE_EPISODIC\STEAMJET.OBJ
C:\SOURCESDK.SOURCE_CODE\BFA_NEW\SRC\GAME\SERVER\RELEASE_EPISODIC\STRINGREGISTRY.OBJ
C:\SOURCESDK.SOURCE_CODE\BFA_NEW\SRC\GAME\SERVER\RELEASE_EPISODIC\STUDIO.OBJ
C:\SOURCESDK.SOURCE_CODE\BFA_NEW\SRC\GAME\SERVER\RELEASE_EPISODIC\STUDIO_SHARED.OBJ
C:\SOURCESDK.SOURCE_CODE\BFA_NEW\SRC\GAME\SERVER\RELEASE_EPISODIC\SUBS.OBJ
C:\SOURCESDK.SOURCE_CODE\BFA_NEW\SRC\GAME\SERVER\RELEASE_EPISODIC\SUN.OBJ
C:\SOURCESDK.SOURCE_CODE\BFA_NEW\SRC\GAME\SERVER\RELEASE_EPISODIC\SURVIVAL_GAMERULES.OBJ
C:\SOURCESDK.SOURCE_CODE\BFA_NEW\SRC\GAME\SERVER\RELEASE_EPISODIC\TAKEDAMAGEINFO.OBJ
C:\SOURCESDK.SOURCE_CODE\BFA_NEW\SRC\GAME\SERVER\RELEASE_EPISODIC\TANKTRAIN.OBJ
C:\SOURCESDK.SOURCE_CODE\BFA_NEW\SRC\GAME\SERVER\RELEASE_EPISODIC\TE.OBJ
C:\SOURCESDK.SOURCE_CODE\BFA_NEW\SRC\GAME\SERVER\RELEASE_EPISODIC\TE_ARMORRICOCHET.OBJ
C:\SOURCESDK.SOURCE_CODE\BFA_NEW\SRC\GAME\SERVER\RELEASE_EPISODIC\TE_BASEBEAM.OBJ
C:\SOURCESDK.SOURCE_CODE\BFA_NEW\SRC\GAME\SERVER\RELEASE_EPISODIC\TE_BEAMENTPOINT.OBJ
C:\SOURCESDK.SOURCE_CODE\BFA_NEW\SRC\GAME\SERVER\RELEASE_EPISODIC\TE_BEAMENTS.OBJ
C:\SOURCESDK.SOURCE_CODE\BFA_NEW\SRC\GAME\SERVER\RELEASE_EPISODIC\TE_BEAMFOLLOW.OBJ
C:\SOURCESDK.SOURCE_CODE\BFA_NEW\SRC\GAME\SERVER\RELEASE_EPISODIC\TE_BEAMLASER.OBJ
C:\SOURCESDK.SOURCE_CODE\BFA_NEW\SRC\GAME\SERVER\RELEASE_EPISODIC\TE_BEAMPOINTS.OBJ
C:\SOURCESDK.SOURCE_CODE\BFA_NEW\SRC\GAME\SERVER\RELEASE_EPISODIC\TE_BEAMRING.OBJ
C:\SOURCESDK.SOURCE_CODE\BFA_NEW\SRC\GAME\SERVER\RELEASE_EPISODIC\TE_BEAMRINGPOINT.OBJ
C:\SOURCESDK.SOURCE_CODE\BFA_NEW\SRC\GAME\SERVER\RELEASE_EPISODIC\TE_BEAMSPLINE.OBJ
C:\SOURCESDK.SOURCE_CODE\BFA_NEW\SRC\GAME\SERVER\RELEASE_EPISODIC\TE_BLOODSPRITE.OBJ
C:\SOURCESDK.SOURCE_CODE\BFA_NEW\SRC\GAME\SERVER\RELEASE_EPISODIC\TE_BLOODSTREAM.OBJ
C:\SOURCESDK.SOURCE_CODE\BFA_NEW\SRC\GAME\SERVER\RELEASE_EPISODIC\TE_BREAKMODEL.OBJ
C:\SOURCESDK.SOURCE_CODE\BFA_NEW\SRC\GAME\SERVER\RELEASE_EPISODIC\TE_BSPDECAL.OBJ
C:\SOURCESDK.SOURCE_CODE\BFA_NEW\SRC\GAME\SERVER\RELEASE_EPISODIC\TE_BUBBLES.OBJ
C:\SOURCESDK.SOURCE_CODE\BFA_NEW\SRC\GAME\SERVER\RELEASE_EPISODIC\TE_BUBBLETRAIL.OBJ
C:\SOURCESDK.SOURCE_CODE\BFA_NEW\SRC\GAME\SERVER\RELEASE_EPISODIC\TE_CLIENTPROJECTILE.OBJ
C:\SOURCESDK.SOURCE_CODE\BFA_NEW\SRC\GAME\SERVER\RELEASE_EPISODIC\TE_DECAL.OBJ
C:\SOURCESDK.SOURCE_CODE\BFA_NEW\SRC\GAME\SERVER\RELEASE_EPISODIC\TE_DYNAMICLIGHT.OBJ
C:\SOURCESDK.SOURCE_CODE\BFA_NEW\SRC\GAME\SERVER\RELEASE_EPISODIC\TE_EFFECT_DISPATCH.OBJ
C:\SOURCESDK.SOURCE_CODE\BFA_NEW\SRC\GAME\SERVER\RELEASE_EPISODIC\TE_ENERGYSPLASH.OBJ
C:\SOURCESDK.SOURCE_CODE\BFA_NEW\SRC\GAME\SERVER\RELEASE_EPISODIC\TE_EXPLOSION.OBJ
C:\SOURCESDK.SOURCE_CODE\BFA_NEW\SRC\GAME\SERVER\RELEASE_EPISODIC\TE_FIZZ.OBJ
C:\SOURCESDK.SOURCE_CODE\BFA_NEW\SRC\GAME\SERVER\RELEASE_EPISODIC\TE_FOOTPRINTDECAL.OBJ
C:\SOURCESDK.SOURCE_CODE\BFA_NEW\SRC\GAME\SERVER\RELEASE_EPISODIC\TE_GAUSSEXPLOSION.OBJ
C:\SOURCESDK.SOURCE_CODE\BFA_NEW\SRC\GAME\SERVER\RELEASE_EPISODIC\TE_GLASSSHATTER.OBJ
C:\SOURCESDK.SOURCE_CODE\BFA_NEW\SRC\GAME\SERVER\RELEASE_EPISODIC\TE_GLOWSPRITE.OBJ
C:\SOURCESDK.SOURCE_CODE\BFA_NEW\SRC\GAME\SERVER\RELEASE_EPISODIC\TE_IMPACT.OBJ
C:\SOURCESDK.SOURCE_CODE\BFA_NEW\SRC\GAME\SERVER\RELEASE_EPISODIC\TE_KILLPLAYERATTACHMENTS.OBJ
C:\SOURCESDK.SOURCE_CODE\BFA_NEW\SRC\GAME\SERVER\RELEASE_EPISODIC\TE_LARGEFUNNEL.OBJ
C:\SOURCESDK.SOURCE_CODE\BFA_NEW\SRC\GAME\SERVER\RELEASE_EPISODIC\TE_MUZZLEFLASH.OBJ
C:\SOURCESDK.SOURCE_CODE\BFA_NEW\SRC\GAME\SERVER\RELEASE_EPISODIC\TE_PARTICLESYSTEM.OBJ
C:\SOURCESDK.SOURCE_CODE\BFA_NEW\SRC\GAME\SERVER\RELEASE_EPISODIC\TE_PHYSICSPROP.OBJ
C:\SOURCESDK.SOURCE_CODE\BFA_NEW\SRC\GAME\SERVER\RELEASE_EPISODIC\TE_PLAYERDECAL.OBJ
C:\SOURCESDK.SOURCE_CODE\BFA_NEW\SRC\GAME\SERVER\RELEASE_EPISODIC\TE_PROJECTEDDECAL.OBJ
C:\SOURCESDK.SOURCE_CODE\BFA_NEW\SRC\GAME\SERVER\RELEASE_EPISODIC\TE_SHOWLINE.OBJ
C:\SOURCESDK.SOURCE_CODE\BFA_NEW\SRC\GAME\SERVER\RELEASE_EPISODIC\TE_SMOKE.OBJ
C:\SOURCESDK.SOURCE_CODE\BFA_NEW\SRC\GAME\SERVER\RELEASE_EPISODIC\TE_SPARKS.OBJ
C:\SOURCESDK.SOURCE_CODE\BFA_NEW\SRC\GAME\SERVER\RELEASE_EPISODIC\TE_SPRITE.OBJ
C:\SOURCESDK.SOURCE_CODE\BFA_NEW\SRC\GAME\SERVER\RELEASE_EPISODIC\TE_SPRITESPRAY.OBJ
C:\SOURCESDK.SOURCE_CODE\BFA_NEW\SRC\GAME\SERVER\RELEASE_EPISODIC\TE_WORLDDECAL.OBJ
C:\SOURCESDK.SOURCE_CODE\BFA_NEW\SRC\GAME\SERVER\RELEASE_EPISODIC\TEAM.OBJ
C:\SOURCESDK.SOURCE_CODE\BFA_NEW\SRC\GAME\SERVER\RELEASE_EPISODIC\TEAM_SPAWNPOINT.OBJ
C:\SOURCESDK.SOURCE_CODE\BFA_NEW\SRC\GAME\SERVER\RELEASE_EPISODIC\TEAMPLAY_GAMERULES.OBJ
C:\SOURCESDK.SOURCE_CODE\BFA_NEW\SRC\GAME\SERVER\RELEASE_EPISODIC\TEMPLATEENTITIES.OBJ
C:\SOURCESDK.SOURCE_CODE\BFA_NEW\SRC\GAME\SERVER\RELEASE_EPISODIC\TEMPMONSTER.OBJ
C:\SOURCESDK.SOURCE_CODE\BFA_NEW\SRC\GAME\SERVER\RELEASE_EPISODIC\TESLA.OBJ
C:\SOURCESDK.SOURCE_CODE\BFA_NEW\SRC\GAME\SERVER\RELEASE_EPISODIC\TEST_EHANDLE.OBJ
C:\SOURCESDK.SOURCE_CODE\BFA_NEW\SRC\GAME\SERVER\RELEASE_EPISODIC\TEST_PROXYTOGGLE.OBJ
C:\SOURCESDK.SOURCE_CODE\BFA_NEW\SRC\GAME\SERVER\RELEASE_EPISODIC\TEST_STRESSENTITIES.OBJ
C:\SOURCESDK.SOURCE_CODE\BFA_NEW\SRC\GAME\SERVER\RELEASE_EPISODIC\TESTFUNCTIONS.OBJ
C:\SOURCESDK.SOURCE_CODE\BFA_NEW\SRC\GAME\SERVER\RELEASE_EPISODIC\TESTTRACELINE.OBJ
C:\SOURCESDK.SOURCE_CODE\BFA_NEW\SRC\GAME\SERVER\RELEASE_EPISODIC\TEXTSTATSMGR.OBJ
C:\SOURCESDK.SOURCE_CODE\BFA_NEW\SRC\GAME\SERVER\RELEASE_EPISODIC\TIMEDEVENTMGR.OBJ
C:\SOURCESDK.SOURCE_CODE\BFA_NEW\SRC\GAME\SERVER\RELEASE_EPISODIC\TOOLFRAMEWORK_SERVER.OBJ
C:\SOURCESDK.SOURCE_CODE\BFA_NEW\SRC\GAME\SERVER\RELEASE_EPISODIC\TRAINS.OBJ
C:\SOURCESDK.SOURCE_CODE\BFA_NEW\SRC\GAME\SERVER\RELEASE_EPISODIC\TRIGGERS.OBJ
C:\SOURCESDK.SOURCE_CODE\BFA_NEW\SRC\GAME\SERVER\RELEASE_EPISODIC\USERCMD.OBJ
C:\SOURCESDK.SOURCE_CODE\BFA_NEW\SRC\GAME\SERVER\RELEASE_EPISODIC\USERMESSAGES.OBJ
C:\SOURCESDK.SOURCE_CODE\BFA_NEW\SRC\GAME\SERVER\RELEASE_EPISODIC\UTIL.OBJ
C:\SOURCESDK.SOURCE_CODE\BFA_NEW\SRC\GAME\SERVER\RELEASE_EPISODIC\UTIL_SHARED.OBJ
C:\SOURCESDK.SOURCE_CODE\BFA_NEW\SRC\GAME\SERVER\RELEASE_EPISODIC\VARIANT_T.OBJ
C:\SOURCESDK.SOURCE_CODE\BFA_NEW\SRC\GAME\SERVER\RELEASE_EPISODIC\VC100.PDB
C:\SOURCESDK.SOURCE_CODE\BFA_NEW\SRC\GAME\SERVER\RELEASE_EPISODIC\VEHICLE_AIRBOAT.OBJ
C:\SOURCESDK.SOURCE_CODE\BFA_NEW\SRC\GAME\SERVER\RELEASE_EPISODIC\VEHICLE_APC.OBJ
C:\SOURCESDK.SOURCE_CODE\BFA_NEW\SRC\GAME\SERVER\RELEASE_EPISODIC\VEHICLE_BASE.OBJ
C:\SOURCESDK.SOURCE_CODE\BFA_NEW\SRC\GAME\SERVER\RELEASE_EPISODIC\VEHICLE_BASESERVER.OBJ
C:\SOURCESDK.SOURCE_CODE\BFA_NEW\SRC\GAME\SERVER\RELEASE_EPISODIC\VEHICLE_CANNON.OBJ
C:\SOURCESDK.SOURCE_CODE\BFA_NEW\SRC\GAME\SERVER\RELEASE_EPISODIC\VEHICLE_CHOREO_GENERIC.OBJ
C:\SOURCESDK.SOURCE_CODE\BFA_NEW\SRC\GAME\SERVER\RELEASE_EPISODIC\VEHICLE_CRANE.OBJ
C:\SOURCESDK.SOURCE_CODE\BFA_NEW\SRC\GAME\SERVER\RELEASE_EPISODIC\VEHICLE_HL2BUGGY.OBJ
C:\SOURCESDK.SOURCE_CODE\BFA_NEW\SRC\GAME\SERVER\RELEASE_EPISODIC\VEHICLE_JEEP.OBJ
C:\SOURCESDK.SOURCE_CODE\BFA_NEW\SRC\GAME\SERVER\RELEASE_EPISODIC\VEHICLE_JEEP_EPISODIC.OBJ
C:\SOURCESDK.SOURCE_CODE\BFA_NEW\SRC\GAME\SERVER\RELEASE_EPISODIC\VEHICLE_PRISONER_POD.OBJ
C:\SOURCESDK.SOURCE_CODE\BFA_NEW\SRC\GAME\SERVER\RELEASE_EPISODIC\VEHICLE_VIEWBLEND_SHARED.OBJ
C:\SOURCESDK.SOURCE_CODE\BFA_NEW\SRC\GAME\SERVER\RELEASE_EPISODIC\VEHICLE_VIEWCONTROLLER.OBJ
C:\SOURCESDK.SOURCE_CODE\BFA_NEW\SRC\GAME\SERVER\RELEASE_EPISODIC\VGUISCREEN.OBJ
C:\SOURCESDK.SOURCE_CODE\BFA_NEW\SRC\GAME\SERVER\RELEASE_EPISODIC\VOICE_GAMEMGR.OBJ
C:\SOURCESDK.SOURCE_CODE\BFA_NEW\SRC\GAME\SERVER\RELEASE_EPISODIC\WATERBULLET.OBJ
C:\SOURCESDK.SOURCE_CODE\BFA_NEW\SRC\GAME\SERVER\RELEASE_EPISODIC\WATERLODCONTROL.OBJ
C:\SOURCESDK.SOURCE_CODE\BFA_NEW\SRC\GAME\SERVER\RELEASE_EPISODIC\WCEDIT.OBJ
C:\SOURCESDK.SOURCE_CODE\BFA_NEW\SRC\GAME\SERVER\RELEASE_EPISODIC\WEAPON_357.OBJ
C:\SOURCESDK.SOURCE_CODE\BFA_NEW\SRC\GAME\SERVER\RELEASE_EPISODIC\WEAPON_ALYXGUN.OBJ
C:\SOURCESDK.SOURCE_CODE\BFA_NEW\SRC\GAME\SERVER\RELEASE_EPISODIC\WEAPON_ANNABELLE.OBJ
C:\SOURCESDK.SOURCE_CODE\BFA_NEW\SRC\GAME\SERVER\RELEASE_EPISODIC\WEAPON_AR2.OBJ
C:\SOURCESDK.SOURCE_CODE\BFA_NEW\SRC\GAME\SERVER\RELEASE_EPISODIC\WEAPON_BUGBAIT.OBJ
C:\SOURCESDK.SOURCE_CODE\BFA_NEW\SRC\GAME\SERVER\RELEASE_EPISODIC\WEAPON_CGUARD.OBJ
C:\SOURCESDK.SOURCE_CODE\BFA_NEW\SRC\GAME\SERVER\RELEASE_EPISODIC\WEAPON_CITIZENPACKAGE.OBJ
C:\SOURCESDK.SOURCE_CODE\BFA_NEW\SRC\GAME\SERVER\RELEASE_EPISODIC\WEAPON_CROSSBOW.OBJ
C:\SOURCESDK.SOURCE_CODE\BFA_NEW\SRC\GAME\SERVER\RELEASE_EPISODIC\WEAPON_CROWBAR.OBJ
C:\SOURCESDK.SOURCE_CODE\BFA_NEW\SRC\GAME\SERVER\RELEASE_EPISODIC\WEAPON_CUBEMAP.OBJ
C:\SOURCESDK.SOURCE_CODE\BFA_NEW\SRC\GAME\SERVER\RELEASE_EPISODIC\WEAPON_FLAREGUN.OBJ
C:\SOURCESDK.SOURCE_CODE\BFA_NEW\SRC\GAME\SERVER\RELEASE_EPISODIC\WEAPON_FRAG.OBJ
C:\SOURCESDK.SOURCE_CODE\BFA_NEW\SRC\GAME\SERVER\RELEASE_EPISODIC\WEAPON_PARSE.OBJ
C:\SOURCESDK.SOURCE_CODE\BFA_NEW\SRC\GAME\SERVER\RELEASE_EPISODIC\WEAPON_PARSE_DEFAULT.OBJ
C:\SOURCESDK.SOURCE_CODE\BFA_NEW\SRC\GAME\SERVER\RELEASE_EPISODIC\WEAPON_PHYSCANNON.OBJ
C:\SOURCESDK.SOURCE_CODE\BFA_NEW\SRC\GAME\SERVER\RELEASE_EPISODIC\WEAPON_PISTOL.OBJ
C:\SOURCESDK.SOURCE_CODE\BFA_NEW\SRC\GAME\SERVER\RELEASE_EPISODIC\WEAPON_PROFICIENCY.OBJ
C:\SOURCESDK.SOURCE_CODE\BFA_NEW\SRC\GAME\SERVER\RELEASE_EPISODIC\WEAPON_RPG.OBJ
C:\SOURCESDK.SOURCE_CODE\BFA_NEW\SRC\GAME\SERVER\RELEASE_EPISODIC\WEAPON_SHOTGUN.OBJ
C:\SOURCESDK.SOURCE_CODE\BFA_NEW\SRC\GAME\SERVER\RELEASE_EPISODIC\WEAPON_SMG1.OBJ
C:\SOURCESDK.SOURCE_CODE\BFA_NEW\SRC\GAME\SERVER\RELEASE_EPISODIC\WEAPON_STRIDERBUSTER.OBJ
C:\SOURCESDK.SOURCE_CODE\BFA_NEW\SRC\GAME\SERVER\RELEASE_EPISODIC\WEAPON_STUNSTICK.OBJ
C:\SOURCESDK.SOURCE_CODE\BFA_NEW\SRC\GAME\SERVER\RELEASE_EPISODIC\WEIGHT_BUTTON.OBJ
C:\SOURCESDK.SOURCE_CODE\BFA_NEW\SRC\GAME\SERVER\RELEASE_EPISODIC\WORLD.OBJ
